[0.221s] DEBUG:colcon:Command line arguments: ['/usr/bin/colcon', 'build', '--symlink-install']
[0.221s] DEBUG:colcon:Parsed command line arguments: Namespace(log_base=None, log_level=None, verb_name='build', build_base='build', install_base='install', merge_install=False, symlink_install=True, test_result_base=None, continue_on_error=False, executor='parallel', parallel_workers=12, event_handlers=None, ignore_user_meta=False, metas=['./colcon.meta'], base_paths=['.'], packages_ignore=None, packages_ignore_regex=None, paths=None, packages_up_to=None, packages_up_to_regex=None, packages_above=None, packages_above_and_dependencies=None, packages_above_depth=None, packages_select_by_dep=None, packages_skip_by_dep=None, packages_skip_up_to=None, packages_select_build_failed=False, packages_skip_build_finished=False, packages_select_test_failures=False, packages_skip_test_passed=False, packages_select=None, packages_skip=None, packages_select_regex=None, packages_skip_regex=None, packages_start=None, packages_end=None, allow_overriding=[], cmake_args=None, cmake_target=None, cmake_target_skip_unavailable=False, cmake_clean_cache=False, cmake_clean_first=False, cmake_force_configure=False, ament_cmake_args=None, catkin_cmake_args=None, catkin_skip_building_tests=False, mixin_files=None, mixin=None, verb_parser=<colcon_mixin.mixin.mixin_argument.MixinArgumentDecorator object at 0x7d15013bd990>, verb_extension=<colcon_core.verb.build.BuildVerb object at 0x7d15013bd4e0>, main=<bound method BuildVerb.main of <colcon_core.verb.build.BuildVerb object at 0x7d15013bd4e0>>, mixin_verb=('build',))
[0.294s] Level 1:colcon.colcon_core.package_discovery:discover_packages(colcon_meta) check parameters
[0.294s] Level 1:colcon.colcon_core.package_discovery:discover_packages(recursive) check parameters
[0.294s] Level 1:colcon.colcon_core.package_discovery:discover_packages(ignore) check parameters
[0.294s] Level 1:colcon.colcon_core.package_discovery:discover_packages(path) check parameters
[0.294s] Level 1:colcon.colcon_core.package_discovery:discover_packages(colcon_meta) discover
[0.294s] Level 1:colcon.colcon_core.package_discovery:discover_packages(recursive) discover
[0.294s] INFO:colcon.colcon_core.package_discovery:Crawling recursively for packages in '/home/mathijs/turtle_bot'
[0.294s] Level 1:colcon.colcon_core.package_identification:_identify(.) by extensions ['ignore', 'ignore_ament_install']
[0.295s] Level 1:colcon.colcon_core.package_identification:_identify(.) by extension 'ignore'
[0.295s] Level 1:colcon.colcon_core.package_identification:_identify(.) by extension 'ignore_ament_install'
[0.295s] Level 1:colcon.colcon_core.package_identification:_identify(.) by extensions ['colcon_pkg']
[0.295s] Level 1:colcon.colcon_core.package_identification:_identify(.) by extension 'colcon_pkg'
[0.295s] Level 1:colcon.colcon_core.package_identification:_identify(.) by extensions ['colcon_meta']
[0.295s] Level 1:colcon.colcon_core.package_identification:_identify(.) by extension 'colcon_meta'
[0.295s] Level 1:colcon.colcon_core.package_identification:_identify(.) by extensions ['ros']
[0.295s] Level 1:colcon.colcon_core.package_identification:_identify(.) by extension 'ros'
[0.324s] Level 1:colcon.colcon_core.package_identification:_identify(.) by extensions ['cmake', 'python']
[0.324s] Level 1:colcon.colcon_core.package_identification:_identify(.) by extension 'cmake'
[0.324s] Level 1:colcon.colcon_core.package_identification:_identify(.) by extension 'python'
[0.324s] Level 1:colcon.colcon_core.package_identification:_identify(.) by extensions ['python_setup_py']
[0.324s] Level 1:colcon.colcon_core.package_identification:_identify(.) by extension 'python_setup_py'
[0.325s] Level 1:colcon.colcon_core.package_identification:_identify(build) by extensions ['ignore', 'ignore_ament_install']
[0.325s] Level 1:colcon.colcon_core.package_identification:_identify(build) by extension 'ignore'
[0.325s] Level 1:colcon.colcon_core.package_identification:_identify(build) ignored
[0.325s] Level 1:colcon.colcon_core.package_identification:_identify(data) by extensions ['ignore', 'ignore_ament_install']
[0.325s] Level 1:colcon.colcon_core.package_identification:_identify(data) by extension 'ignore'
[0.326s] Level 1:colcon.colcon_core.package_identification:_identify(data) by extension 'ignore_ament_install'
[0.326s] Level 1:colcon.colcon_core.package_identification:_identify(data) by extensions ['colcon_pkg']
[0.326s] Level 1:colcon.colcon_core.package_identification:_identify(data) by extension 'colcon_pkg'
[0.326s] Level 1:colcon.colcon_core.package_identification:_identify(data) by extensions ['colcon_meta']
[0.326s] Level 1:colcon.colcon_core.package_identification:_identify(data) by extension 'colcon_meta'
[0.326s] Level 1:colcon.colcon_core.package_identification:_identify(data) by extensions ['ros']
[0.326s] Level 1:colcon.colcon_core.package_identification:_identify(data) by extension 'ros'
[0.326s] Level 1:colcon.colcon_core.package_identification:_identify(data) by extensions ['cmake', 'python']
[0.326s] Level 1:colcon.colcon_core.package_identification:_identify(data) by extension 'cmake'
[0.326s] Level 1:colcon.colcon_core.package_identification:_identify(data) by extension 'python'
[0.326s] Level 1:colcon.colcon_core.package_identification:_identify(data) by extensions ['python_setup_py']
[0.326s] Level 1:colcon.colcon_core.package_identification:_identify(data) by extension 'python_setup_py'
[0.327s] Level 1:colcon.colcon_core.package_identification:_identify(data/line1magnet_odometry) by extensions ['ignore', 'ignore_ament_install']
[0.327s] Level 1:colcon.colcon_core.package_identification:_identify(data/line1magnet_odometry) by extension 'ignore'
[0.327s] Level 1:colcon.colcon_core.package_identification:_identify(data/line1magnet_odometry) by extension 'ignore_ament_install'
[0.327s] Level 1:colcon.colcon_core.package_identification:_identify(data/line1magnet_odometry) by extensions ['colcon_pkg']
[0.327s] Level 1:colcon.colcon_core.package_identification:_identify(data/line1magnet_odometry) by extension 'colcon_pkg'
[0.327s] Level 1:colcon.colcon_core.package_identification:_identify(data/line1magnet_odometry) by extensions ['colcon_meta']
[0.327s] Level 1:colcon.colcon_core.package_identification:_identify(data/line1magnet_odometry) by extension 'colcon_meta'
[0.327s] Level 1:colcon.colcon_core.package_identification:_identify(data/line1magnet_odometry) by extensions ['ros']
[0.327s] Level 1:colcon.colcon_core.package_identification:_identify(data/line1magnet_odometry) by extension 'ros'
[0.327s] Level 1:colcon.colcon_core.package_identification:_identify(data/line1magnet_odometry) by extensions ['cmake', 'python']
[0.327s] Level 1:colcon.colcon_core.package_identification:_identify(data/line1magnet_odometry) by extension 'cmake'
[0.327s] Level 1:colcon.colcon_core.package_identification:_identify(data/line1magnet_odometry) by extension 'python'
[0.327s] Level 1:colcon.colcon_core.package_identification:_identify(data/line1magnet_odometry) by extensions ['python_setup_py']
[0.328s] Level 1:colcon.colcon_core.package_identification:_identify(data/line1magnet_odometry) by extension 'python_setup_py'
[0.328s] Level 1:colcon.colcon_core.package_identification:_identify(data_replay) by extensions ['ignore', 'ignore_ament_install']
[0.328s] Level 1:colcon.colcon_core.package_identification:_identify(data_replay) by extension 'ignore'
[0.328s] Level 1:colcon.colcon_core.package_identification:_identify(data_replay) by extension 'ignore_ament_install'
[0.328s] Level 1:colcon.colcon_core.package_identification:_identify(data_replay) by extensions ['colcon_pkg']
[0.328s] Level 1:colcon.colcon_core.package_identification:_identify(data_replay) by extension 'colcon_pkg'
[0.328s] Level 1:colcon.colcon_core.package_identification:_identify(data_replay) by extensions ['colcon_meta']
[0.328s] Level 1:colcon.colcon_core.package_identification:_identify(data_replay) by extension 'colcon_meta'
[0.328s] Level 1:colcon.colcon_core.package_identification:_identify(data_replay) by extensions ['ros']
[0.328s] Level 1:colcon.colcon_core.package_identification:_identify(data_replay) by extension 'ros'
[0.333s] DEBUG:colcon.colcon_core.package_identification:Package 'data_replay' with type 'ros.ament_cmake' and name 'data_replay'
[0.333s] Level 1:colcon.colcon_core.package_identification:_identify(ekf_localization) by extensions ['ignore', 'ignore_ament_install']
[0.333s] Level 1:colcon.colcon_core.package_identification:_identify(ekf_localization) by extension 'ignore'
[0.334s] Level 1:colcon.colcon_core.package_identification:_identify(ekf_localization) by extension 'ignore_ament_install'
[0.334s] Level 1:colcon.colcon_core.package_identification:_identify(ekf_localization) by extensions ['colcon_pkg']
[0.334s] Level 1:colcon.colcon_core.package_identification:_identify(ekf_localization) by extension 'colcon_pkg'
[0.334s] Level 1:colcon.colcon_core.package_identification:_identify(ekf_localization) by extensions ['colcon_meta']
[0.334s] Level 1:colcon.colcon_core.package_identification:_identify(ekf_localization) by extension 'colcon_meta'
[0.334s] Level 1:colcon.colcon_core.package_identification:_identify(ekf_localization) by extensions ['ros']
[0.334s] Level 1:colcon.colcon_core.package_identification:_identify(ekf_localization) by extension 'ros'
[0.336s] DEBUG:colcon.colcon_core.package_identification:Package 'ekf_localization' with type 'ros.ament_cmake' and name 'ekf_localization'
[0.337s] Level 1:colcon.colcon_core.package_identification:_identify(install) by extensions ['ignore', 'ignore_ament_install']
[0.337s] Level 1:colcon.colcon_core.package_identification:_identify(install) by extension 'ignore'
[0.337s] Level 1:colcon.colcon_core.package_identification:_identify(install) ignored
[0.337s] Level 1:colcon.colcon_core.package_identification:_identify(log) by extensions ['ignore', 'ignore_ament_install']
[0.337s] Level 1:colcon.colcon_core.package_identification:_identify(log) by extension 'ignore'
[0.337s] Level 1:colcon.colcon_core.package_identification:_identify(log) ignored
[0.337s] Level 1:colcon.colcon_core.package_identification:_identify(measurement_node) by extensions ['ignore', 'ignore_ament_install']
[0.338s] Level 1:colcon.colcon_core.package_identification:_identify(measurement_node) by extension 'ignore'
[0.338s] Level 1:colcon.colcon_core.package_identification:_identify(measurement_node) by extension 'ignore_ament_install'
[0.338s] Level 1:colcon.colcon_core.package_identification:_identify(measurement_node) by extensions ['colcon_pkg']
[0.338s] Level 1:colcon.colcon_core.package_identification:_identify(measurement_node) by extension 'colcon_pkg'
[0.338s] Level 1:colcon.colcon_core.package_identification:_identify(measurement_node) by extensions ['colcon_meta']
[0.338s] Level 1:colcon.colcon_core.package_identification:_identify(measurement_node) by extension 'colcon_meta'
[0.338s] Level 1:colcon.colcon_core.package_identification:_identify(measurement_node) by extensions ['ros']
[0.338s] Level 1:colcon.colcon_core.package_identification:_identify(measurement_node) by extension 'ros'
[0.339s] DEBUG:colcon.colcon_core.package_identification:Package 'measurement_node' with type 'ros.ament_cmake' and name 'measurement_node'
[0.339s] Level 1:colcon.colcon_core.package_identification:_identify(pose_recording_20251114_103859) by extensions ['ignore', 'ignore_ament_install']
[0.340s] Level 1:colcon.colcon_core.package_identification:_identify(pose_recording_20251114_103859) by extension 'ignore'
[0.340s] Level 1:colcon.colcon_core.package_identification:_identify(pose_recording_20251114_103859) by extension 'ignore_ament_install'
[0.340s] Level 1:colcon.colcon_core.package_identification:_identify(pose_recording_20251114_103859) by extensions ['colcon_pkg']
[0.340s] Level 1:colcon.colcon_core.package_identification:_identify(pose_recording_20251114_103859) by extension 'colcon_pkg'
[0.340s] Level 1:colcon.colcon_core.package_identification:_identify(pose_recording_20251114_103859) by extensions ['colcon_meta']
[0.340s] Level 1:colcon.colcon_core.package_identification:_identify(pose_recording_20251114_103859) by extension 'colcon_meta'
[0.340s] Level 1:colcon.colcon_core.package_identification:_identify(pose_recording_20251114_103859) by extensions ['ros']
[0.340s] Level 1:colcon.colcon_core.package_identification:_identify(pose_recording_20251114_103859) by extension 'ros'
[0.340s] Level 1:colcon.colcon_core.package_identification:_identify(pose_recording_20251114_103859) by extensions ['cmake', 'python']
[0.340s] Level 1:colcon.colcon_core.package_identification:_identify(pose_recording_20251114_103859) by extension 'cmake'
[0.340s] Level 1:colcon.colcon_core.package_identification:_identify(pose_recording_20251114_103859) by extension 'python'
[0.340s] Level 1:colcon.colcon_core.package_identification:_identify(pose_recording_20251114_103859) by extensions ['python_setup_py']
[0.340s] Level 1:colcon.colcon_core.package_identification:_identify(pose_recording_20251114_103859) by extension 'python_setup_py'
[0.341s] Level 1:colcon.colcon_core.package_identification:_identify(pose_recording_20251114_111715) by extensions ['ignore', 'ignore_ament_install']
[0.341s] Level 1:colcon.colcon_core.package_identification:_identify(pose_recording_20251114_111715) by extension 'ignore'
[0.341s] Level 1:colcon.colcon_core.package_identification:_identify(pose_recording_20251114_111715) by extension 'ignore_ament_install'
[0.341s] Level 1:colcon.colcon_core.package_identification:_identify(pose_recording_20251114_111715) by extensions ['colcon_pkg']
[0.341s] Level 1:colcon.colcon_core.package_identification:_identify(pose_recording_20251114_111715) by extension 'colcon_pkg'
[0.341s] Level 1:colcon.colcon_core.package_identification:_identify(pose_recording_20251114_111715) by extensions ['colcon_meta']
[0.341s] Level 1:colcon.colcon_core.package_identification:_identify(pose_recording_20251114_111715) by extension 'colcon_meta'
[0.341s] Level 1:colcon.colcon_core.package_identification:_identify(pose_recording_20251114_111715) by extensions ['ros']
[0.341s] Level 1:colcon.colcon_core.package_identification:_identify(pose_recording_20251114_111715) by extension 'ros'
[0.341s] Level 1:colcon.colcon_core.package_identification:_identify(pose_recording_20251114_111715) by extensions ['cmake', 'python']
[0.341s] Level 1:colcon.colcon_core.package_identification:_identify(pose_recording_20251114_111715) by extension 'cmake'
[0.341s] Level 1:colcon.colcon_core.package_identification:_identify(pose_recording_20251114_111715) by extension 'python'
[0.342s] Level 1:colcon.colcon_core.package_identification:_identify(pose_recording_20251114_111715) by extensions ['python_setup_py']
[0.342s] Level 1:colcon.colcon_core.package_identification:_identify(pose_recording_20251114_111715) by extension 'python_setup_py'
[0.342s] Level 1:colcon.colcon_core.package_identification:_identify(pose_recording_20251114_111952) by extensions ['ignore', 'ignore_ament_install']
[0.342s] Level 1:colcon.colcon_core.package_identification:_identify(pose_recording_20251114_111952) by extension 'ignore'
[0.342s] Level 1:colcon.colcon_core.package_identification:_identify(pose_recording_20251114_111952) by extension 'ignore_ament_install'
[0.342s] Level 1:colcon.colcon_core.package_identification:_identify(pose_recording_20251114_111952) by extensions ['colcon_pkg']
[0.342s] Level 1:colcon.colcon_core.package_identification:_identify(pose_recording_20251114_111952) by extension 'colcon_pkg'
[0.342s] Level 1:colcon.colcon_core.package_identification:_identify(pose_recording_20251114_111952) by extensions ['colcon_meta']
[0.342s] Level 1:colcon.colcon_core.package_identification:_identify(pose_recording_20251114_111952) by extension 'colcon_meta'
[0.342s] Level 1:colcon.colcon_core.package_identification:_identify(pose_recording_20251114_111952) by extensions ['ros']
[0.342s] Level 1:colcon.colcon_core.package_identification:_identify(pose_recording_20251114_111952) by extension 'ros'
[0.342s] Level 1:colcon.colcon_core.package_identification:_identify(pose_recording_20251114_111952) by extensions ['cmake', 'python']
[0.343s] Level 1:colcon.colcon_core.package_identification:_identify(pose_recording_20251114_111952) by extension 'cmake'
[0.343s] Level 1:colcon.colcon_core.package_identification:_identify(pose_recording_20251114_111952) by extension 'python'
[0.343s] Level 1:colcon.colcon_core.package_identification:_identify(pose_recording_20251114_111952) by extensions ['python_setup_py']
[0.343s] Level 1:colcon.colcon_core.package_identification:_identify(pose_recording_20251114_111952) by extension 'python_setup_py'
[0.343s] Level 1:colcon.colcon_core.package_identification:_identify(pose_recording_20251114_112043) by extensions ['ignore', 'ignore_ament_install']
[0.343s] Level 1:colcon.colcon_core.package_identification:_identify(pose_recording_20251114_112043) by extension 'ignore'
[0.343s] Level 1:colcon.colcon_core.package_identification:_identify(pose_recording_20251114_112043) by extension 'ignore_ament_install'
[0.343s] Level 1:colcon.colcon_core.package_identification:_identify(pose_recording_20251114_112043) by extensions ['colcon_pkg']
[0.343s] Level 1:colcon.colcon_core.package_identification:_identify(pose_recording_20251114_112043) by extension 'colcon_pkg'
[0.343s] Level 1:colcon.colcon_core.package_identification:_identify(pose_recording_20251114_112043) by extensions ['colcon_meta']
[0.343s] Level 1:colcon.colcon_core.package_identification:_identify(pose_recording_20251114_112043) by extension 'colcon_meta'
[0.343s] Level 1:colcon.colcon_core.package_identification:_identify(pose_recording_20251114_112043) by extensions ['ros']
[0.344s] Level 1:colcon.colcon_core.package_identification:_identify(pose_recording_20251114_112043) by extension 'ros'
[0.344s] Level 1:colcon.colcon_core.package_identification:_identify(pose_recording_20251114_112043) by extensions ['cmake', 'python']
[0.344s] Level 1:colcon.colcon_core.package_identification:_identify(pose_recording_20251114_112043) by extension 'cmake'
[0.344s] Level 1:colcon.colcon_core.package_identification:_identify(pose_recording_20251114_112043) by extension 'python'
[0.344s] Level 1:colcon.colcon_core.package_identification:_identify(pose_recording_20251114_112043) by extensions ['python_setup_py']
[0.344s] Level 1:colcon.colcon_core.package_identification:_identify(pose_recording_20251114_112043) by extension 'python_setup_py'
[0.344s] Level 1:colcon.colcon_core.package_identification:_identify(pose_recording_20251114_112832) by extensions ['ignore', 'ignore_ament_install']
[0.344s] Level 1:colcon.colcon_core.package_identification:_identify(pose_recording_20251114_112832) by extension 'ignore'
[0.344s] Level 1:colcon.colcon_core.package_identification:_identify(pose_recording_20251114_112832) by extension 'ignore_ament_install'
[0.344s] Level 1:colcon.colcon_core.package_identification:_identify(pose_recording_20251114_112832) by extensions ['colcon_pkg']
[0.344s] Level 1:colcon.colcon_core.package_identification:_identify(pose_recording_20251114_112832) by extension 'colcon_pkg'
[0.344s] Level 1:colcon.colcon_core.package_identification:_identify(pose_recording_20251114_112832) by extensions ['colcon_meta']
[0.345s] Level 1:colcon.colcon_core.package_identification:_identify(pose_recording_20251114_112832) by extension 'colcon_meta'
[0.345s] Level 1:colcon.colcon_core.package_identification:_identify(pose_recording_20251114_112832) by extensions ['ros']
[0.345s] Level 1:colcon.colcon_core.package_identification:_identify(pose_recording_20251114_112832) by extension 'ros'
[0.345s] Level 1:colcon.colcon_core.package_identification:_identify(pose_recording_20251114_112832) by extensions ['cmake', 'python']
[0.345s] Level 1:colcon.colcon_core.package_identification:_identify(pose_recording_20251114_112832) by extension 'cmake'
[0.345s] Level 1:colcon.colcon_core.package_identification:_identify(pose_recording_20251114_112832) by extension 'python'
[0.345s] Level 1:colcon.colcon_core.package_identification:_identify(pose_recording_20251114_112832) by extensions ['python_setup_py']
[0.345s] Level 1:colcon.colcon_core.package_identification:_identify(pose_recording_20251114_112832) by extension 'python_setup_py'
[0.345s] Level 1:colcon.colcon_core.package_identification:_identify(pose_recording_20251114_115600) by extensions ['ignore', 'ignore_ament_install']
[0.345s] Level 1:colcon.colcon_core.package_identification:_identify(pose_recording_20251114_115600) by extension 'ignore'
[0.345s] Level 1:colcon.colcon_core.package_identification:_identify(pose_recording_20251114_115600) by extension 'ignore_ament_install'
[0.345s] Level 1:colcon.colcon_core.package_identification:_identify(pose_recording_20251114_115600) by extensions ['colcon_pkg']
[0.346s] Level 1:colcon.colcon_core.package_identification:_identify(pose_recording_20251114_115600) by extension 'colcon_pkg'
[0.346s] Level 1:colcon.colcon_core.package_identification:_identify(pose_recording_20251114_115600) by extensions ['colcon_meta']
[0.346s] Level 1:colcon.colcon_core.package_identification:_identify(pose_recording_20251114_115600) by extension 'colcon_meta'
[0.346s] Level 1:colcon.colcon_core.package_identification:_identify(pose_recording_20251114_115600) by extensions ['ros']
[0.346s] Level 1:colcon.colcon_core.package_identification:_identify(pose_recording_20251114_115600) by extension 'ros'
[0.346s] Level 1:colcon.colcon_core.package_identification:_identify(pose_recording_20251114_115600) by extensions ['cmake', 'python']
[0.346s] Level 1:colcon.colcon_core.package_identification:_identify(pose_recording_20251114_115600) by extension 'cmake'
[0.346s] Level 1:colcon.colcon_core.package_identification:_identify(pose_recording_20251114_115600) by extension 'python'
[0.346s] Level 1:colcon.colcon_core.package_identification:_identify(pose_recording_20251114_115600) by extensions ['python_setup_py']
[0.346s] Level 1:colcon.colcon_core.package_identification:_identify(pose_recording_20251114_115600) by extension 'python_setup_py'
[0.348s] Level 1:colcon.colcon_core.package_identification:_identify(pose_recording_20251117_082402) by extensions ['ignore', 'ignore_ament_install']
[0.348s] Level 1:colcon.colcon_core.package_identification:_identify(pose_recording_20251117_082402) by extension 'ignore'
[0.348s] Level 1:colcon.colcon_core.package_identification:_identify(pose_recording_20251117_082402) by extension 'ignore_ament_install'
[0.348s] Level 1:colcon.colcon_core.package_identification:_identify(pose_recording_20251117_082402) by extensions ['colcon_pkg']
[0.348s] Level 1:colcon.colcon_core.package_identification:_identify(pose_recording_20251117_082402) by extension 'colcon_pkg'
[0.348s] Level 1:colcon.colcon_core.package_identification:_identify(pose_recording_20251117_082402) by extensions ['colcon_meta']
[0.348s] Level 1:colcon.colcon_core.package_identification:_identify(pose_recording_20251117_082402) by extension 'colcon_meta'
[0.348s] Level 1:colcon.colcon_core.package_identification:_identify(pose_recording_20251117_082402) by extensions ['ros']
[0.349s] Level 1:colcon.colcon_core.package_identification:_identify(pose_recording_20251117_082402) by extension 'ros'
[0.349s] Level 1:colcon.colcon_core.package_identification:_identify(pose_recording_20251117_082402) by extensions ['cmake', 'python']
[0.349s] Level 1:colcon.colcon_core.package_identification:_identify(pose_recording_20251117_082402) by extension 'cmake'
[0.349s] Level 1:colcon.colcon_core.package_identification:_identify(pose_recording_20251117_082402) by extension 'python'
[0.349s] Level 1:colcon.colcon_core.package_identification:_identify(pose_recording_20251117_082402) by extensions ['python_setup_py']
[0.349s] Level 1:colcon.colcon_core.package_identification:_identify(pose_recording_20251117_082402) by extension 'python_setup_py'
[0.349s] Level 1:colcon.colcon_core.package_identification:_identify(sensor_simulation) by extensions ['ignore', 'ignore_ament_install']
[0.349s] Level 1:colcon.colcon_core.package_identification:_identify(sensor_simulation) by extension 'ignore'
[0.349s] Level 1:colcon.colcon_core.package_identification:_identify(sensor_simulation) by extension 'ignore_ament_install'
[0.349s] Level 1:colcon.colcon_core.package_identification:_identify(sensor_simulation) by extensions ['colcon_pkg']
[0.349s] Level 1:colcon.colcon_core.package_identification:_identify(sensor_simulation) by extension 'colcon_pkg'
[0.350s] Level 1:colcon.colcon_core.package_identification:_identify(sensor_simulation) by extensions ['colcon_meta']
[0.350s] Level 1:colcon.colcon_core.package_identification:_identify(sensor_simulation) by extension 'colcon_meta'
[0.350s] Level 1:colcon.colcon_core.package_identification:_identify(sensor_simulation) by extensions ['ros']
[0.350s] Level 1:colcon.colcon_core.package_identification:_identify(sensor_simulation) by extension 'ros'
[0.350s] Level 1:colcon.colcon_core.package_identification:_identify(sensor_simulation) by extensions ['cmake', 'python']
[0.350s] Level 1:colcon.colcon_core.package_identification:_identify(sensor_simulation) by extension 'cmake'
[0.350s] Level 1:colcon.colcon_core.package_identification:_identify(sensor_simulation) by extension 'python'
[0.350s] Level 1:colcon.colcon_core.package_identification:_identify(sensor_simulation) by extensions ['python_setup_py']
[0.350s] Level 1:colcon.colcon_core.package_identification:_identify(sensor_simulation) by extension 'python_setup_py'
[0.350s] Level 1:colcon.colcon_core.package_identification:_identify(sensor_simulation/sensor_simulation) by extensions ['ignore', 'ignore_ament_install']
[0.350s] Level 1:colcon.colcon_core.package_identification:_identify(sensor_simulation/sensor_simulation) by extension 'ignore'
[0.350s] Level 1:colcon.colcon_core.package_identification:_identify(sensor_simulation/sensor_simulation) by extension 'ignore_ament_install'
[0.351s] Level 1:colcon.colcon_core.package_identification:_identify(sensor_simulation/sensor_simulation) by extensions ['colcon_pkg']
[0.351s] Level 1:colcon.colcon_core.package_identification:_identify(sensor_simulation/sensor_simulation) by extension 'colcon_pkg'
[0.351s] Level 1:colcon.colcon_core.package_identification:_identify(sensor_simulation/sensor_simulation) by extensions ['colcon_meta']
[0.351s] Level 1:colcon.colcon_core.package_identification:_identify(sensor_simulation/sensor_simulation) by extension 'colcon_meta'
[0.351s] Level 1:colcon.colcon_core.package_identification:_identify(sensor_simulation/sensor_simulation) by extensions ['ros']
[0.351s] Level 1:colcon.colcon_core.package_identification:_identify(sensor_simulation/sensor_simulation) by extension 'ros'
[0.354s] DEBUG:colcon.colcon_core.package_identification:Package 'sensor_simulation/sensor_simulation' with type 'ros.ament_cmake' and name 'sensor_simulation'
[0.354s] Level 1:colcon.colcon_core.package_identification:_identify(src) by extensions ['ignore', 'ignore_ament_install']
[0.355s] Level 1:colcon.colcon_core.package_identification:_identify(src) by extension 'ignore'
[0.355s] Level 1:colcon.colcon_core.package_identification:_identify(src) by extension 'ignore_ament_install'
[0.355s] Level 1:colcon.colcon_core.package_identification:_identify(src) by extensions ['colcon_pkg']
[0.355s] Level 1:colcon.colcon_core.package_identification:_identify(src) by extension 'colcon_pkg'
[0.355s] Level 1:colcon.colcon_core.package_identification:_identify(src) by extensions ['colcon_meta']
[0.355s] Level 1:colcon.colcon_core.package_identification:_identify(src) by extension 'colcon_meta'
[0.355s] Level 1:colcon.colcon_core.package_identification:_identify(src) by extensions ['ros']
[0.355s] Level 1:colcon.colcon_core.package_identification:_identify(src) by extension 'ros'
[0.355s] Level 1:colcon.colcon_core.package_identification:_identify(src) by extensions ['cmake', 'python']
[0.355s] Level 1:colcon.colcon_core.package_identification:_identify(src) by extension 'cmake'
[0.355s] Level 1:colcon.colcon_core.package_identification:_identify(src) by extension 'python'
[0.355s] Level 1:colcon.colcon_core.package_identification:_identify(src) by extensions ['python_setup_py']
[0.356s] Level 1:colcon.colcon_core.package_identification:_identify(src) by extension 'python_setup_py'
[0.356s] Level 1:colcon.colcon_core.package_identification:_identify(src/test_visu) by extensions ['ignore', 'ignore_ament_install']
[0.356s] Level 1:colcon.colcon_core.package_identification:_identify(src/test_visu) by extension 'ignore'
[0.356s] Level 1:colcon.colcon_core.package_identification:_identify(src/test_visu) by extension 'ignore_ament_install'
[0.356s] Level 1:colcon.colcon_core.package_identification:_identify(src/test_visu) by extensions ['colcon_pkg']
[0.356s] Level 1:colcon.colcon_core.package_identification:_identify(src/test_visu) by extension 'colcon_pkg'
[0.356s] Level 1:colcon.colcon_core.package_identification:_identify(src/test_visu) by extensions ['colcon_meta']
[0.356s] Level 1:colcon.colcon_core.package_identification:_identify(src/test_visu) by extension 'colcon_meta'
[0.356s] Level 1:colcon.colcon_core.package_identification:_identify(src/test_visu) by extensions ['ros']
[0.356s] Level 1:colcon.colcon_core.package_identification:_identify(src/test_visu) by extension 'ros'
[0.358s] DEBUG:colcon.colcon_core.package_identification:Package 'src/test_visu' with type 'ros.ament_python' and name 'test_visu'
[0.358s] Level 1:colcon.colcon_core.package_discovery:discover_packages(recursive) using defaults
[0.358s] Level 1:colcon.colcon_core.package_discovery:discover_packages(ignore) discover
[0.358s] Level 1:colcon.colcon_core.package_discovery:discover_packages(ignore) using defaults
[0.358s] Level 1:colcon.colcon_core.package_discovery:discover_packages(path) discover
[0.358s] Level 1:colcon.colcon_core.package_discovery:discover_packages(path) using defaults
[0.398s] Level 1:colcon.colcon_core.package_discovery:discover_packages(prefix_path) check parameters
[0.398s] Level 1:colcon.colcon_core.package_discovery:discover_packages(prefix_path) discover
[0.408s] DEBUG:colcon.colcon_installed_package_information.package_discovery:Found 448 installed packages in /opt/ros/humble
[0.412s] Level 1:colcon.colcon_core.package_discovery:discover_packages(prefix_path) using defaults
[0.531s] Level 5:colcon.colcon_core.verb:set package 'data_replay' build argument 'cmake_args' from command line to 'None'
[0.531s] Level 5:colcon.colcon_core.verb:set package 'data_replay' build argument 'cmake_target' from command line to 'None'
[0.531s] Level 5:colcon.colcon_core.verb:set package 'data_replay' build argument 'cmake_target_skip_unavailable' from command line to 'False'
[0.531s] Level 5:colcon.colcon_core.verb:set package 'data_replay' build argument 'cmake_clean_cache' from command line to 'False'
[0.531s] Level 5:colcon.colcon_core.verb:set package 'data_replay' build argument 'cmake_clean_first' from command line to 'False'
[0.531s] Level 5:colcon.colcon_core.verb:set package 'data_replay' build argument 'cmake_force_configure' from command line to 'False'
[0.531s] Level 5:colcon.colcon_core.verb:set package 'data_replay' build argument 'ament_cmake_args' from command line to 'None'
[0.531s] Level 5:colcon.colcon_core.verb:set package 'data_replay' build argument 'catkin_cmake_args' from command line to 'None'
[0.531s] Level 5:colcon.colcon_core.verb:set package 'data_replay' build argument 'catkin_skip_building_tests' from command line to 'False'
[0.532s] DEBUG:colcon.colcon_core.verb:Building package 'data_replay' with the following arguments: {'ament_cmake_args': None, 'build_base': '/home/mathijs/turtle_bot/build/data_replay', 'catkin_cmake_args': None, 'catkin_skip_building_tests': False, 'cmake_args': None, 'cmake_clean_cache': False, 'cmake_clean_first': False, 'cmake_force_configure': False, 'cmake_target': None, 'cmake_target_skip_unavailable': False, 'install_base': '/home/mathijs/turtle_bot/install/data_replay', 'merge_install': False, 'path': '/home/mathijs/turtle_bot/data_replay', 'symlink_install': True, 'test_result_base': None}
[0.532s] Level 5:colcon.colcon_core.verb:set package 'ekf_localization' build argument 'cmake_args' from command line to 'None'
[0.532s] Level 5:colcon.colcon_core.verb:set package 'ekf_localization' build argument 'cmake_target' from command line to 'None'
[0.532s] Level 5:colcon.colcon_core.verb:set package 'ekf_localization' build argument 'cmake_target_skip_unavailable' from command line to 'False'
[0.532s] Level 5:colcon.colcon_core.verb:set package 'ekf_localization' build argument 'cmake_clean_cache' from command line to 'False'
[0.533s] Level 5:colcon.colcon_core.verb:set package 'ekf_localization' build argument 'cmake_clean_first' from command line to 'False'
[0.533s] Level 5:colcon.colcon_core.verb:set package 'ekf_localization' build argument 'cmake_force_configure' from command line to 'False'
[0.533s] Level 5:colcon.colcon_core.verb:set package 'ekf_localization' build argument 'ament_cmake_args' from command line to 'None'
[0.533s] Level 5:colcon.colcon_core.verb:set package 'ekf_localization' build argument 'catkin_cmake_args' from command line to 'None'
[0.533s] Level 5:colcon.colcon_core.verb:set package 'ekf_localization' build argument 'catkin_skip_building_tests' from command line to 'False'
[0.533s] DEBUG:colcon.colcon_core.verb:Building package 'ekf_localization' with the following arguments: {'ament_cmake_args': None, 'build_base': '/home/mathijs/turtle_bot/build/ekf_localization', 'catkin_cmake_args': None, 'catkin_skip_building_tests': False, 'cmake_args': None, 'cmake_clean_cache': False, 'cmake_clean_first': False, 'cmake_force_configure': False, 'cmake_target': None, 'cmake_target_skip_unavailable': False, 'install_base': '/home/mathijs/turtle_bot/install/ekf_localization', 'merge_install': False, 'path': '/home/mathijs/turtle_bot/ekf_localization', 'symlink_install': True, 'test_result_base': None}
[0.533s] Level 5:colcon.colcon_core.verb:set package 'measurement_node' build argument 'cmake_args' from command line to 'None'
[0.533s] Level 5:colcon.colcon_core.verb:set package 'measurement_node' build argument 'cmake_target' from command line to 'None'
[0.533s] Level 5:colcon.colcon_core.verb:set package 'measurement_node' build argument 'cmake_target_skip_unavailable' from command line to 'False'
[0.533s] Level 5:colcon.colcon_core.verb:set package 'measurement_node' build argument 'cmake_clean_cache' from command line to 'False'
[0.534s] Level 5:colcon.colcon_core.verb:set package 'measurement_node' build argument 'cmake_clean_first' from command line to 'False'
[0.534s] Level 5:colcon.colcon_core.verb:set package 'measurement_node' build argument 'cmake_force_configure' from command line to 'False'
[0.534s] Level 5:colcon.colcon_core.verb:set package 'measurement_node' build argument 'ament_cmake_args' from command line to 'None'
[0.534s] Level 5:colcon.colcon_core.verb:set package 'measurement_node' build argument 'catkin_cmake_args' from command line to 'None'
[0.534s] Level 5:colcon.colcon_core.verb:set package 'measurement_node' build argument 'catkin_skip_building_tests' from command line to 'False'
[0.534s] DEBUG:colcon.colcon_core.verb:Building package 'measurement_node' with the following arguments: {'ament_cmake_args': None, 'build_base': '/home/mathijs/turtle_bot/build/measurement_node', 'catkin_cmake_args': None, 'catkin_skip_building_tests': False, 'cmake_args': None, 'cmake_clean_cache': False, 'cmake_clean_first': False, 'cmake_force_configure': False, 'cmake_target': None, 'cmake_target_skip_unavailable': False, 'install_base': '/home/mathijs/turtle_bot/install/measurement_node', 'merge_install': False, 'path': '/home/mathijs/turtle_bot/measurement_node', 'symlink_install': True, 'test_result_base': None}
[0.534s] Level 5:colcon.colcon_core.verb:set package 'sensor_simulation' build argument 'cmake_args' from command line to 'None'
[0.534s] Level 5:colcon.colcon_core.verb:set package 'sensor_simulation' build argument 'cmake_target' from command line to 'None'
[0.534s] Level 5:colcon.colcon_core.verb:set package 'sensor_simulation' build argument 'cmake_target_skip_unavailable' from command line to 'False'
[0.534s] Level 5:colcon.colcon_core.verb:set package 'sensor_simulation' build argument 'cmake_clean_cache' from command line to 'False'
[0.535s] Level 5:colcon.colcon_core.verb:set package 'sensor_simulation' build argument 'cmake_clean_first' from command line to 'False'
[0.535s] Level 5:colcon.colcon_core.verb:set package 'sensor_simulation' build argument 'cmake_force_configure' from command line to 'False'
[0.535s] Level 5:colcon.colcon_core.verb:set package 'sensor_simulation' build argument 'ament_cmake_args' from command line to 'None'
[0.535s] Level 5:colcon.colcon_core.verb:set package 'sensor_simulation' build argument 'catkin_cmake_args' from command line to 'None'
[0.535s] Level 5:colcon.colcon_core.verb:set package 'sensor_simulation' build argument 'catkin_skip_building_tests' from command line to 'False'
[0.535s] DEBUG:colcon.colcon_core.verb:Building package 'sensor_simulation' with the following arguments: {'ament_cmake_args': None, 'build_base': '/home/mathijs/turtle_bot/build/sensor_simulation', 'catkin_cmake_args': None, 'catkin_skip_building_tests': False, 'cmake_args': None, 'cmake_clean_cache': False, 'cmake_clean_first': False, 'cmake_force_configure': False, 'cmake_target': None, 'cmake_target_skip_unavailable': False, 'install_base': '/home/mathijs/turtle_bot/install/sensor_simulation', 'merge_install': False, 'path': '/home/mathijs/turtle_bot/sensor_simulation/sensor_simulation', 'symlink_install': True, 'test_result_base': None}
[0.535s] Level 5:colcon.colcon_core.verb:set package 'test_visu' build argument 'cmake_args' from command line to 'None'
[0.536s] Level 5:colcon.colcon_core.verb:set package 'test_visu' build argument 'cmake_target' from command line to 'None'
[0.536s] Level 5:colcon.colcon_core.verb:set package 'test_visu' build argument 'cmake_target_skip_unavailable' from command line to 'False'
[0.536s] Level 5:colcon.colcon_core.verb:set package 'test_visu' build argument 'cmake_clean_cache' from command line to 'False'
[0.536s] Level 5:colcon.colcon_core.verb:set package 'test_visu' build argument 'cmake_clean_first' from command line to 'False'
[0.536s] Level 5:colcon.colcon_core.verb:set package 'test_visu' build argument 'cmake_force_configure' from command line to 'False'
[0.536s] Level 5:colcon.colcon_core.verb:set package 'test_visu' build argument 'ament_cmake_args' from command line to 'None'
[0.536s] Level 5:colcon.colcon_core.verb:set package 'test_visu' build argument 'catkin_cmake_args' from command line to 'None'
[0.536s] Level 5:colcon.colcon_core.verb:set package 'test_visu' build argument 'catkin_skip_building_tests' from command line to 'False'
[0.536s] DEBUG:colcon.colcon_core.verb:Building package 'test_visu' with the following arguments: {'ament_cmake_args': None, 'build_base': '/home/mathijs/turtle_bot/build/test_visu', 'catkin_cmake_args': None, 'catkin_skip_building_tests': False, 'cmake_args': None, 'cmake_clean_cache': False, 'cmake_clean_first': False, 'cmake_force_configure': False, 'cmake_target': None, 'cmake_target_skip_unavailable': False, 'install_base': '/home/mathijs/turtle_bot/install/test_visu', 'merge_install': False, 'path': '/home/mathijs/turtle_bot/src/test_visu', 'symlink_install': True, 'test_result_base': None}
[0.536s] INFO:colcon.colcon_core.executor:Executing jobs using 'parallel' executor
[0.540s] DEBUG:colcon.colcon_parallel_executor.executor.parallel:run_until_complete
[0.540s] INFO:colcon.colcon_ros.task.ament_cmake.build:Building ROS package in '/home/mathijs/turtle_bot/data_replay' with build type 'ament_cmake'
[0.540s] INFO:colcon.colcon_cmake.task.cmake.build:Building CMake package in '/home/mathijs/turtle_bot/data_replay'
[0.544s] INFO:colcon.colcon_core.plugin_system:Skipping extension 'colcon_core.shell.bat': Not used on non-Windows systems
[0.545s] INFO:colcon.colcon_core.shell:Skip shell extension 'powershell' for command environment: Not usable outside of PowerShell
[0.545s] DEBUG:colcon.colcon_core.shell:Skip shell extension 'dsv' for command environment
[0.584s] INFO:colcon.colcon_ros.task.ament_cmake.build:Building ROS package in '/home/mathijs/turtle_bot/ekf_localization' with build type 'ament_cmake'
[0.585s] INFO:colcon.colcon_cmake.task.cmake.build:Building CMake package in '/home/mathijs/turtle_bot/ekf_localization'
[0.586s] INFO:colcon.colcon_core.shell:Skip shell extension 'powershell' for command environment: Not usable outside of PowerShell
[0.588s] DEBUG:colcon.colcon_core.shell:Skip shell extension 'dsv' for command environment
[0.598s] INFO:colcon.colcon_ros.task.ament_cmake.build:Building ROS package in '/home/mathijs/turtle_bot/measurement_node' with build type 'ament_cmake'
[0.599s] INFO:colcon.colcon_cmake.task.cmake.build:Building CMake package in '/home/mathijs/turtle_bot/measurement_node'
[0.600s] INFO:colcon.colcon_core.shell:Skip shell extension 'powershell' for command environment: Not usable outside of PowerShell
[0.600s] DEBUG:colcon.colcon_core.shell:Skip shell extension 'dsv' for command environment
[0.608s] INFO:colcon.colcon_ros.task.ament_cmake.build:Building ROS package in '/home/mathijs/turtle_bot/sensor_simulation/sensor_simulation' with build type 'ament_cmake'
[0.609s] INFO:colcon.colcon_cmake.task.cmake.build:Building CMake package in '/home/mathijs/turtle_bot/sensor_simulation/sensor_simulation'
[0.609s] INFO:colcon.colcon_core.shell:Skip shell extension 'powershell' for command environment: Not usable outside of PowerShell
[0.610s] DEBUG:colcon.colcon_core.shell:Skip shell extension 'dsv' for command environment
[0.620s] INFO:colcon.colcon_ros.task.ament_python.build:Building ROS package in '/home/mathijs/turtle_bot/src/test_visu' with build type 'ament_python'
[0.620s] Level 1:colcon.colcon_core.shell:create_environment_hook('test_visu', 'ament_prefix_path')
[0.621s] INFO:colcon.colcon_core.shell:Creating environment hook '/home/mathijs/turtle_bot/install/test_visu/share/test_visu/hook/ament_prefix_path.ps1'
[0.622s] INFO:colcon.colcon_core.shell:Creating environment descriptor '/home/mathijs/turtle_bot/install/test_visu/share/test_visu/hook/ament_prefix_path.dsv'
[0.624s] INFO:colcon.colcon_core.shell:Creating environment hook '/home/mathijs/turtle_bot/install/test_visu/share/test_visu/hook/ament_prefix_path.sh'
[0.626s] INFO:colcon.colcon_core.shell:Skip shell extension 'powershell' for command environment: Not usable outside of PowerShell
[0.627s] DEBUG:colcon.colcon_core.shell:Skip shell extension 'dsv' for command environment
[0.643s] DEBUG:colcon.colcon_core.event_handler.log_command:Invoking command in '/home/mathijs/turtle_bot/build/data_replay': CMAKE_PREFIX_PATH=/opt/ros/humble /usr/bin/cmake --build /home/mathijs/turtle_bot/build/data_replay -- -j12 -l12
[0.653s] DEBUG:colcon.colcon_core.event_handler.log_command:Invoking command in '/home/mathijs/turtle_bot/build/ekf_localization': CMAKE_PREFIX_PATH=/opt/ros/humble /usr/bin/cmake --build /home/mathijs/turtle_bot/build/ekf_localization -- -j12 -l12
[0.662s] DEBUG:colcon.colcon_core.event_handler.log_command:Invoking command in '/home/mathijs/turtle_bot/build/measurement_node': CMAKE_PREFIX_PATH=/opt/ros/humble /usr/bin/cmake --build /home/mathijs/turtle_bot/build/measurement_node -- -j12 -l12
[0.668s] DEBUG:colcon.colcon_core.event_handler.log_command:Invoking command in '/home/mathijs/turtle_bot/build/sensor_simulation': CMAKE_PREFIX_PATH=/opt/ros/humble /usr/bin/cmake --build /home/mathijs/turtle_bot/build/sensor_simulation -- -j12 -l12
[1.237s] INFO:colcon.colcon_core.task.python.build:Building Python package in '/home/mathijs/turtle_bot/src/test_visu'
[1.237s] INFO:colcon.colcon_core.shell:Skip shell extension 'powershell' for command environment: Not usable outside of PowerShell
[1.237s] DEBUG:colcon.colcon_core.shell:Skip shell extension 'dsv' for command environment
[1.270s] DEBUG:colcon.colcon_core.event_handler.log_command:Invoked command in '/home/mathijs/turtle_bot/build/data_replay' returned '0': CMAKE_PREFIX_PATH=/opt/ros/humble /usr/bin/cmake --build /home/mathijs/turtle_bot/build/data_replay -- -j12 -l12
[1.292s] DEBUG:colcon.colcon_core.event_handler.log_command:Invoking command in '/home/mathijs/turtle_bot/build/data_replay': CMAKE_PREFIX_PATH=/opt/ros/humble /usr/bin/cmake --install /home/mathijs/turtle_bot/build/data_replay
[1.299s] DEBUG:colcon.colcon_core.event_handler.log_command:Invoked command in '/home/mathijs/turtle_bot/build/sensor_simulation' returned '0': CMAKE_PREFIX_PATH=/opt/ros/humble /usr/bin/cmake --build /home/mathijs/turtle_bot/build/sensor_simulation -- -j12 -l12
[1.300s] DEBUG:colcon.colcon_core.event_handler.log_command:Invoking command in '/home/mathijs/turtle_bot/build/sensor_simulation': CMAKE_PREFIX_PATH=/opt/ros/humble /usr/bin/cmake --install /home/mathijs/turtle_bot/build/sensor_simulation
[1.306s] DEBUG:colcon.colcon_core.event_handler.log_command:Invoked command in '/home/mathijs/turtle_bot/build/measurement_node' returned '0': CMAKE_PREFIX_PATH=/opt/ros/humble /usr/bin/cmake --build /home/mathijs/turtle_bot/build/measurement_node -- -j12 -l12
[1.307s] DEBUG:colcon.colcon_core.event_handler.log_command:Invoking command in '/home/mathijs/turtle_bot/build/measurement_node': CMAKE_PREFIX_PATH=/opt/ros/humble /usr/bin/cmake --install /home/mathijs/turtle_bot/build/measurement_node
[1.346s] Level 1:colcon.colcon_core.environment:create_environment_scripts_only(data_replay)
[1.347s] DEBUG:colcon.colcon_core.event_handler.log_command:Invoked command in '/home/mathijs/turtle_bot/build/data_replay' returned '0': CMAKE_PREFIX_PATH=/opt/ros/humble /usr/bin/cmake --install /home/mathijs/turtle_bot/build/data_replay
[1.354s] Level 1:colcon.colcon_core.environment:checking '/home/mathijs/turtle_bot/install/data_replay' for CMake module files
[1.355s] Level 1:colcon.colcon_core.environment:checking '/home/mathijs/turtle_bot/install/data_replay' for CMake config files
[1.358s] Level 1:colcon.colcon_core.shell:create_environment_hook('data_replay', 'cmake_prefix_path')
[1.359s] INFO:colcon.colcon_core.shell:Creating environment hook '/home/mathijs/turtle_bot/install/data_replay/share/data_replay/hook/cmake_prefix_path.ps1'
[1.360s] INFO:colcon.colcon_core.shell:Creating environment descriptor '/home/mathijs/turtle_bot/install/data_replay/share/data_replay/hook/cmake_prefix_path.dsv'
[1.366s] INFO:colcon.colcon_core.shell:Creating environment hook '/home/mathijs/turtle_bot/install/data_replay/share/data_replay/hook/cmake_prefix_path.sh'
[1.369s] Level 1:colcon.colcon_core.environment:checking '/home/mathijs/turtle_bot/install/data_replay/lib'
[1.369s] Level 1:colcon.colcon_core.environment:checking '/home/mathijs/turtle_bot/install/data_replay/bin'
[1.369s] Level 1:colcon.colcon_core.environment:checking '/home/mathijs/turtle_bot/install/data_replay/lib/pkgconfig/data_replay.pc'
[1.370s] Level 1:colcon.colcon_core.environment:checking '/home/mathijs/turtle_bot/install/data_replay/lib/python3.10/site-packages'
[1.371s] Level 1:colcon.colcon_core.environment:checking '/home/mathijs/turtle_bot/install/data_replay/bin'
[1.372s] INFO:colcon.colcon_core.shell:Creating package script '/home/mathijs/turtle_bot/install/data_replay/share/data_replay/package.ps1'
[1.376s] INFO:colcon.colcon_core.shell:Creating package descriptor '/home/mathijs/turtle_bot/install/data_replay/share/data_replay/package.dsv'
[1.381s] INFO:colcon.colcon_core.shell:Creating package script '/home/mathijs/turtle_bot/install/data_replay/share/data_replay/package.sh'
[1.383s] INFO:colcon.colcon_core.shell:Creating package script '/home/mathijs/turtle_bot/install/data_replay/share/data_replay/package.bash'
[1.385s] INFO:colcon.colcon_core.shell:Creating package script '/home/mathijs/turtle_bot/install/data_replay/share/data_replay/package.zsh'
[1.386s] Level 1:colcon.colcon_core.environment:create_file_with_runtime_dependencies(/home/mathijs/turtle_bot/install/data_replay/share/colcon-core/packages/data_replay)
[1.388s] Level 1:colcon.colcon_core.environment:create_environment_scripts_only(data_replay)
[1.388s] Level 1:colcon.colcon_core.environment:checking '/home/mathijs/turtle_bot/install/data_replay' for CMake module files
[1.391s] Level 1:colcon.colcon_core.environment:checking '/home/mathijs/turtle_bot/install/data_replay' for CMake config files
[1.392s] Level 1:colcon.colcon_core.shell:create_environment_hook('data_replay', 'cmake_prefix_path')
[1.392s] INFO:colcon.colcon_core.shell:Creating environment hook '/home/mathijs/turtle_bot/install/data_replay/share/data_replay/hook/cmake_prefix_path.ps1'
[1.393s] INFO:colcon.colcon_core.shell:Creating environment descriptor '/home/mathijs/turtle_bot/install/data_replay/share/data_replay/hook/cmake_prefix_path.dsv'
[1.394s] INFO:colcon.colcon_core.shell:Creating environment hook '/home/mathijs/turtle_bot/install/data_replay/share/data_replay/hook/cmake_prefix_path.sh'
[1.395s] Level 1:colcon.colcon_core.environment:checking '/home/mathijs/turtle_bot/install/data_replay/lib'
[1.396s] Level 1:colcon.colcon_core.environment:checking '/home/mathijs/turtle_bot/install/data_replay/bin'
[1.396s] Level 1:colcon.colcon_core.environment:checking '/home/mathijs/turtle_bot/install/data_replay/lib/pkgconfig/data_replay.pc'
[1.396s] Level 1:colcon.colcon_core.environment:checking '/home/mathijs/turtle_bot/install/data_replay/lib/python3.10/site-packages'
[1.397s] Level 1:colcon.colcon_core.environment:checking '/home/mathijs/turtle_bot/install/data_replay/bin'
[1.397s] INFO:colcon.colcon_core.shell:Creating package script '/home/mathijs/turtle_bot/install/data_replay/share/data_replay/package.ps1'
[1.398s] INFO:colcon.colcon_core.shell:Creating package descriptor '/home/mathijs/turtle_bot/install/data_replay/share/data_replay/package.dsv'
[1.399s] INFO:colcon.colcon_core.shell:Creating package script '/home/mathijs/turtle_bot/install/data_replay/share/data_replay/package.sh'
[1.400s] INFO:colcon.colcon_core.shell:Creating package script '/home/mathijs/turtle_bot/install/data_replay/share/data_replay/package.bash'
[1.401s] INFO:colcon.colcon_core.shell:Creating package script '/home/mathijs/turtle_bot/install/data_replay/share/data_replay/package.zsh'
[1.402s] Level 1:colcon.colcon_core.environment:create_file_with_runtime_dependencies(/home/mathijs/turtle_bot/install/data_replay/share/colcon-core/packages/data_replay)
[1.407s] Level 1:colcon.colcon_core.environment:create_environment_scripts_only(sensor_simulation)
[1.409s] Level 1:colcon.colcon_core.environment:checking '/home/mathijs/turtle_bot/install/sensor_simulation' for CMake module files
[1.410s] Level 1:colcon.colcon_core.environment:checking '/home/mathijs/turtle_bot/install/sensor_simulation' for CMake config files
[1.410s] Level 1:colcon.colcon_core.shell:create_environment_hook('sensor_simulation', 'cmake_prefix_path')
[1.411s] INFO:colcon.colcon_core.shell:Creating environment hook '/home/mathijs/turtle_bot/install/sensor_simulation/share/sensor_simulation/hook/cmake_prefix_path.ps1'
[1.408s] DEBUG:colcon.colcon_core.event_handler.log_command:Invoked command in '/home/mathijs/turtle_bot/build/sensor_simulation' returned '0': CMAKE_PREFIX_PATH=/opt/ros/humble /usr/bin/cmake --install /home/mathijs/turtle_bot/build/sensor_simulation
[1.412s] INFO:colcon.colcon_core.shell:Creating environment descriptor '/home/mathijs/turtle_bot/install/sensor_simulation/share/sensor_simulation/hook/cmake_prefix_path.dsv'
[1.413s] INFO:colcon.colcon_core.shell:Creating environment hook '/home/mathijs/turtle_bot/install/sensor_simulation/share/sensor_simulation/hook/cmake_prefix_path.sh'
[1.414s] Level 1:colcon.colcon_core.environment:checking '/home/mathijs/turtle_bot/install/sensor_simulation/lib'
[1.414s] Level 1:colcon.colcon_core.environment:checking '/home/mathijs/turtle_bot/install/sensor_simulation/bin'
[1.414s] Level 1:colcon.colcon_core.environment:checking '/home/mathijs/turtle_bot/install/sensor_simulation/lib/pkgconfig/sensor_simulation.pc'
[1.414s] Level 1:colcon.colcon_core.environment:checking '/home/mathijs/turtle_bot/install/sensor_simulation/lib/python3.10/site-packages'
[1.415s] Level 1:colcon.colcon_core.environment:checking '/home/mathijs/turtle_bot/install/sensor_simulation/bin'
[1.416s] INFO:colcon.colcon_core.shell:Creating package script '/home/mathijs/turtle_bot/install/sensor_simulation/share/sensor_simulation/package.ps1'
[1.417s] INFO:colcon.colcon_core.shell:Creating package descriptor '/home/mathijs/turtle_bot/install/sensor_simulation/share/sensor_simulation/package.dsv'
[1.418s] INFO:colcon.colcon_core.shell:Creating package script '/home/mathijs/turtle_bot/install/sensor_simulation/share/sensor_simulation/package.sh'
[1.419s] INFO:colcon.colcon_core.shell:Creating package script '/home/mathijs/turtle_bot/install/sensor_simulation/share/sensor_simulation/package.bash'
[1.419s] INFO:colcon.colcon_core.shell:Creating package script '/home/mathijs/turtle_bot/install/sensor_simulation/share/sensor_simulation/package.zsh'
[1.420s] Level 1:colcon.colcon_core.environment:create_file_with_runtime_dependencies(/home/mathijs/turtle_bot/install/sensor_simulation/share/colcon-core/packages/sensor_simulation)
[1.421s] Level 1:colcon.colcon_core.environment:create_environment_scripts_only(sensor_simulation)
[1.421s] Level 1:colcon.colcon_core.environment:checking '/home/mathijs/turtle_bot/install/sensor_simulation' for CMake module files
[1.422s] Level 1:colcon.colcon_core.environment:checking '/home/mathijs/turtle_bot/install/sensor_simulation' for CMake config files
[1.423s] Level 1:colcon.colcon_core.shell:create_environment_hook('sensor_simulation', 'cmake_prefix_path')
[1.423s] INFO:colcon.colcon_core.shell:Creating environment hook '/home/mathijs/turtle_bot/install/sensor_simulation/share/sensor_simulation/hook/cmake_prefix_path.ps1'
[1.424s] INFO:colcon.colcon_core.shell:Creating environment descriptor '/home/mathijs/turtle_bot/install/sensor_simulation/share/sensor_simulation/hook/cmake_prefix_path.dsv'
[1.425s] INFO:colcon.colcon_core.shell:Creating environment hook '/home/mathijs/turtle_bot/install/sensor_simulation/share/sensor_simulation/hook/cmake_prefix_path.sh'
[1.426s] Level 1:colcon.colcon_core.environment:checking '/home/mathijs/turtle_bot/install/sensor_simulation/lib'
[1.426s] Level 1:colcon.colcon_core.environment:checking '/home/mathijs/turtle_bot/install/sensor_simulation/bin'
[1.426s] Level 1:colcon.colcon_core.environment:checking '/home/mathijs/turtle_bot/install/sensor_simulation/lib/pkgconfig/sensor_simulation.pc'
[1.427s] Level 1:colcon.colcon_core.environment:checking '/home/mathijs/turtle_bot/install/sensor_simulation/lib/python3.10/site-packages'
[1.427s] Level 1:colcon.colcon_core.environment:checking '/home/mathijs/turtle_bot/install/sensor_simulation/bin'
[1.428s] INFO:colcon.colcon_core.shell:Creating package script '/home/mathijs/turtle_bot/install/sensor_simulation/share/sensor_simulation/package.ps1'
[1.429s] INFO:colcon.colcon_core.shell:Creating package descriptor '/home/mathijs/turtle_bot/install/sensor_simulation/share/sensor_simulation/package.dsv'
[1.431s] INFO:colcon.colcon_core.shell:Creating package script '/home/mathijs/turtle_bot/install/sensor_simulation/share/sensor_simulation/package.sh'
[1.431s] INFO:colcon.colcon_core.shell:Creating package script '/home/mathijs/turtle_bot/install/sensor_simulation/share/sensor_simulation/package.bash'
[1.432s] INFO:colcon.colcon_core.shell:Creating package script '/home/mathijs/turtle_bot/install/sensor_simulation/share/sensor_simulation/package.zsh'
[1.436s] Level 1:colcon.colcon_core.environment:create_file_with_runtime_dependencies(/home/mathijs/turtle_bot/install/sensor_simulation/share/colcon-core/packages/sensor_simulation)
[1.437s] Level 1:colcon.colcon_core.environment:create_environment_scripts_only(measurement_node)
[1.437s] Level 1:colcon.colcon_core.environment:checking '/home/mathijs/turtle_bot/install/measurement_node' for CMake module files
[1.439s] Level 1:colcon.colcon_core.environment:checking '/home/mathijs/turtle_bot/install/measurement_node' for CMake config files
[1.440s] DEBUG:colcon.colcon_core.event_handler.log_command:Invoked command in '/home/mathijs/turtle_bot/build/measurement_node' returned '0': CMAKE_PREFIX_PATH=/opt/ros/humble /usr/bin/cmake --install /home/mathijs/turtle_bot/build/measurement_node
[1.441s] Level 1:colcon.colcon_core.shell:create_environment_hook('measurement_node', 'cmake_prefix_path')
[1.441s] INFO:colcon.colcon_core.shell:Creating environment hook '/home/mathijs/turtle_bot/install/measurement_node/share/measurement_node/hook/cmake_prefix_path.ps1'
[1.442s] INFO:colcon.colcon_core.shell:Creating environment descriptor '/home/mathijs/turtle_bot/install/measurement_node/share/measurement_node/hook/cmake_prefix_path.dsv'
[1.443s] INFO:colcon.colcon_core.shell:Creating environment hook '/home/mathijs/turtle_bot/install/measurement_node/share/measurement_node/hook/cmake_prefix_path.sh'
[1.444s] Level 1:colcon.colcon_core.environment:checking '/home/mathijs/turtle_bot/install/measurement_node/lib'
[1.444s] Level 1:colcon.colcon_core.environment:checking '/home/mathijs/turtle_bot/install/measurement_node/bin'
[1.444s] Level 1:colcon.colcon_core.environment:checking '/home/mathijs/turtle_bot/install/measurement_node/lib/pkgconfig/measurement_node.pc'
[1.445s] Level 1:colcon.colcon_core.environment:checking '/home/mathijs/turtle_bot/install/measurement_node/lib/python3.10/site-packages'
[1.445s] Level 1:colcon.colcon_core.environment:checking '/home/mathijs/turtle_bot/install/measurement_node/bin'
[1.446s] INFO:colcon.colcon_core.shell:Creating package script '/home/mathijs/turtle_bot/install/measurement_node/share/measurement_node/package.ps1'
[1.447s] INFO:colcon.colcon_core.shell:Creating package descriptor '/home/mathijs/turtle_bot/install/measurement_node/share/measurement_node/package.dsv'
[1.448s] INFO:colcon.colcon_core.shell:Creating package script '/home/mathijs/turtle_bot/install/measurement_node/share/measurement_node/package.sh'
[1.448s] INFO:colcon.colcon_core.shell:Creating package script '/home/mathijs/turtle_bot/install/measurement_node/share/measurement_node/package.bash'
[1.449s] INFO:colcon.colcon_core.shell:Creating package script '/home/mathijs/turtle_bot/install/measurement_node/share/measurement_node/package.zsh'
[1.450s] Level 1:colcon.colcon_core.environment:create_file_with_runtime_dependencies(/home/mathijs/turtle_bot/install/measurement_node/share/colcon-core/packages/measurement_node)
[1.451s] Level 1:colcon.colcon_core.environment:create_environment_scripts_only(measurement_node)
[1.452s] Level 1:colcon.colcon_core.environment:checking '/home/mathijs/turtle_bot/install/measurement_node' for CMake module files
[1.453s] Level 1:colcon.colcon_core.environment:checking '/home/mathijs/turtle_bot/install/measurement_node' for CMake config files
[1.456s] Level 1:colcon.colcon_core.shell:create_environment_hook('measurement_node', 'cmake_prefix_path')
[1.458s] INFO:colcon.colcon_core.shell:Creating environment hook '/home/mathijs/turtle_bot/install/measurement_node/share/measurement_node/hook/cmake_prefix_path.ps1'
[1.459s] INFO:colcon.colcon_core.shell:Creating environment descriptor '/home/mathijs/turtle_bot/install/measurement_node/share/measurement_node/hook/cmake_prefix_path.dsv'
[1.460s] INFO:colcon.colcon_core.shell:Creating environment hook '/home/mathijs/turtle_bot/install/measurement_node/share/measurement_node/hook/cmake_prefix_path.sh'
[1.461s] Level 1:colcon.colcon_core.environment:checking '/home/mathijs/turtle_bot/install/measurement_node/lib'
[1.461s] Level 1:colcon.colcon_core.environment:checking '/home/mathijs/turtle_bot/install/measurement_node/bin'
[1.462s] Level 1:colcon.colcon_core.environment:checking '/home/mathijs/turtle_bot/install/measurement_node/lib/pkgconfig/measurement_node.pc'
[1.462s] Level 1:colcon.colcon_core.environment:checking '/home/mathijs/turtle_bot/install/measurement_node/lib/python3.10/site-packages'
[1.463s] Level 1:colcon.colcon_core.environment:checking '/home/mathijs/turtle_bot/install/measurement_node/bin'
[1.463s] INFO:colcon.colcon_core.shell:Creating package script '/home/mathijs/turtle_bot/install/measurement_node/share/measurement_node/package.ps1'
[1.464s] INFO:colcon.colcon_core.shell:Creating package descriptor '/home/mathijs/turtle_bot/install/measurement_node/share/measurement_node/package.dsv'
[1.466s] INFO:colcon.colcon_core.shell:Creating package script '/home/mathijs/turtle_bot/install/measurement_node/share/measurement_node/package.sh'
[1.467s] INFO:colcon.colcon_core.shell:Creating package script '/home/mathijs/turtle_bot/install/measurement_node/share/measurement_node/package.bash'
[1.468s] INFO:colcon.colcon_core.shell:Creating package script '/home/mathijs/turtle_bot/install/measurement_node/share/measurement_node/package.zsh'
[1.469s] Level 1:colcon.colcon_core.environment:create_file_with_runtime_dependencies(/home/mathijs/turtle_bot/install/measurement_node/share/colcon-core/packages/measurement_node)
[2.586s] DEBUG:colcon.colcon_core.event_handler.log_command:Invoking command in '/home/mathijs/turtle_bot/build/test_visu': PYTHONPATH=/home/mathijs/turtle_bot/build/test_visu/prefix_override:/usr/lib/python3/dist-packages/colcon_core/task/python/colcon_distutils_commands:/home/mathijs/turtle_bot/install/test_visu/lib/python3.10/site-packages:${PYTHONPATH} /usr/bin/python3 -W ignore:setup.py install is deprecated -W ignore:easy_install command is deprecated setup.py develop --editable --build-directory /home/mathijs/turtle_bot/build/test_visu/build --no-deps symlink_data
[4.189s] Level 1:colcon.colcon_core.shell:create_environment_hook('test_visu', 'pythonpath_develop')
[4.190s] INFO:colcon.colcon_core.shell:Creating environment hook '/home/mathijs/turtle_bot/build/test_visu/share/test_visu/hook/pythonpath_develop.ps1'
[4.192s] DEBUG:colcon.colcon_core.event_handler.log_command:Invoked command in '/home/mathijs/turtle_bot/build/test_visu' returned '0': PYTHONPATH=/home/mathijs/turtle_bot/build/test_visu/prefix_override:/usr/lib/python3/dist-packages/colcon_core/task/python/colcon_distutils_commands:/home/mathijs/turtle_bot/install/test_visu/lib/python3.10/site-packages:${PYTHONPATH} /usr/bin/python3 -W ignore:setup.py install is deprecated -W ignore:easy_install command is deprecated setup.py develop --editable --build-directory /home/mathijs/turtle_bot/build/test_visu/build --no-deps symlink_data
[4.193s] INFO:colcon.colcon_core.shell:Creating environment descriptor '/home/mathijs/turtle_bot/build/test_visu/share/test_visu/hook/pythonpath_develop.dsv'
[4.193s] INFO:colcon.colcon_core.shell:Creating environment hook '/home/mathijs/turtle_bot/build/test_visu/share/test_visu/hook/pythonpath_develop.sh'
[4.195s] Level 1:colcon.colcon_core.environment:checking '/home/mathijs/turtle_bot/install/test_visu' for CMake module files
[4.196s] Level 1:colcon.colcon_core.environment:checking '/home/mathijs/turtle_bot/install/test_visu' for CMake config files
[4.197s] Level 1:colcon.colcon_core.environment:checking '/home/mathijs/turtle_bot/install/test_visu/lib'
[4.197s] Level 1:colcon.colcon_core.environment:checking '/home/mathijs/turtle_bot/install/test_visu/bin'
[4.197s] Level 1:colcon.colcon_core.environment:checking '/home/mathijs/turtle_bot/install/test_visu/lib/pkgconfig/test_visu.pc'
[4.197s] Level 1:colcon.colcon_core.environment:checking '/home/mathijs/turtle_bot/install/test_visu/lib/python3.10/site-packages'
[4.198s] Level 1:colcon.colcon_core.shell:create_environment_hook('test_visu', 'pythonpath')
[4.198s] INFO:colcon.colcon_core.shell:Creating environment hook '/home/mathijs/turtle_bot/install/test_visu/share/test_visu/hook/pythonpath.ps1'
[4.199s] INFO:colcon.colcon_core.shell:Creating environment descriptor '/home/mathijs/turtle_bot/install/test_visu/share/test_visu/hook/pythonpath.dsv'
[4.200s] INFO:colcon.colcon_core.shell:Creating environment hook '/home/mathijs/turtle_bot/install/test_visu/share/test_visu/hook/pythonpath.sh'
[4.203s] Level 1:colcon.colcon_core.environment:checking '/home/mathijs/turtle_bot/install/test_visu/bin'
[4.203s] Level 1:colcon.colcon_core.environment:create_environment_scripts_only(test_visu)
[4.204s] INFO:colcon.colcon_core.shell:Creating package script '/home/mathijs/turtle_bot/install/test_visu/share/test_visu/package.ps1'
[4.205s] INFO:colcon.colcon_core.shell:Creating package descriptor '/home/mathijs/turtle_bot/install/test_visu/share/test_visu/package.dsv'
[4.206s] INFO:colcon.colcon_core.shell:Creating package script '/home/mathijs/turtle_bot/install/test_visu/share/test_visu/package.sh'
[4.207s] INFO:colcon.colcon_core.shell:Creating package script '/home/mathijs/turtle_bot/install/test_visu/share/test_visu/package.bash'
[4.208s] INFO:colcon.colcon_core.shell:Creating package script '/home/mathijs/turtle_bot/install/test_visu/share/test_visu/package.zsh'
[4.210s] Level 1:colcon.colcon_core.environment:create_file_with_runtime_dependencies(/home/mathijs/turtle_bot/install/test_visu/share/colcon-core/packages/test_visu)
[33.287s] DEBUG:colcon.colcon_core.event_handler.log_command:Invoked command in '/home/mathijs/turtle_bot/build/ekf_localization' returned '0': CMAKE_PREFIX_PATH=/opt/ros/humble /usr/bin/cmake --build /home/mathijs/turtle_bot/build/ekf_localization -- -j12 -l12
[33.288s] DEBUG:colcon.colcon_core.event_handler.log_command:Invoking command in '/home/mathijs/turtle_bot/build/ekf_localization': CMAKE_PREFIX_PATH=/opt/ros/humble /usr/bin/cmake --install /home/mathijs/turtle_bot/build/ekf_localization
[33.341s] Level 1:colcon.colcon_core.environment:create_environment_scripts_only(ekf_localization)
[33.342s] Level 1:colcon.colcon_core.environment:checking '/home/mathijs/turtle_bot/install/ekf_localization' for CMake module files
[33.343s] Level 1:colcon.colcon_core.environment:checking '/home/mathijs/turtle_bot/install/ekf_localization' for CMake config files
[33.344s] Level 1:colcon.colcon_core.shell:create_environment_hook('ekf_localization', 'cmake_prefix_path')
[33.344s] INFO:colcon.colcon_core.shell:Creating environment hook '/home/mathijs/turtle_bot/install/ekf_localization/share/ekf_localization/hook/cmake_prefix_path.ps1'
[33.345s] DEBUG:colcon.colcon_core.event_handler.log_command:Invoked command in '/home/mathijs/turtle_bot/build/ekf_localization' returned '0': CMAKE_PREFIX_PATH=/opt/ros/humble /usr/bin/cmake --install /home/mathijs/turtle_bot/build/ekf_localization
[33.346s] INFO:colcon.colcon_core.shell:Creating environment descriptor '/home/mathijs/turtle_bot/install/ekf_localization/share/ekf_localization/hook/cmake_prefix_path.dsv'
[33.346s] INFO:colcon.colcon_core.shell:Creating environment hook '/home/mathijs/turtle_bot/install/ekf_localization/share/ekf_localization/hook/cmake_prefix_path.sh'
[33.350s] Level 1:colcon.colcon_core.environment:checking '/home/mathijs/turtle_bot/install/ekf_localization/lib'
[33.350s] Level 1:colcon.colcon_core.environment:checking '/home/mathijs/turtle_bot/install/ekf_localization/bin'
[33.350s] Level 1:colcon.colcon_core.environment:checking '/home/mathijs/turtle_bot/install/ekf_localization/lib/pkgconfig/ekf_localization.pc'
[33.351s] Level 1:colcon.colcon_core.environment:checking '/home/mathijs/turtle_bot/install/ekf_localization/lib/python3.10/site-packages'
[33.351s] Level 1:colcon.colcon_core.environment:checking '/home/mathijs/turtle_bot/install/ekf_localization/bin'
[33.352s] INFO:colcon.colcon_core.shell:Creating package script '/home/mathijs/turtle_bot/install/ekf_localization/share/ekf_localization/package.ps1'
[33.353s] INFO:colcon.colcon_core.shell:Creating package descriptor '/home/mathijs/turtle_bot/install/ekf_localization/share/ekf_localization/package.dsv'
[33.353s] INFO:colcon.colcon_core.shell:Creating package script '/home/mathijs/turtle_bot/install/ekf_localization/share/ekf_localization/package.sh'
[33.354s] INFO:colcon.colcon_core.shell:Creating package script '/home/mathijs/turtle_bot/install/ekf_localization/share/ekf_localization/package.bash'
[33.355s] INFO:colcon.colcon_core.shell:Creating package script '/home/mathijs/turtle_bot/install/ekf_localization/share/ekf_localization/package.zsh'
[33.356s] Level 1:colcon.colcon_core.environment:create_file_with_runtime_dependencies(/home/mathijs/turtle_bot/install/ekf_localization/share/colcon-core/packages/ekf_localization)
[33.357s] Level 1:colcon.colcon_core.environment:create_environment_scripts_only(ekf_localization)
[33.357s] Level 1:colcon.colcon_core.environment:checking '/home/mathijs/turtle_bot/install/ekf_localization' for CMake module files
[33.358s] Level 1:colcon.colcon_core.environment:checking '/home/mathijs/turtle_bot/install/ekf_localization' for CMake config files
[33.359s] Level 1:colcon.colcon_core.shell:create_environment_hook('ekf_localization', 'cmake_prefix_path')
[33.359s] INFO:colcon.colcon_core.shell:Creating environment hook '/home/mathijs/turtle_bot/install/ekf_localization/share/ekf_localization/hook/cmake_prefix_path.ps1'
[33.360s] INFO:colcon.colcon_core.shell:Creating environment descriptor '/home/mathijs/turtle_bot/install/ekf_localization/share/ekf_localization/hook/cmake_prefix_path.dsv'
[33.361s] INFO:colcon.colcon_core.shell:Creating environment hook '/home/mathijs/turtle_bot/install/ekf_localization/share/ekf_localization/hook/cmake_prefix_path.sh'
[33.367s] Level 1:colcon.colcon_core.environment:checking '/home/mathijs/turtle_bot/install/ekf_localization/lib'
[33.367s] Level 1:colcon.colcon_core.environment:checking '/home/mathijs/turtle_bot/install/ekf_localization/bin'
[33.367s] Level 1:colcon.colcon_core.environment:checking '/home/mathijs/turtle_bot/install/ekf_localization/lib/pkgconfig/ekf_localization.pc'
[33.368s] Level 1:colcon.colcon_core.environment:checking '/home/mathijs/turtle_bot/install/ekf_localization/lib/python3.10/site-packages'
[33.368s] Level 1:colcon.colcon_core.environment:checking '/home/mathijs/turtle_bot/install/ekf_localization/bin'
[33.369s] INFO:colcon.colcon_core.shell:Creating package script '/home/mathijs/turtle_bot/install/ekf_localization/share/ekf_localization/package.ps1'
[33.370s] INFO:colcon.colcon_core.shell:Creating package descriptor '/home/mathijs/turtle_bot/install/ekf_localization/share/ekf_localization/package.dsv'
[33.371s] INFO:colcon.colcon_core.shell:Creating package script '/home/mathijs/turtle_bot/install/ekf_localization/share/ekf_localization/package.sh'
[33.371s] INFO:colcon.colcon_core.shell:Creating package script '/home/mathijs/turtle_bot/install/ekf_localization/share/ekf_localization/package.bash'
[33.372s] INFO:colcon.colcon_core.shell:Creating package script '/home/mathijs/turtle_bot/install/ekf_localization/share/ekf_localization/package.zsh'
[33.373s] Level 1:colcon.colcon_core.environment:create_file_with_runtime_dependencies(/home/mathijs/turtle_bot/install/ekf_localization/share/colcon-core/packages/ekf_localization)
[33.375s] DEBUG:colcon.colcon_parallel_executor.executor.parallel:closing loop
[33.375s] DEBUG:colcon.colcon_parallel_executor.executor.parallel:loop closed
[33.375s] DEBUG:colcon.colcon_parallel_executor.executor.parallel:run_until_complete finished with '0'
[33.375s] DEBUG:colcon.colcon_core.event_reactor:joining thread
[33.385s] INFO:colcon.colcon_core.plugin_system:Skipping extension 'colcon_notification.desktop_notification.terminal_notifier': Not used on non-Darwin systems
[33.386s] INFO:colcon.colcon_core.plugin_system:Skipping extension 'colcon_notification.desktop_notification.win32': Not used on non-Windows systems
[33.386s] INFO:colcon.colcon_notification.desktop_notification:Sending desktop notification using 'notify2'
[33.435s] DEBUG:colcon.colcon_core.event_reactor:joined thread
[33.436s] INFO:colcon.colcon_core.shell:Creating prefix script '/home/mathijs/turtle_bot/install/local_setup.ps1'
[33.438s] INFO:colcon.colcon_core.shell:Creating prefix util module '/home/mathijs/turtle_bot/install/_local_setup_util_ps1.py'
[33.441s] INFO:colcon.colcon_core.shell:Creating prefix chain script '/home/mathijs/turtle_bot/install/setup.ps1'
[33.443s] INFO:colcon.colcon_core.shell:Creating prefix script '/home/mathijs/turtle_bot/install/local_setup.sh'
[33.444s] INFO:colcon.colcon_core.shell:Creating prefix util module '/home/mathijs/turtle_bot/install/_local_setup_util_sh.py'
[33.446s] INFO:colcon.colcon_core.shell:Creating prefix chain script '/home/mathijs/turtle_bot/install/setup.sh'
[33.448s] INFO:colcon.colcon_core.shell:Creating prefix script '/home/mathijs/turtle_bot/install/local_setup.bash'
[33.449s] INFO:colcon.colcon_core.shell:Creating prefix chain script '/home/mathijs/turtle_bot/install/setup.bash'
[33.452s] INFO:colcon.colcon_core.shell:Creating prefix script '/home/mathijs/turtle_bot/install/local_setup.zsh'
[33.454s] INFO:colcon.colcon_core.shell:Creating prefix chain script '/home/mathijs/turtle_bot/install/setup.zsh'
