[0.099s] DEBUG:colcon:Command line arguments: ['/usr/bin/colcon', 'build']
[0.099s] DEBUG:colcon:Parsed command line arguments: Namespace(log_base=None, log_level=None, verb_name='build', build_base='build', install_base='install', merge_install=False, symlink_install=False, test_result_base=None, continue_on_error=False, executor='parallel', parallel_workers=12, event_handlers=None, ignore_user_meta=False, metas=['./colcon.meta'], base_paths=['.'], packages_ignore=None, packages_ignore_regex=None, paths=None, packages_up_to=None, packages_up_to_regex=None, packages_above=None, packages_above_and_dependencies=None, packages_above_depth=None, packages_select_by_dep=None, packages_skip_by_dep=None, packages_skip_up_to=None, packages_select_build_failed=False, packages_skip_build_finished=False, packages_select_test_failures=False, packages_skip_test_passed=False, packages_select=None, packages_skip=None, packages_select_regex=None, packages_skip_regex=None, packages_start=None, packages_end=None, allow_overriding=[], cmake_args=None, cmake_target=None, cmake_target_skip_unavailable=False, cmake_clean_cache=False, cmake_clean_first=False, cmake_force_configure=False, ament_cmake_args=None, catkin_cmake_args=None, catkin_skip_building_tests=False, mixin_files=None, mixin=None, verb_parser=<colcon_mixin.mixin.mixin_argument.MixinArgumentDecorator object at 0x78b57a549600>, verb_extension=<colcon_core.verb.build.BuildVerb object at 0x78b57a692c20>, main=<bound method BuildVerb.main of <colcon_core.verb.build.BuildVerb object at 0x78b57a692c20>>, mixin_verb=('build',))
[0.137s] Level 1:colcon.colcon_core.package_discovery:discover_packages(colcon_meta) check parameters
[0.137s] Level 1:colcon.colcon_core.package_discovery:discover_packages(recursive) check parameters
[0.138s] Level 1:colcon.colcon_core.package_discovery:discover_packages(ignore) check parameters
[0.138s] Level 1:colcon.colcon_core.package_discovery:discover_packages(path) check parameters
[0.138s] Level 1:colcon.colcon_core.package_discovery:discover_packages(colcon_meta) discover
[0.138s] Level 1:colcon.colcon_core.package_discovery:discover_packages(recursive) discover
[0.138s] INFO:colcon.colcon_core.package_discovery:Crawling recursively for packages in '/home/mathijs/turtle_bot'
[0.138s] Level 1:colcon.colcon_core.package_identification:_identify(.) by extensions ['ignore', 'ignore_ament_install']
[0.138s] Level 1:colcon.colcon_core.package_identification:_identify(.) by extension 'ignore'
[0.138s] Level 1:colcon.colcon_core.package_identification:_identify(.) by extension 'ignore_ament_install'
[0.138s] Level 1:colcon.colcon_core.package_identification:_identify(.) by extensions ['colcon_pkg']
[0.138s] Level 1:colcon.colcon_core.package_identification:_identify(.) by extension 'colcon_pkg'
[0.138s] Level 1:colcon.colcon_core.package_identification:_identify(.) by extensions ['colcon_meta']
[0.138s] Level 1:colcon.colcon_core.package_identification:_identify(.) by extension 'colcon_meta'
[0.138s] Level 1:colcon.colcon_core.package_identification:_identify(.) by extensions ['ros']
[0.138s] Level 1:colcon.colcon_core.package_identification:_identify(.) by extension 'ros'
[0.152s] Level 1:colcon.colcon_core.package_identification:_identify(.) by extensions ['cmake', 'python']
[0.152s] Level 1:colcon.colcon_core.package_identification:_identify(.) by extension 'cmake'
[0.152s] Level 1:colcon.colcon_core.package_identification:_identify(.) by extension 'python'
[0.152s] Level 1:colcon.colcon_core.package_identification:_identify(.) by extensions ['python_setup_py']
[0.152s] Level 1:colcon.colcon_core.package_identification:_identify(.) by extension 'python_setup_py'
[0.153s] Level 1:colcon.colcon_core.package_identification:_identify(build) by extensions ['ignore', 'ignore_ament_install']
[0.153s] Level 1:colcon.colcon_core.package_identification:_identify(build) by extension 'ignore'
[0.153s] Level 1:colcon.colcon_core.package_identification:_identify(build) ignored
[0.153s] Level 1:colcon.colcon_core.package_identification:_identify(data_replay) by extensions ['ignore', 'ignore_ament_install']
[0.153s] Level 1:colcon.colcon_core.package_identification:_identify(data_replay) by extension 'ignore'
[0.153s] Level 1:colcon.colcon_core.package_identification:_identify(data_replay) by extension 'ignore_ament_install'
[0.153s] Level 1:colcon.colcon_core.package_identification:_identify(data_replay) by extensions ['colcon_pkg']
[0.153s] Level 1:colcon.colcon_core.package_identification:_identify(data_replay) by extension 'colcon_pkg'
[0.153s] Level 1:colcon.colcon_core.package_identification:_identify(data_replay) by extensions ['colcon_meta']
[0.153s] Level 1:colcon.colcon_core.package_identification:_identify(data_replay) by extension 'colcon_meta'
[0.153s] Level 1:colcon.colcon_core.package_identification:_identify(data_replay) by extensions ['ros']
[0.153s] Level 1:colcon.colcon_core.package_identification:_identify(data_replay) by extension 'ros'
[0.155s] DEBUG:colcon.colcon_core.package_identification:Package 'data_replay' with type 'ros.ament_cmake' and name 'data_replay'
[0.155s] Level 1:colcon.colcon_core.package_identification:_identify(ekf_localization) by extensions ['ignore', 'ignore_ament_install']
[0.156s] Level 1:colcon.colcon_core.package_identification:_identify(ekf_localization) by extension 'ignore'
[0.156s] Level 1:colcon.colcon_core.package_identification:_identify(ekf_localization) by extension 'ignore_ament_install'
[0.156s] Level 1:colcon.colcon_core.package_identification:_identify(ekf_localization) by extensions ['colcon_pkg']
[0.156s] Level 1:colcon.colcon_core.package_identification:_identify(ekf_localization) by extension 'colcon_pkg'
[0.156s] Level 1:colcon.colcon_core.package_identification:_identify(ekf_localization) by extensions ['colcon_meta']
[0.156s] Level 1:colcon.colcon_core.package_identification:_identify(ekf_localization) by extension 'colcon_meta'
[0.156s] Level 1:colcon.colcon_core.package_identification:_identify(ekf_localization) by extensions ['ros']
[0.156s] Level 1:colcon.colcon_core.package_identification:_identify(ekf_localization) by extension 'ros'
[0.157s] DEBUG:colcon.colcon_core.package_identification:Package 'ekf_localization' with type 'ros.ament_cmake' and name 'ekf_localization'
[0.157s] Level 1:colcon.colcon_core.package_identification:_identify(install) by extensions ['ignore', 'ignore_ament_install']
[0.157s] Level 1:colcon.colcon_core.package_identification:_identify(install) by extension 'ignore'
[0.157s] Level 1:colcon.colcon_core.package_identification:_identify(install) ignored
[0.157s] Level 1:colcon.colcon_core.package_identification:_identify(log) by extensions ['ignore', 'ignore_ament_install']
[0.157s] Level 1:colcon.colcon_core.package_identification:_identify(log) by extension 'ignore'
[0.157s] Level 1:colcon.colcon_core.package_identification:_identify(log) ignored
[0.157s] Level 1:colcon.colcon_core.package_identification:_identify(measurement_node) by extensions ['ignore', 'ignore_ament_install']
[0.157s] Level 1:colcon.colcon_core.package_identification:_identify(measurement_node) by extension 'ignore'
[0.157s] Level 1:colcon.colcon_core.package_identification:_identify(measurement_node) by extension 'ignore_ament_install'
[0.157s] Level 1:colcon.colcon_core.package_identification:_identify(measurement_node) by extensions ['colcon_pkg']
[0.157s] Level 1:colcon.colcon_core.package_identification:_identify(measurement_node) by extension 'colcon_pkg'
[0.157s] Level 1:colcon.colcon_core.package_identification:_identify(measurement_node) by extensions ['colcon_meta']
[0.157s] Level 1:colcon.colcon_core.package_identification:_identify(measurement_node) by extension 'colcon_meta'
[0.157s] Level 1:colcon.colcon_core.package_identification:_identify(measurement_node) by extensions ['ros']
[0.157s] Level 1:colcon.colcon_core.package_identification:_identify(measurement_node) by extension 'ros'
[0.158s] DEBUG:colcon.colcon_core.package_identification:Package 'measurement_node' with type 'ros.ament_cmake' and name 'measurement_node'
[0.158s] Level 1:colcon.colcon_core.package_identification:_identify(sensor_simulation) by extensions ['ignore', 'ignore_ament_install']
[0.158s] Level 1:colcon.colcon_core.package_identification:_identify(sensor_simulation) by extension 'ignore'
[0.158s] Level 1:colcon.colcon_core.package_identification:_identify(sensor_simulation) by extension 'ignore_ament_install'
[0.158s] Level 1:colcon.colcon_core.package_identification:_identify(sensor_simulation) by extensions ['colcon_pkg']
[0.158s] Level 1:colcon.colcon_core.package_identification:_identify(sensor_simulation) by extension 'colcon_pkg'
[0.158s] Level 1:colcon.colcon_core.package_identification:_identify(sensor_simulation) by extensions ['colcon_meta']
[0.158s] Level 1:colcon.colcon_core.package_identification:_identify(sensor_simulation) by extension 'colcon_meta'
[0.158s] Level 1:colcon.colcon_core.package_identification:_identify(sensor_simulation) by extensions ['ros']
[0.158s] Level 1:colcon.colcon_core.package_identification:_identify(sensor_simulation) by extension 'ros'
[0.159s] Level 1:colcon.colcon_core.package_identification:_identify(sensor_simulation) by extensions ['cmake', 'python']
[0.159s] Level 1:colcon.colcon_core.package_identification:_identify(sensor_simulation) by extension 'cmake'
[0.159s] Level 1:colcon.colcon_core.package_identification:_identify(sensor_simulation) by extension 'python'
[0.159s] Level 1:colcon.colcon_core.package_identification:_identify(sensor_simulation) by extensions ['python_setup_py']
[0.159s] Level 1:colcon.colcon_core.package_identification:_identify(sensor_simulation) by extension 'python_setup_py'
[0.159s] Level 1:colcon.colcon_core.package_identification:_identify(sensor_simulation/sensor_simulation) by extensions ['ignore', 'ignore_ament_install']
[0.159s] Level 1:colcon.colcon_core.package_identification:_identify(sensor_simulation/sensor_simulation) by extension 'ignore'
[0.159s] Level 1:colcon.colcon_core.package_identification:_identify(sensor_simulation/sensor_simulation) by extension 'ignore_ament_install'
[0.159s] Level 1:colcon.colcon_core.package_identification:_identify(sensor_simulation/sensor_simulation) by extensions ['colcon_pkg']
[0.159s] Level 1:colcon.colcon_core.package_identification:_identify(sensor_simulation/sensor_simulation) by extension 'colcon_pkg'
[0.159s] Level 1:colcon.colcon_core.package_identification:_identify(sensor_simulation/sensor_simulation) by extensions ['colcon_meta']
[0.159s] Level 1:colcon.colcon_core.package_identification:_identify(sensor_simulation/sensor_simulation) by extension 'colcon_meta'
[0.159s] Level 1:colcon.colcon_core.package_identification:_identify(sensor_simulation/sensor_simulation) by extensions ['ros']
[0.159s] Level 1:colcon.colcon_core.package_identification:_identify(sensor_simulation/sensor_simulation) by extension 'ros'
[0.160s] DEBUG:colcon.colcon_core.package_identification:Package 'sensor_simulation/sensor_simulation' with type 'ros.ament_cmake' and name 'sensor_simulation'
[0.160s] Level 1:colcon.colcon_core.package_discovery:discover_packages(recursive) using defaults
[0.160s] Level 1:colcon.colcon_core.package_discovery:discover_packages(ignore) discover
[0.160s] Level 1:colcon.colcon_core.package_discovery:discover_packages(ignore) using defaults
[0.160s] Level 1:colcon.colcon_core.package_discovery:discover_packages(path) discover
[0.160s] Level 1:colcon.colcon_core.package_discovery:discover_packages(path) using defaults
[0.180s] Level 1:colcon.colcon_core.package_discovery:discover_packages(prefix_path) check parameters
[0.180s] Level 1:colcon.colcon_core.package_discovery:discover_packages(prefix_path) discover
[0.181s] DEBUG:colcon.colcon_installed_package_information.package_discovery:Found 4 installed packages in /home/mathijs/turtle_bot/install
[0.183s] DEBUG:colcon.colcon_installed_package_information.package_discovery:Found 448 installed packages in /opt/ros/humble
[0.185s] Level 1:colcon.colcon_core.package_discovery:discover_packages(prefix_path) using defaults
[0.232s] Level 5:colcon.colcon_core.verb:set package 'data_replay' build argument 'cmake_args' from command line to 'None'
[0.233s] Level 5:colcon.colcon_core.verb:set package 'data_replay' build argument 'cmake_target' from command line to 'None'
[0.233s] Level 5:colcon.colcon_core.verb:set package 'data_replay' build argument 'cmake_target_skip_unavailable' from command line to 'False'
[0.233s] Level 5:colcon.colcon_core.verb:set package 'data_replay' build argument 'cmake_clean_cache' from command line to 'False'
[0.233s] Level 5:colcon.colcon_core.verb:set package 'data_replay' build argument 'cmake_clean_first' from command line to 'False'
[0.233s] Level 5:colcon.colcon_core.verb:set package 'data_replay' build argument 'cmake_force_configure' from command line to 'False'
[0.233s] Level 5:colcon.colcon_core.verb:set package 'data_replay' build argument 'ament_cmake_args' from command line to 'None'
[0.233s] Level 5:colcon.colcon_core.verb:set package 'data_replay' build argument 'catkin_cmake_args' from command line to 'None'
[0.233s] Level 5:colcon.colcon_core.verb:set package 'data_replay' build argument 'catkin_skip_building_tests' from command line to 'False'
[0.233s] DEBUG:colcon.colcon_core.verb:Building package 'data_replay' with the following arguments: {'ament_cmake_args': None, 'build_base': '/home/mathijs/turtle_bot/build/data_replay', 'catkin_cmake_args': None, 'catkin_skip_building_tests': False, 'cmake_args': None, 'cmake_clean_cache': False, 'cmake_clean_first': False, 'cmake_force_configure': False, 'cmake_target': None, 'cmake_target_skip_unavailable': False, 'install_base': '/home/mathijs/turtle_bot/install/data_replay', 'merge_install': False, 'path': '/home/mathijs/turtle_bot/data_replay', 'symlink_install': False, 'test_result_base': None}
[0.233s] Level 5:colcon.colcon_core.verb:set package 'ekf_localization' build argument 'cmake_args' from command line to 'None'
[0.233s] Level 5:colcon.colcon_core.verb:set package 'ekf_localization' build argument 'cmake_target' from command line to 'None'
[0.233s] Level 5:colcon.colcon_core.verb:set package 'ekf_localization' build argument 'cmake_target_skip_unavailable' from command line to 'False'
[0.233s] Level 5:colcon.colcon_core.verb:set package 'ekf_localization' build argument 'cmake_clean_cache' from command line to 'False'
[0.233s] Level 5:colcon.colcon_core.verb:set package 'ekf_localization' build argument 'cmake_clean_first' from command line to 'False'
[0.233s] Level 5:colcon.colcon_core.verb:set package 'ekf_localization' build argument 'cmake_force_configure' from command line to 'False'
[0.233s] Level 5:colcon.colcon_core.verb:set package 'ekf_localization' build argument 'ament_cmake_args' from command line to 'None'
[0.233s] Level 5:colcon.colcon_core.verb:set package 'ekf_localization' build argument 'catkin_cmake_args' from command line to 'None'
[0.233s] Level 5:colcon.colcon_core.verb:set package 'ekf_localization' build argument 'catkin_skip_building_tests' from command line to 'False'
[0.233s] DEBUG:colcon.colcon_core.verb:Building package 'ekf_localization' with the following arguments: {'ament_cmake_args': None, 'build_base': '/home/mathijs/turtle_bot/build/ekf_localization', 'catkin_cmake_args': None, 'catkin_skip_building_tests': False, 'cmake_args': None, 'cmake_clean_cache': False, 'cmake_clean_first': False, 'cmake_force_configure': False, 'cmake_target': None, 'cmake_target_skip_unavailable': False, 'install_base': '/home/mathijs/turtle_bot/install/ekf_localization', 'merge_install': False, 'path': '/home/mathijs/turtle_bot/ekf_localization', 'symlink_install': False, 'test_result_base': None}
[0.234s] Level 5:colcon.colcon_core.verb:set package 'measurement_node' build argument 'cmake_args' from command line to 'None'
[0.234s] Level 5:colcon.colcon_core.verb:set package 'measurement_node' build argument 'cmake_target' from command line to 'None'
[0.234s] Level 5:colcon.colcon_core.verb:set package 'measurement_node' build argument 'cmake_target_skip_unavailable' from command line to 'False'
[0.234s] Level 5:colcon.colcon_core.verb:set package 'measurement_node' build argument 'cmake_clean_cache' from command line to 'False'
[0.234s] Level 5:colcon.colcon_core.verb:set package 'measurement_node' build argument 'cmake_clean_first' from command line to 'False'
[0.234s] Level 5:colcon.colcon_core.verb:set package 'measurement_node' build argument 'cmake_force_configure' from command line to 'False'
[0.234s] Level 5:colcon.colcon_core.verb:set package 'measurement_node' build argument 'ament_cmake_args' from command line to 'None'
[0.234s] Level 5:colcon.colcon_core.verb:set package 'measurement_node' build argument 'catkin_cmake_args' from command line to 'None'
[0.234s] Level 5:colcon.colcon_core.verb:set package 'measurement_node' build argument 'catkin_skip_building_tests' from command line to 'False'
[0.234s] DEBUG:colcon.colcon_core.verb:Building package 'measurement_node' with the following arguments: {'ament_cmake_args': None, 'build_base': '/home/mathijs/turtle_bot/build/measurement_node', 'catkin_cmake_args': None, 'catkin_skip_building_tests': False, 'cmake_args': None, 'cmake_clean_cache': False, 'cmake_clean_first': False, 'cmake_force_configure': False, 'cmake_target': None, 'cmake_target_skip_unavailable': False, 'install_base': '/home/mathijs/turtle_bot/install/measurement_node', 'merge_install': False, 'path': '/home/mathijs/turtle_bot/measurement_node', 'symlink_install': False, 'test_result_base': None}
[0.234s] Level 5:colcon.colcon_core.verb:set package 'sensor_simulation' build argument 'cmake_args' from command line to 'None'
[0.234s] Level 5:colcon.colcon_core.verb:set package 'sensor_simulation' build argument 'cmake_target' from command line to 'None'
[0.234s] Level 5:colcon.colcon_core.verb:set package 'sensor_simulation' build argument 'cmake_target_skip_unavailable' from command line to 'False'
[0.234s] Level 5:colcon.colcon_core.verb:set package 'sensor_simulation' build argument 'cmake_clean_cache' from command line to 'False'
[0.234s] Level 5:colcon.colcon_core.verb:set package 'sensor_simulation' build argument 'cmake_clean_first' from command line to 'False'
[0.234s] Level 5:colcon.colcon_core.verb:set package 'sensor_simulation' build argument 'cmake_force_configure' from command line to 'False'
[0.234s] Level 5:colcon.colcon_core.verb:set package 'sensor_simulation' build argument 'ament_cmake_args' from command line to 'None'
[0.234s] Level 5:colcon.colcon_core.verb:set package 'sensor_simulation' build argument 'catkin_cmake_args' from command line to 'None'
[0.234s] Level 5:colcon.colcon_core.verb:set package 'sensor_simulation' build argument 'catkin_skip_building_tests' from command line to 'False'
[0.234s] DEBUG:colcon.colcon_core.verb:Building package 'sensor_simulation' with the following arguments: {'ament_cmake_args': None, 'build_base': '/home/mathijs/turtle_bot/build/sensor_simulation', 'catkin_cmake_args': None, 'catkin_skip_building_tests': False, 'cmake_args': None, 'cmake_clean_cache': False, 'cmake_clean_first': False, 'cmake_force_configure': False, 'cmake_target': None, 'cmake_target_skip_unavailable': False, 'install_base': '/home/mathijs/turtle_bot/install/sensor_simulation', 'merge_install': False, 'path': '/home/mathijs/turtle_bot/sensor_simulation/sensor_simulation', 'symlink_install': False, 'test_result_base': None}
[0.234s] INFO:colcon.colcon_core.executor:Executing jobs using 'parallel' executor
[0.235s] DEBUG:colcon.colcon_parallel_executor.executor.parallel:run_until_complete
[0.236s] INFO:colcon.colcon_ros.task.ament_cmake.build:Building ROS package in '/home/mathijs/turtle_bot/data_replay' with build type 'ament_cmake'
[0.236s] INFO:colcon.colcon_cmake.task.cmake.build:Building CMake package in '/home/mathijs/turtle_bot/data_replay'
[0.238s] INFO:colcon.colcon_core.plugin_system:Skipping extension 'colcon_core.shell.bat': Not used on non-Windows systems
[0.238s] INFO:colcon.colcon_core.shell:Skip shell extension 'powershell' for command environment: Not usable outside of PowerShell
[0.238s] DEBUG:colcon.colcon_core.shell:Skip shell extension 'dsv' for command environment
[0.258s] INFO:colcon.colcon_ros.task.ament_cmake.build:Building ROS package in '/home/mathijs/turtle_bot/ekf_localization' with build type 'ament_cmake'
[0.258s] INFO:colcon.colcon_cmake.task.cmake.build:Building CMake package in '/home/mathijs/turtle_bot/ekf_localization'
[0.258s] INFO:colcon.colcon_core.shell:Skip shell extension 'powershell' for command environment: Not usable outside of PowerShell
[0.258s] DEBUG:colcon.colcon_core.shell:Skip shell extension 'dsv' for command environment
[0.263s] INFO:colcon.colcon_ros.task.ament_cmake.build:Building ROS package in '/home/mathijs/turtle_bot/measurement_node' with build type 'ament_cmake'
[0.263s] INFO:colcon.colcon_cmake.task.cmake.build:Building CMake package in '/home/mathijs/turtle_bot/measurement_node'
[0.263s] INFO:colcon.colcon_core.shell:Skip shell extension 'powershell' for command environment: Not usable outside of PowerShell
[0.263s] DEBUG:colcon.colcon_core.shell:Skip shell extension 'dsv' for command environment
[0.269s] INFO:colcon.colcon_ros.task.ament_cmake.build:Building ROS package in '/home/mathijs/turtle_bot/sensor_simulation/sensor_simulation' with build type 'ament_cmake'
[0.269s] INFO:colcon.colcon_cmake.task.cmake.build:Building CMake package in '/home/mathijs/turtle_bot/sensor_simulation/sensor_simulation'
[0.269s] INFO:colcon.colcon_core.shell:Skip shell extension 'powershell' for command environment: Not usable outside of PowerShell
[0.269s] DEBUG:colcon.colcon_core.shell:Skip shell extension 'dsv' for command environment
[0.281s] DEBUG:colcon.colcon_core.event_handler.log_command:Invoking command in '/home/mathijs/turtle_bot/build/data_replay': CMAKE_PREFIX_PATH=${CMAKE_PREFIX_PATH}:/opt/ros/humble /usr/bin/cmake --build /home/mathijs/turtle_bot/build/data_replay -- -j12 -l12
[0.285s] DEBUG:colcon.colcon_core.event_handler.log_command:Invoking command in '/home/mathijs/turtle_bot/build/ekf_localization': CMAKE_PREFIX_PATH=${CMAKE_PREFIX_PATH}:/opt/ros/humble /usr/bin/cmake --build /home/mathijs/turtle_bot/build/ekf_localization -- -j12 -l12
[0.290s] DEBUG:colcon.colcon_core.event_handler.log_command:Invoking command in '/home/mathijs/turtle_bot/build/measurement_node': CMAKE_PREFIX_PATH=${CMAKE_PREFIX_PATH}:/opt/ros/humble /usr/bin/cmake --build /home/mathijs/turtle_bot/build/measurement_node -- -j12 -l12
[0.298s] DEBUG:colcon.colcon_core.event_handler.log_command:Invoking command in '/home/mathijs/turtle_bot/build/sensor_simulation': CMAKE_PREFIX_PATH=${CMAKE_PREFIX_PATH}:/opt/ros/humble /usr/bin/cmake --build /home/mathijs/turtle_bot/build/sensor_simulation -- -j12 -l12
[0.376s] DEBUG:colcon.colcon_core.event_handler.log_command:Invoked command in '/home/mathijs/turtle_bot/build/data_replay' returned '0': CMAKE_PREFIX_PATH=${CMAKE_PREFIX_PATH}:/opt/ros/humble /usr/bin/cmake --build /home/mathijs/turtle_bot/build/data_replay -- -j12 -l12
[0.391s] DEBUG:colcon.colcon_core.event_handler.log_command:Invoking command in '/home/mathijs/turtle_bot/build/data_replay': CMAKE_PREFIX_PATH=${CMAKE_PREFIX_PATH}:/opt/ros/humble /usr/bin/cmake --install /home/mathijs/turtle_bot/build/data_replay
[0.393s] DEBUG:colcon.colcon_core.event_handler.log_command:Invoked command in '/home/mathijs/turtle_bot/build/ekf_localization' returned '0': CMAKE_PREFIX_PATH=${CMAKE_PREFIX_PATH}:/opt/ros/humble /usr/bin/cmake --build /home/mathijs/turtle_bot/build/ekf_localization -- -j12 -l12
[0.395s] DEBUG:colcon.colcon_core.event_handler.log_command:Invoking command in '/home/mathijs/turtle_bot/build/ekf_localization': CMAKE_PREFIX_PATH=${CMAKE_PREFIX_PATH}:/opt/ros/humble /usr/bin/cmake --install /home/mathijs/turtle_bot/build/ekf_localization
[0.397s] DEBUG:colcon.colcon_core.event_handler.log_command:Invoked command in '/home/mathijs/turtle_bot/build/sensor_simulation' returned '0': CMAKE_PREFIX_PATH=${CMAKE_PREFIX_PATH}:/opt/ros/humble /usr/bin/cmake --build /home/mathijs/turtle_bot/build/sensor_simulation -- -j12 -l12
[0.400s] DEBUG:colcon.colcon_core.event_handler.log_command:Invoking command in '/home/mathijs/turtle_bot/build/sensor_simulation': CMAKE_PREFIX_PATH=${CMAKE_PREFIX_PATH}:/opt/ros/humble /usr/bin/cmake --install /home/mathijs/turtle_bot/build/sensor_simulation
[0.405s] Level 1:colcon.colcon_core.environment:create_environment_scripts_only(data_replay)
[0.406s] DEBUG:colcon.colcon_core.event_handler.log_command:Invoked command in '/home/mathijs/turtle_bot/build/data_replay' returned '0': CMAKE_PREFIX_PATH=${CMAKE_PREFIX_PATH}:/opt/ros/humble /usr/bin/cmake --install /home/mathijs/turtle_bot/build/data_replay
[0.414s] Level 1:colcon.colcon_core.environment:checking '/home/mathijs/turtle_bot/install/data_replay' for CMake module files
[0.415s] Level 1:colcon.colcon_core.environment:checking '/home/mathijs/turtle_bot/install/data_replay' for CMake config files
[0.415s] Level 1:colcon.colcon_core.shell:create_environment_hook('data_replay', 'cmake_prefix_path')
[0.415s] INFO:colcon.colcon_core.shell:Creating environment hook '/home/mathijs/turtle_bot/install/data_replay/share/data_replay/hook/cmake_prefix_path.ps1'
[0.416s] INFO:colcon.colcon_core.shell:Creating environment descriptor '/home/mathijs/turtle_bot/install/data_replay/share/data_replay/hook/cmake_prefix_path.dsv'
[0.417s] INFO:colcon.colcon_core.shell:Creating environment hook '/home/mathijs/turtle_bot/install/data_replay/share/data_replay/hook/cmake_prefix_path.sh'
[0.418s] Level 1:colcon.colcon_core.environment:checking '/home/mathijs/turtle_bot/install/data_replay/lib'
[0.418s] Level 1:colcon.colcon_core.environment:checking '/home/mathijs/turtle_bot/install/data_replay/bin'
[0.418s] Level 1:colcon.colcon_core.environment:checking '/home/mathijs/turtle_bot/install/data_replay/lib/pkgconfig/data_replay.pc'
[0.418s] Level 1:colcon.colcon_core.environment:checking '/home/mathijs/turtle_bot/install/data_replay/lib/python3.10/site-packages'
[0.419s] Level 1:colcon.colcon_core.environment:checking '/home/mathijs/turtle_bot/install/data_replay/bin'
[0.419s] INFO:colcon.colcon_core.shell:Creating package script '/home/mathijs/turtle_bot/install/data_replay/share/data_replay/package.ps1'
[0.420s] INFO:colcon.colcon_core.shell:Creating package descriptor '/home/mathijs/turtle_bot/install/data_replay/share/data_replay/package.dsv'
[0.421s] INFO:colcon.colcon_core.shell:Creating package script '/home/mathijs/turtle_bot/install/data_replay/share/data_replay/package.sh'
[0.422s] INFO:colcon.colcon_core.shell:Creating package script '/home/mathijs/turtle_bot/install/data_replay/share/data_replay/package.bash'
[0.423s] INFO:colcon.colcon_core.shell:Creating package script '/home/mathijs/turtle_bot/install/data_replay/share/data_replay/package.zsh'
[0.423s] Level 1:colcon.colcon_core.environment:create_file_with_runtime_dependencies(/home/mathijs/turtle_bot/install/data_replay/share/colcon-core/packages/data_replay)
[0.424s] Level 1:colcon.colcon_core.environment:create_environment_scripts_only(data_replay)
[0.425s] Level 1:colcon.colcon_core.environment:checking '/home/mathijs/turtle_bot/install/data_replay' for CMake module files
[0.425s] Level 1:colcon.colcon_core.environment:checking '/home/mathijs/turtle_bot/install/data_replay' for CMake config files
[0.425s] Level 1:colcon.colcon_core.shell:create_environment_hook('data_replay', 'cmake_prefix_path')
[0.426s] INFO:colcon.colcon_core.shell:Creating environment hook '/home/mathijs/turtle_bot/install/data_replay/share/data_replay/hook/cmake_prefix_path.ps1'
[0.426s] INFO:colcon.colcon_core.shell:Creating environment descriptor '/home/mathijs/turtle_bot/install/data_replay/share/data_replay/hook/cmake_prefix_path.dsv'
[0.427s] INFO:colcon.colcon_core.shell:Creating environment hook '/home/mathijs/turtle_bot/install/data_replay/share/data_replay/hook/cmake_prefix_path.sh'
[0.428s] Level 1:colcon.colcon_core.environment:checking '/home/mathijs/turtle_bot/install/data_replay/lib'
[0.428s] Level 1:colcon.colcon_core.environment:checking '/home/mathijs/turtle_bot/install/data_replay/bin'
[0.428s] Level 1:colcon.colcon_core.environment:checking '/home/mathijs/turtle_bot/install/data_replay/lib/pkgconfig/data_replay.pc'
[0.429s] Level 1:colcon.colcon_core.environment:checking '/home/mathijs/turtle_bot/install/data_replay/lib/python3.10/site-packages'
[0.429s] Level 1:colcon.colcon_core.environment:checking '/home/mathijs/turtle_bot/install/data_replay/bin'
[0.430s] INFO:colcon.colcon_core.shell:Creating package script '/home/mathijs/turtle_bot/install/data_replay/share/data_replay/package.ps1'
[0.430s] INFO:colcon.colcon_core.shell:Creating package descriptor '/home/mathijs/turtle_bot/install/data_replay/share/data_replay/package.dsv'
[0.431s] INFO:colcon.colcon_core.shell:Creating package script '/home/mathijs/turtle_bot/install/data_replay/share/data_replay/package.sh'
[0.431s] INFO:colcon.colcon_core.shell:Creating package script '/home/mathijs/turtle_bot/install/data_replay/share/data_replay/package.bash'
[0.432s] INFO:colcon.colcon_core.shell:Creating package script '/home/mathijs/turtle_bot/install/data_replay/share/data_replay/package.zsh'
[0.432s] Level 1:colcon.colcon_core.environment:create_file_with_runtime_dependencies(/home/mathijs/turtle_bot/install/data_replay/share/colcon-core/packages/data_replay)
[0.434s] Level 1:colcon.colcon_core.environment:create_environment_scripts_only(ekf_localization)
[0.434s] Level 1:colcon.colcon_core.environment:checking '/home/mathijs/turtle_bot/install/ekf_localization' for CMake module files
[0.435s] DEBUG:colcon.colcon_core.event_handler.log_command:Invoked command in '/home/mathijs/turtle_bot/build/ekf_localization' returned '0': CMAKE_PREFIX_PATH=${CMAKE_PREFIX_PATH}:/opt/ros/humble /usr/bin/cmake --install /home/mathijs/turtle_bot/build/ekf_localization
[0.436s] Level 1:colcon.colcon_core.environment:checking '/home/mathijs/turtle_bot/install/ekf_localization' for CMake config files
[0.436s] Level 1:colcon.colcon_core.shell:create_environment_hook('ekf_localization', 'cmake_prefix_path')
[0.436s] INFO:colcon.colcon_core.shell:Creating environment hook '/home/mathijs/turtle_bot/install/ekf_localization/share/ekf_localization/hook/cmake_prefix_path.ps1'
[0.437s] INFO:colcon.colcon_core.shell:Creating environment descriptor '/home/mathijs/turtle_bot/install/ekf_localization/share/ekf_localization/hook/cmake_prefix_path.dsv'
[0.437s] INFO:colcon.colcon_core.shell:Creating environment hook '/home/mathijs/turtle_bot/install/ekf_localization/share/ekf_localization/hook/cmake_prefix_path.sh'
[0.438s] Level 1:colcon.colcon_core.environment:checking '/home/mathijs/turtle_bot/install/ekf_localization/lib'
[0.438s] Level 1:colcon.colcon_core.environment:checking '/home/mathijs/turtle_bot/install/ekf_localization/bin'
[0.438s] Level 1:colcon.colcon_core.environment:checking '/home/mathijs/turtle_bot/install/ekf_localization/lib/pkgconfig/ekf_localization.pc'
[0.438s] Level 1:colcon.colcon_core.environment:checking '/home/mathijs/turtle_bot/install/ekf_localization/lib/python3.10/site-packages'
[0.439s] Level 1:colcon.colcon_core.environment:checking '/home/mathijs/turtle_bot/install/ekf_localization/bin'
[0.439s] INFO:colcon.colcon_core.shell:Creating package script '/home/mathijs/turtle_bot/install/ekf_localization/share/ekf_localization/package.ps1'
[0.440s] INFO:colcon.colcon_core.shell:Creating package descriptor '/home/mathijs/turtle_bot/install/ekf_localization/share/ekf_localization/package.dsv'
[0.440s] INFO:colcon.colcon_core.shell:Creating package script '/home/mathijs/turtle_bot/install/ekf_localization/share/ekf_localization/package.sh'
[0.441s] INFO:colcon.colcon_core.shell:Creating package script '/home/mathijs/turtle_bot/install/ekf_localization/share/ekf_localization/package.bash'
[0.442s] INFO:colcon.colcon_core.shell:Creating package script '/home/mathijs/turtle_bot/install/ekf_localization/share/ekf_localization/package.zsh'
[0.443s] Level 1:colcon.colcon_core.environment:create_file_with_runtime_dependencies(/home/mathijs/turtle_bot/install/ekf_localization/share/colcon-core/packages/ekf_localization)
[0.444s] Level 1:colcon.colcon_core.environment:create_environment_scripts_only(ekf_localization)
[0.444s] Level 1:colcon.colcon_core.environment:checking '/home/mathijs/turtle_bot/install/ekf_localization' for CMake module files
[0.445s] Level 1:colcon.colcon_core.environment:checking '/home/mathijs/turtle_bot/install/ekf_localization' for CMake config files
[0.445s] Level 1:colcon.colcon_core.shell:create_environment_hook('ekf_localization', 'cmake_prefix_path')
[0.446s] INFO:colcon.colcon_core.shell:Creating environment hook '/home/mathijs/turtle_bot/install/ekf_localization/share/ekf_localization/hook/cmake_prefix_path.ps1'
[0.447s] INFO:colcon.colcon_core.shell:Creating environment descriptor '/home/mathijs/turtle_bot/install/ekf_localization/share/ekf_localization/hook/cmake_prefix_path.dsv'
[0.447s] INFO:colcon.colcon_core.shell:Creating environment hook '/home/mathijs/turtle_bot/install/ekf_localization/share/ekf_localization/hook/cmake_prefix_path.sh'
[0.448s] Level 1:colcon.colcon_core.environment:checking '/home/mathijs/turtle_bot/install/ekf_localization/lib'
[0.448s] Level 1:colcon.colcon_core.environment:checking '/home/mathijs/turtle_bot/install/ekf_localization/bin'
[0.448s] Level 1:colcon.colcon_core.environment:checking '/home/mathijs/turtle_bot/install/ekf_localization/lib/pkgconfig/ekf_localization.pc'
[0.448s] Level 1:colcon.colcon_core.environment:checking '/home/mathijs/turtle_bot/install/ekf_localization/lib/python3.10/site-packages'
[0.448s] Level 1:colcon.colcon_core.environment:checking '/home/mathijs/turtle_bot/install/ekf_localization/bin'
[0.449s] INFO:colcon.colcon_core.shell:Creating package script '/home/mathijs/turtle_bot/install/ekf_localization/share/ekf_localization/package.ps1'
[0.450s] INFO:colcon.colcon_core.shell:Creating package descriptor '/home/mathijs/turtle_bot/install/ekf_localization/share/ekf_localization/package.dsv'
[0.451s] INFO:colcon.colcon_core.shell:Creating package script '/home/mathijs/turtle_bot/install/ekf_localization/share/ekf_localization/package.sh'
[0.451s] INFO:colcon.colcon_core.shell:Creating package script '/home/mathijs/turtle_bot/install/ekf_localization/share/ekf_localization/package.bash'
[0.452s] INFO:colcon.colcon_core.shell:Creating package script '/home/mathijs/turtle_bot/install/ekf_localization/share/ekf_localization/package.zsh'
[0.452s] Level 1:colcon.colcon_core.environment:create_file_with_runtime_dependencies(/home/mathijs/turtle_bot/install/ekf_localization/share/colcon-core/packages/ekf_localization)
[0.453s] Level 1:colcon.colcon_core.environment:create_environment_scripts_only(sensor_simulation)
[0.453s] Level 1:colcon.colcon_core.environment:checking '/home/mathijs/turtle_bot/install/sensor_simulation' for CMake module files
[0.454s] DEBUG:colcon.colcon_core.event_handler.log_command:Invoked command in '/home/mathijs/turtle_bot/build/sensor_simulation' returned '0': CMAKE_PREFIX_PATH=${CMAKE_PREFIX_PATH}:/opt/ros/humble /usr/bin/cmake --install /home/mathijs/turtle_bot/build/sensor_simulation
[0.455s] Level 1:colcon.colcon_core.environment:checking '/home/mathijs/turtle_bot/install/sensor_simulation' for CMake config files
[0.455s] Level 1:colcon.colcon_core.shell:create_environment_hook('sensor_simulation', 'cmake_prefix_path')
[0.455s] INFO:colcon.colcon_core.shell:Creating environment hook '/home/mathijs/turtle_bot/install/sensor_simulation/share/sensor_simulation/hook/cmake_prefix_path.ps1'
[0.456s] INFO:colcon.colcon_core.shell:Creating environment descriptor '/home/mathijs/turtle_bot/install/sensor_simulation/share/sensor_simulation/hook/cmake_prefix_path.dsv'
[0.456s] INFO:colcon.colcon_core.shell:Creating environment hook '/home/mathijs/turtle_bot/install/sensor_simulation/share/sensor_simulation/hook/cmake_prefix_path.sh'
[0.457s] Level 1:colcon.colcon_core.environment:checking '/home/mathijs/turtle_bot/install/sensor_simulation/lib'
[0.457s] Level 1:colcon.colcon_core.environment:checking '/home/mathijs/turtle_bot/install/sensor_simulation/bin'
[0.457s] Level 1:colcon.colcon_core.environment:checking '/home/mathijs/turtle_bot/install/sensor_simulation/lib/pkgconfig/sensor_simulation.pc'
[0.457s] Level 1:colcon.colcon_core.environment:checking '/home/mathijs/turtle_bot/install/sensor_simulation/lib/python3.10/site-packages'
[0.457s] Level 1:colcon.colcon_core.environment:checking '/home/mathijs/turtle_bot/install/sensor_simulation/bin'
[0.458s] INFO:colcon.colcon_core.shell:Creating package script '/home/mathijs/turtle_bot/install/sensor_simulation/share/sensor_simulation/package.ps1'
[0.458s] INFO:colcon.colcon_core.shell:Creating package descriptor '/home/mathijs/turtle_bot/install/sensor_simulation/share/sensor_simulation/package.dsv'
[0.459s] INFO:colcon.colcon_core.shell:Creating package script '/home/mathijs/turtle_bot/install/sensor_simulation/share/sensor_simulation/package.sh'
[0.460s] INFO:colcon.colcon_core.shell:Creating package script '/home/mathijs/turtle_bot/install/sensor_simulation/share/sensor_simulation/package.bash'
[0.461s] INFO:colcon.colcon_core.shell:Creating package script '/home/mathijs/turtle_bot/install/sensor_simulation/share/sensor_simulation/package.zsh'
[0.462s] Level 1:colcon.colcon_core.environment:create_file_with_runtime_dependencies(/home/mathijs/turtle_bot/install/sensor_simulation/share/colcon-core/packages/sensor_simulation)
[0.463s] Level 1:colcon.colcon_core.environment:create_environment_scripts_only(sensor_simulation)
[0.464s] Level 1:colcon.colcon_core.environment:checking '/home/mathijs/turtle_bot/install/sensor_simulation' for CMake module files
[0.464s] Level 1:colcon.colcon_core.environment:checking '/home/mathijs/turtle_bot/install/sensor_simulation' for CMake config files
[0.465s] Level 1:colcon.colcon_core.shell:create_environment_hook('sensor_simulation', 'cmake_prefix_path')
[0.465s] INFO:colcon.colcon_core.shell:Creating environment hook '/home/mathijs/turtle_bot/install/sensor_simulation/share/sensor_simulation/hook/cmake_prefix_path.ps1'
[0.466s] INFO:colcon.colcon_core.shell:Creating environment descriptor '/home/mathijs/turtle_bot/install/sensor_simulation/share/sensor_simulation/hook/cmake_prefix_path.dsv'
[0.466s] INFO:colcon.colcon_core.shell:Creating environment hook '/home/mathijs/turtle_bot/install/sensor_simulation/share/sensor_simulation/hook/cmake_prefix_path.sh'
[0.467s] Level 1:colcon.colcon_core.environment:checking '/home/mathijs/turtle_bot/install/sensor_simulation/lib'
[0.467s] Level 1:colcon.colcon_core.environment:checking '/home/mathijs/turtle_bot/install/sensor_simulation/bin'
[0.467s] Level 1:colcon.colcon_core.environment:checking '/home/mathijs/turtle_bot/install/sensor_simulation/lib/pkgconfig/sensor_simulation.pc'
[0.467s] Level 1:colcon.colcon_core.environment:checking '/home/mathijs/turtle_bot/install/sensor_simulation/lib/python3.10/site-packages'
[0.468s] Level 1:colcon.colcon_core.environment:checking '/home/mathijs/turtle_bot/install/sensor_simulation/bin'
[0.468s] INFO:colcon.colcon_core.shell:Creating package script '/home/mathijs/turtle_bot/install/sensor_simulation/share/sensor_simulation/package.ps1'
[0.469s] INFO:colcon.colcon_core.shell:Creating package descriptor '/home/mathijs/turtle_bot/install/sensor_simulation/share/sensor_simulation/package.dsv'
[0.470s] INFO:colcon.colcon_core.shell:Creating package script '/home/mathijs/turtle_bot/install/sensor_simulation/share/sensor_simulation/package.sh'
[0.471s] INFO:colcon.colcon_core.shell:Creating package script '/home/mathijs/turtle_bot/install/sensor_simulation/share/sensor_simulation/package.bash'
[0.471s] INFO:colcon.colcon_core.shell:Creating package script '/home/mathijs/turtle_bot/install/sensor_simulation/share/sensor_simulation/package.zsh'
[0.472s] Level 1:colcon.colcon_core.environment:create_file_with_runtime_dependencies(/home/mathijs/turtle_bot/install/sensor_simulation/share/colcon-core/packages/sensor_simulation)
[8.937s] DEBUG:colcon.colcon_core.event_handler.log_command:Invoked command in '/home/mathijs/turtle_bot/build/measurement_node' returned '0': CMAKE_PREFIX_PATH=${CMAKE_PREFIX_PATH}:/opt/ros/humble /usr/bin/cmake --build /home/mathijs/turtle_bot/build/measurement_node -- -j12 -l12
[8.938s] DEBUG:colcon.colcon_core.event_handler.log_command:Invoking command in '/home/mathijs/turtle_bot/build/measurement_node': CMAKE_PREFIX_PATH=${CMAKE_PREFIX_PATH}:/opt/ros/humble /usr/bin/cmake --install /home/mathijs/turtle_bot/build/measurement_node
[8.955s] Level 1:colcon.colcon_core.environment:create_environment_scripts_only(measurement_node)
[8.956s] DEBUG:colcon.colcon_core.event_handler.log_command:Invoked command in '/home/mathijs/turtle_bot/build/measurement_node' returned '0': CMAKE_PREFIX_PATH=${CMAKE_PREFIX_PATH}:/opt/ros/humble /usr/bin/cmake --install /home/mathijs/turtle_bot/build/measurement_node
[8.956s] Level 1:colcon.colcon_core.environment:checking '/home/mathijs/turtle_bot/install/measurement_node' for CMake module files
[8.957s] Level 1:colcon.colcon_core.environment:checking '/home/mathijs/turtle_bot/install/measurement_node' for CMake config files
[8.957s] Level 1:colcon.colcon_core.shell:create_environment_hook('measurement_node', 'cmake_prefix_path')
[8.958s] INFO:colcon.colcon_core.shell:Creating environment hook '/home/mathijs/turtle_bot/install/measurement_node/share/measurement_node/hook/cmake_prefix_path.ps1'
[8.958s] INFO:colcon.colcon_core.shell:Creating environment descriptor '/home/mathijs/turtle_bot/install/measurement_node/share/measurement_node/hook/cmake_prefix_path.dsv'
[8.959s] INFO:colcon.colcon_core.shell:Creating environment hook '/home/mathijs/turtle_bot/install/measurement_node/share/measurement_node/hook/cmake_prefix_path.sh'
[8.960s] Level 1:colcon.colcon_core.environment:checking '/home/mathijs/turtle_bot/install/measurement_node/lib'
[8.960s] Level 1:colcon.colcon_core.environment:checking '/home/mathijs/turtle_bot/install/measurement_node/bin'
[8.960s] Level 1:colcon.colcon_core.environment:checking '/home/mathijs/turtle_bot/install/measurement_node/lib/pkgconfig/measurement_node.pc'
[8.961s] Level 1:colcon.colcon_core.environment:checking '/home/mathijs/turtle_bot/install/measurement_node/lib/python3.10/site-packages'
[8.961s] Level 1:colcon.colcon_core.environment:checking '/home/mathijs/turtle_bot/install/measurement_node/bin'
[8.961s] INFO:colcon.colcon_core.shell:Creating package script '/home/mathijs/turtle_bot/install/measurement_node/share/measurement_node/package.ps1'
[8.962s] INFO:colcon.colcon_core.shell:Creating package descriptor '/home/mathijs/turtle_bot/install/measurement_node/share/measurement_node/package.dsv'
[8.962s] INFO:colcon.colcon_core.shell:Creating package script '/home/mathijs/turtle_bot/install/measurement_node/share/measurement_node/package.sh'
[8.963s] INFO:colcon.colcon_core.shell:Creating package script '/home/mathijs/turtle_bot/install/measurement_node/share/measurement_node/package.bash'
[8.963s] INFO:colcon.colcon_core.shell:Creating package script '/home/mathijs/turtle_bot/install/measurement_node/share/measurement_node/package.zsh'
[8.963s] Level 1:colcon.colcon_core.environment:create_file_with_runtime_dependencies(/home/mathijs/turtle_bot/install/measurement_node/share/colcon-core/packages/measurement_node)
[8.964s] Level 1:colcon.colcon_core.environment:create_environment_scripts_only(measurement_node)
[8.964s] Level 1:colcon.colcon_core.environment:checking '/home/mathijs/turtle_bot/install/measurement_node' for CMake module files
[8.964s] Level 1:colcon.colcon_core.environment:checking '/home/mathijs/turtle_bot/install/measurement_node' for CMake config files
[8.964s] Level 1:colcon.colcon_core.shell:create_environment_hook('measurement_node', 'cmake_prefix_path')
[8.965s] INFO:colcon.colcon_core.shell:Creating environment hook '/home/mathijs/turtle_bot/install/measurement_node/share/measurement_node/hook/cmake_prefix_path.ps1'
[8.965s] INFO:colcon.colcon_core.shell:Creating environment descriptor '/home/mathijs/turtle_bot/install/measurement_node/share/measurement_node/hook/cmake_prefix_path.dsv'
[8.965s] INFO:colcon.colcon_core.shell:Creating environment hook '/home/mathijs/turtle_bot/install/measurement_node/share/measurement_node/hook/cmake_prefix_path.sh'
[8.966s] Level 1:colcon.colcon_core.environment:checking '/home/mathijs/turtle_bot/install/measurement_node/lib'
[8.966s] Level 1:colcon.colcon_core.environment:checking '/home/mathijs/turtle_bot/install/measurement_node/bin'
[8.966s] Level 1:colcon.colcon_core.environment:checking '/home/mathijs/turtle_bot/install/measurement_node/lib/pkgconfig/measurement_node.pc'
[8.966s] Level 1:colcon.colcon_core.environment:checking '/home/mathijs/turtle_bot/install/measurement_node/lib/python3.10/site-packages'
[8.966s] Level 1:colcon.colcon_core.environment:checking '/home/mathijs/turtle_bot/install/measurement_node/bin'
[8.967s] INFO:colcon.colcon_core.shell:Creating package script '/home/mathijs/turtle_bot/install/measurement_node/share/measurement_node/package.ps1'
[8.967s] INFO:colcon.colcon_core.shell:Creating package descriptor '/home/mathijs/turtle_bot/install/measurement_node/share/measurement_node/package.dsv'
[8.968s] INFO:colcon.colcon_core.shell:Creating package script '/home/mathijs/turtle_bot/install/measurement_node/share/measurement_node/package.sh'
[8.968s] INFO:colcon.colcon_core.shell:Creating package script '/home/mathijs/turtle_bot/install/measurement_node/share/measurement_node/package.bash'
[8.968s] INFO:colcon.colcon_core.shell:Creating package script '/home/mathijs/turtle_bot/install/measurement_node/share/measurement_node/package.zsh'
[8.969s] Level 1:colcon.colcon_core.environment:create_file_with_runtime_dependencies(/home/mathijs/turtle_bot/install/measurement_node/share/colcon-core/packages/measurement_node)
[8.969s] DEBUG:colcon.colcon_parallel_executor.executor.parallel:closing loop
[8.969s] DEBUG:colcon.colcon_parallel_executor.executor.parallel:loop closed
[8.969s] DEBUG:colcon.colcon_parallel_executor.executor.parallel:run_until_complete finished with '0'
[8.969s] DEBUG:colcon.colcon_core.event_reactor:joining thread
[8.974s] INFO:colcon.colcon_core.plugin_system:Skipping extension 'colcon_notification.desktop_notification.terminal_notifier': Not used on non-Darwin systems
[8.974s] INFO:colcon.colcon_core.plugin_system:Skipping extension 'colcon_notification.desktop_notification.win32': Not used on non-Windows systems
[8.974s] INFO:colcon.colcon_notification.desktop_notification:Sending desktop notification using 'notify2'
[8.987s] DEBUG:colcon.colcon_core.event_reactor:joined thread
[8.987s] INFO:colcon.colcon_core.shell:Creating prefix script '/home/mathijs/turtle_bot/install/local_setup.ps1'
[8.988s] INFO:colcon.colcon_core.shell:Creating prefix util module '/home/mathijs/turtle_bot/install/_local_setup_util_ps1.py'
[8.990s] INFO:colcon.colcon_core.shell:Creating prefix chain script '/home/mathijs/turtle_bot/install/setup.ps1'
[8.992s] INFO:colcon.colcon_core.shell:Creating prefix script '/home/mathijs/turtle_bot/install/local_setup.sh'
[8.992s] INFO:colcon.colcon_core.shell:Creating prefix util module '/home/mathijs/turtle_bot/install/_local_setup_util_sh.py'
[8.993s] INFO:colcon.colcon_core.shell:Creating prefix chain script '/home/mathijs/turtle_bot/install/setup.sh'
[8.995s] INFO:colcon.colcon_core.shell:Creating prefix script '/home/mathijs/turtle_bot/install/local_setup.bash'
[8.995s] INFO:colcon.colcon_core.shell:Creating prefix chain script '/home/mathijs/turtle_bot/install/setup.bash'
[8.996s] INFO:colcon.colcon_core.shell:Creating prefix script '/home/mathijs/turtle_bot/install/local_setup.zsh'
[8.997s] INFO:colcon.colcon_core.shell:Creating prefix chain script '/home/mathijs/turtle_bot/install/setup.zsh'
