[0.113s] DEBUG:colcon:Command line arguments: ['/usr/bin/colcon', 'build', '--symlink-install']
[0.113s] DEBUG:colcon:Parsed command line arguments: Namespace(log_base=None, log_level=None, verb_name='build', build_base='build', install_base='install', merge_install=False, symlink_install=True, test_result_base=None, continue_on_error=False, executor='parallel', parallel_workers=12, event_handlers=None, ignore_user_meta=False, metas=['./colcon.meta'], base_paths=['.'], packages_ignore=None, packages_ignore_regex=None, paths=None, packages_up_to=None, packages_up_to_regex=None, packages_above=None, packages_above_and_dependencies=None, packages_above_depth=None, packages_select_by_dep=None, packages_skip_by_dep=None, packages_skip_up_to=None, packages_select_build_failed=False, packages_skip_build_finished=False, packages_select_test_failures=False, packages_skip_test_passed=False, packages_select=None, packages_skip=None, packages_select_regex=None, packages_skip_regex=None, packages_start=None, packages_end=None, allow_overriding=[], cmake_args=None, cmake_target=None, cmake_target_skip_unavailable=False, cmake_clean_cache=False, cmake_clean_first=False, cmake_force_configure=False, ament_cmake_args=None, catkin_cmake_args=None, catkin_skip_building_tests=False, mixin_files=None, mixin=None, verb_parser=<colcon_mixin.mixin.mixin_argument.MixinArgumentDecorator object at 0x70abd334d990>, verb_extension=<colcon_core.verb.build.BuildVerb object at 0x70abd334d4e0>, main=<bound method BuildVerb.main of <colcon_core.verb.build.BuildVerb object at 0x70abd334d4e0>>, mixin_verb=('build',))
[0.149s] Level 1:colcon.colcon_core.package_discovery:discover_packages(colcon_meta) check parameters
[0.149s] Level 1:colcon.colcon_core.package_discovery:discover_packages(recursive) check parameters
[0.149s] Level 1:colcon.colcon_core.package_discovery:discover_packages(ignore) check parameters
[0.149s] Level 1:colcon.colcon_core.package_discovery:discover_packages(path) check parameters
[0.149s] Level 1:colcon.colcon_core.package_discovery:discover_packages(colcon_meta) discover
[0.149s] Level 1:colcon.colcon_core.package_discovery:discover_packages(recursive) discover
[0.149s] INFO:colcon.colcon_core.package_discovery:Crawling recursively for packages in '/home/mathijs/turtle_bot'
[0.149s] Level 1:colcon.colcon_core.package_identification:_identify(.) by extensions ['ignore', 'ignore_ament_install']
[0.149s] Level 1:colcon.colcon_core.package_identification:_identify(.) by extension 'ignore'
[0.149s] Level 1:colcon.colcon_core.package_identification:_identify(.) by extension 'ignore_ament_install'
[0.149s] Level 1:colcon.colcon_core.package_identification:_identify(.) by extensions ['colcon_pkg']
[0.149s] Level 1:colcon.colcon_core.package_identification:_identify(.) by extension 'colcon_pkg'
[0.149s] Level 1:colcon.colcon_core.package_identification:_identify(.) by extensions ['colcon_meta']
[0.149s] Level 1:colcon.colcon_core.package_identification:_identify(.) by extension 'colcon_meta'
[0.149s] Level 1:colcon.colcon_core.package_identification:_identify(.) by extensions ['ros']
[0.149s] Level 1:colcon.colcon_core.package_identification:_identify(.) by extension 'ros'
[0.163s] Level 1:colcon.colcon_core.package_identification:_identify(.) by extensions ['cmake', 'python']
[0.163s] Level 1:colcon.colcon_core.package_identification:_identify(.) by extension 'cmake'
[0.163s] Level 1:colcon.colcon_core.package_identification:_identify(.) by extension 'python'
[0.163s] Level 1:colcon.colcon_core.package_identification:_identify(.) by extensions ['python_setup_py']
[0.163s] Level 1:colcon.colcon_core.package_identification:_identify(.) by extension 'python_setup_py'
[0.163s] Level 1:colcon.colcon_core.package_identification:_identify(build) by extensions ['ignore', 'ignore_ament_install']
[0.163s] Level 1:colcon.colcon_core.package_identification:_identify(build) by extension 'ignore'
[0.163s] Level 1:colcon.colcon_core.package_identification:_identify(build) ignored
[0.163s] Level 1:colcon.colcon_core.package_identification:_identify(data) by extensions ['ignore', 'ignore_ament_install']
[0.163s] Level 1:colcon.colcon_core.package_identification:_identify(data) by extension 'ignore'
[0.163s] Level 1:colcon.colcon_core.package_identification:_identify(data) by extension 'ignore_ament_install'
[0.164s] Level 1:colcon.colcon_core.package_identification:_identify(data) by extensions ['colcon_pkg']
[0.164s] Level 1:colcon.colcon_core.package_identification:_identify(data) by extension 'colcon_pkg'
[0.164s] Level 1:colcon.colcon_core.package_identification:_identify(data) by extensions ['colcon_meta']
[0.164s] Level 1:colcon.colcon_core.package_identification:_identify(data) by extension 'colcon_meta'
[0.164s] Level 1:colcon.colcon_core.package_identification:_identify(data) by extensions ['ros']
[0.164s] Level 1:colcon.colcon_core.package_identification:_identify(data) by extension 'ros'
[0.164s] Level 1:colcon.colcon_core.package_identification:_identify(data) by extensions ['cmake', 'python']
[0.164s] Level 1:colcon.colcon_core.package_identification:_identify(data) by extension 'cmake'
[0.164s] Level 1:colcon.colcon_core.package_identification:_identify(data) by extension 'python'
[0.164s] Level 1:colcon.colcon_core.package_identification:_identify(data) by extensions ['python_setup_py']
[0.164s] Level 1:colcon.colcon_core.package_identification:_identify(data) by extension 'python_setup_py'
[0.164s] Level 1:colcon.colcon_core.package_identification:_identify(data_replay) by extensions ['ignore', 'ignore_ament_install']
[0.164s] Level 1:colcon.colcon_core.package_identification:_identify(data_replay) by extension 'ignore'
[0.164s] Level 1:colcon.colcon_core.package_identification:_identify(data_replay) by extension 'ignore_ament_install'
[0.164s] Level 1:colcon.colcon_core.package_identification:_identify(data_replay) by extensions ['colcon_pkg']
[0.164s] Level 1:colcon.colcon_core.package_identification:_identify(data_replay) by extension 'colcon_pkg'
[0.164s] Level 1:colcon.colcon_core.package_identification:_identify(data_replay) by extensions ['colcon_meta']
[0.164s] Level 1:colcon.colcon_core.package_identification:_identify(data_replay) by extension 'colcon_meta'
[0.164s] Level 1:colcon.colcon_core.package_identification:_identify(data_replay) by extensions ['ros']
[0.164s] Level 1:colcon.colcon_core.package_identification:_identify(data_replay) by extension 'ros'
[0.166s] DEBUG:colcon.colcon_core.package_identification:Package 'data_replay' with type 'ros.ament_cmake' and name 'data_replay'
[0.166s] Level 1:colcon.colcon_core.package_identification:_identify(ekf_localization) by extensions ['ignore', 'ignore_ament_install']
[0.167s] Level 1:colcon.colcon_core.package_identification:_identify(ekf_localization) by extension 'ignore'
[0.167s] Level 1:colcon.colcon_core.package_identification:_identify(ekf_localization) by extension 'ignore_ament_install'
[0.167s] Level 1:colcon.colcon_core.package_identification:_identify(ekf_localization) by extensions ['colcon_pkg']
[0.167s] Level 1:colcon.colcon_core.package_identification:_identify(ekf_localization) by extension 'colcon_pkg'
[0.167s] Level 1:colcon.colcon_core.package_identification:_identify(ekf_localization) by extensions ['colcon_meta']
[0.167s] Level 1:colcon.colcon_core.package_identification:_identify(ekf_localization) by extension 'colcon_meta'
[0.167s] Level 1:colcon.colcon_core.package_identification:_identify(ekf_localization) by extensions ['ros']
[0.167s] Level 1:colcon.colcon_core.package_identification:_identify(ekf_localization) by extension 'ros'
[0.168s] DEBUG:colcon.colcon_core.package_identification:Package 'ekf_localization' with type 'ros.ament_cmake' and name 'ekf_localization'
[0.168s] Level 1:colcon.colcon_core.package_identification:_identify(install) by extensions ['ignore', 'ignore_ament_install']
[0.168s] Level 1:colcon.colcon_core.package_identification:_identify(install) by extension 'ignore'
[0.168s] Level 1:colcon.colcon_core.package_identification:_identify(install) ignored
[0.168s] Level 1:colcon.colcon_core.package_identification:_identify(log) by extensions ['ignore', 'ignore_ament_install']
[0.168s] Level 1:colcon.colcon_core.package_identification:_identify(log) by extension 'ignore'
[0.168s] Level 1:colcon.colcon_core.package_identification:_identify(log) ignored
[0.168s] Level 1:colcon.colcon_core.package_identification:_identify(measurement_node) by extensions ['ignore', 'ignore_ament_install']
[0.168s] Level 1:colcon.colcon_core.package_identification:_identify(measurement_node) by extension 'ignore'
[0.168s] Level 1:colcon.colcon_core.package_identification:_identify(measurement_node) by extension 'ignore_ament_install'
[0.168s] Level 1:colcon.colcon_core.package_identification:_identify(measurement_node) by extensions ['colcon_pkg']
[0.168s] Level 1:colcon.colcon_core.package_identification:_identify(measurement_node) by extension 'colcon_pkg'
[0.168s] Level 1:colcon.colcon_core.package_identification:_identify(measurement_node) by extensions ['colcon_meta']
[0.168s] Level 1:colcon.colcon_core.package_identification:_identify(measurement_node) by extension 'colcon_meta'
[0.168s] Level 1:colcon.colcon_core.package_identification:_identify(measurement_node) by extensions ['ros']
[0.168s] Level 1:colcon.colcon_core.package_identification:_identify(measurement_node) by extension 'ros'
[0.169s] DEBUG:colcon.colcon_core.package_identification:Package 'measurement_node' with type 'ros.ament_cmake' and name 'measurement_node'
[0.169s] Level 1:colcon.colcon_core.package_identification:_identify(pose_recording_20251112_174222) by extensions ['ignore', 'ignore_ament_install']
[0.169s] Level 1:colcon.colcon_core.package_identification:_identify(pose_recording_20251112_174222) by extension 'ignore'
[0.169s] Level 1:colcon.colcon_core.package_identification:_identify(pose_recording_20251112_174222) by extension 'ignore_ament_install'
[0.169s] Level 1:colcon.colcon_core.package_identification:_identify(pose_recording_20251112_174222) by extensions ['colcon_pkg']
[0.169s] Level 1:colcon.colcon_core.package_identification:_identify(pose_recording_20251112_174222) by extension 'colcon_pkg'
[0.169s] Level 1:colcon.colcon_core.package_identification:_identify(pose_recording_20251112_174222) by extensions ['colcon_meta']
[0.169s] Level 1:colcon.colcon_core.package_identification:_identify(pose_recording_20251112_174222) by extension 'colcon_meta'
[0.169s] Level 1:colcon.colcon_core.package_identification:_identify(pose_recording_20251112_174222) by extensions ['ros']
[0.169s] Level 1:colcon.colcon_core.package_identification:_identify(pose_recording_20251112_174222) by extension 'ros'
[0.169s] Level 1:colcon.colcon_core.package_identification:_identify(pose_recording_20251112_174222) by extensions ['cmake', 'python']
[0.169s] Level 1:colcon.colcon_core.package_identification:_identify(pose_recording_20251112_174222) by extension 'cmake'
[0.169s] Level 1:colcon.colcon_core.package_identification:_identify(pose_recording_20251112_174222) by extension 'python'
[0.169s] Level 1:colcon.colcon_core.package_identification:_identify(pose_recording_20251112_174222) by extensions ['python_setup_py']
[0.169s] Level 1:colcon.colcon_core.package_identification:_identify(pose_recording_20251112_174222) by extension 'python_setup_py'
[0.169s] Level 1:colcon.colcon_core.package_identification:_identify(pose_recording_20251114_094118) by extensions ['ignore', 'ignore_ament_install']
[0.169s] Level 1:colcon.colcon_core.package_identification:_identify(pose_recording_20251114_094118) by extension 'ignore'
[0.170s] Level 1:colcon.colcon_core.package_identification:_identify(pose_recording_20251114_094118) by extension 'ignore_ament_install'
[0.170s] Level 1:colcon.colcon_core.package_identification:_identify(pose_recording_20251114_094118) by extensions ['colcon_pkg']
[0.170s] Level 1:colcon.colcon_core.package_identification:_identify(pose_recording_20251114_094118) by extension 'colcon_pkg'
[0.170s] Level 1:colcon.colcon_core.package_identification:_identify(pose_recording_20251114_094118) by extensions ['colcon_meta']
[0.170s] Level 1:colcon.colcon_core.package_identification:_identify(pose_recording_20251114_094118) by extension 'colcon_meta'
[0.170s] Level 1:colcon.colcon_core.package_identification:_identify(pose_recording_20251114_094118) by extensions ['ros']
[0.170s] Level 1:colcon.colcon_core.package_identification:_identify(pose_recording_20251114_094118) by extension 'ros'
[0.170s] Level 1:colcon.colcon_core.package_identification:_identify(pose_recording_20251114_094118) by extensions ['cmake', 'python']
[0.170s] Level 1:colcon.colcon_core.package_identification:_identify(pose_recording_20251114_094118) by extension 'cmake'
[0.170s] Level 1:colcon.colcon_core.package_identification:_identify(pose_recording_20251114_094118) by extension 'python'
[0.170s] Level 1:colcon.colcon_core.package_identification:_identify(pose_recording_20251114_094118) by extensions ['python_setup_py']
[0.170s] Level 1:colcon.colcon_core.package_identification:_identify(pose_recording_20251114_094118) by extension 'python_setup_py'
[0.170s] Level 1:colcon.colcon_core.package_identification:_identify(pose_recording_20251114_101503) by extensions ['ignore', 'ignore_ament_install']
[0.170s] Level 1:colcon.colcon_core.package_identification:_identify(pose_recording_20251114_101503) by extension 'ignore'
[0.170s] Level 1:colcon.colcon_core.package_identification:_identify(pose_recording_20251114_101503) by extension 'ignore_ament_install'
[0.170s] Level 1:colcon.colcon_core.package_identification:_identify(pose_recording_20251114_101503) by extensions ['colcon_pkg']
[0.170s] Level 1:colcon.colcon_core.package_identification:_identify(pose_recording_20251114_101503) by extension 'colcon_pkg'
[0.170s] Level 1:colcon.colcon_core.package_identification:_identify(pose_recording_20251114_101503) by extensions ['colcon_meta']
[0.170s] Level 1:colcon.colcon_core.package_identification:_identify(pose_recording_20251114_101503) by extension 'colcon_meta'
[0.170s] Level 1:colcon.colcon_core.package_identification:_identify(pose_recording_20251114_101503) by extensions ['ros']
[0.170s] Level 1:colcon.colcon_core.package_identification:_identify(pose_recording_20251114_101503) by extension 'ros'
[0.170s] Level 1:colcon.colcon_core.package_identification:_identify(pose_recording_20251114_101503) by extensions ['cmake', 'python']
[0.170s] Level 1:colcon.colcon_core.package_identification:_identify(pose_recording_20251114_101503) by extension 'cmake'
[0.170s] Level 1:colcon.colcon_core.package_identification:_identify(pose_recording_20251114_101503) by extension 'python'
[0.170s] Level 1:colcon.colcon_core.package_identification:_identify(pose_recording_20251114_101503) by extensions ['python_setup_py']
[0.170s] Level 1:colcon.colcon_core.package_identification:_identify(pose_recording_20251114_101503) by extension 'python_setup_py'
[0.171s] Level 1:colcon.colcon_core.package_identification:_identify(sensor_simulation) by extensions ['ignore', 'ignore_ament_install']
[0.171s] Level 1:colcon.colcon_core.package_identification:_identify(sensor_simulation) by extension 'ignore'
[0.171s] Level 1:colcon.colcon_core.package_identification:_identify(sensor_simulation) by extension 'ignore_ament_install'
[0.171s] Level 1:colcon.colcon_core.package_identification:_identify(sensor_simulation) by extensions ['colcon_pkg']
[0.171s] Level 1:colcon.colcon_core.package_identification:_identify(sensor_simulation) by extension 'colcon_pkg'
[0.171s] Level 1:colcon.colcon_core.package_identification:_identify(sensor_simulation) by extensions ['colcon_meta']
[0.171s] Level 1:colcon.colcon_core.package_identification:_identify(sensor_simulation) by extension 'colcon_meta'
[0.171s] Level 1:colcon.colcon_core.package_identification:_identify(sensor_simulation) by extensions ['ros']
[0.171s] Level 1:colcon.colcon_core.package_identification:_identify(sensor_simulation) by extension 'ros'
[0.171s] Level 1:colcon.colcon_core.package_identification:_identify(sensor_simulation) by extensions ['cmake', 'python']
[0.171s] Level 1:colcon.colcon_core.package_identification:_identify(sensor_simulation) by extension 'cmake'
[0.171s] Level 1:colcon.colcon_core.package_identification:_identify(sensor_simulation) by extension 'python'
[0.171s] Level 1:colcon.colcon_core.package_identification:_identify(sensor_simulation) by extensions ['python_setup_py']
[0.171s] Level 1:colcon.colcon_core.package_identification:_identify(sensor_simulation) by extension 'python_setup_py'
[0.171s] Level 1:colcon.colcon_core.package_identification:_identify(sensor_simulation/sensor_simulation) by extensions ['ignore', 'ignore_ament_install']
[0.171s] Level 1:colcon.colcon_core.package_identification:_identify(sensor_simulation/sensor_simulation) by extension 'ignore'
[0.171s] Level 1:colcon.colcon_core.package_identification:_identify(sensor_simulation/sensor_simulation) by extension 'ignore_ament_install'
[0.171s] Level 1:colcon.colcon_core.package_identification:_identify(sensor_simulation/sensor_simulation) by extensions ['colcon_pkg']
[0.171s] Level 1:colcon.colcon_core.package_identification:_identify(sensor_simulation/sensor_simulation) by extension 'colcon_pkg'
[0.171s] Level 1:colcon.colcon_core.package_identification:_identify(sensor_simulation/sensor_simulation) by extensions ['colcon_meta']
[0.171s] Level 1:colcon.colcon_core.package_identification:_identify(sensor_simulation/sensor_simulation) by extension 'colcon_meta'
[0.171s] Level 1:colcon.colcon_core.package_identification:_identify(sensor_simulation/sensor_simulation) by extensions ['ros']
[0.171s] Level 1:colcon.colcon_core.package_identification:_identify(sensor_simulation/sensor_simulation) by extension 'ros'
[0.172s] DEBUG:colcon.colcon_core.package_identification:Package 'sensor_simulation/sensor_simulation' with type 'ros.ament_cmake' and name 'sensor_simulation'
[0.172s] Level 1:colcon.colcon_core.package_identification:_identify(src) by extensions ['ignore', 'ignore_ament_install']
[0.172s] Level 1:colcon.colcon_core.package_identification:_identify(src) by extension 'ignore'
[0.172s] Level 1:colcon.colcon_core.package_identification:_identify(src) by extension 'ignore_ament_install'
[0.172s] Level 1:colcon.colcon_core.package_identification:_identify(src) by extensions ['colcon_pkg']
[0.172s] Level 1:colcon.colcon_core.package_identification:_identify(src) by extension 'colcon_pkg'
[0.172s] Level 1:colcon.colcon_core.package_identification:_identify(src) by extensions ['colcon_meta']
[0.172s] Level 1:colcon.colcon_core.package_identification:_identify(src) by extension 'colcon_meta'
[0.172s] Level 1:colcon.colcon_core.package_identification:_identify(src) by extensions ['ros']
[0.172s] Level 1:colcon.colcon_core.package_identification:_identify(src) by extension 'ros'
[0.172s] Level 1:colcon.colcon_core.package_identification:_identify(src) by extensions ['cmake', 'python']
[0.172s] Level 1:colcon.colcon_core.package_identification:_identify(src) by extension 'cmake'
[0.172s] Level 1:colcon.colcon_core.package_identification:_identify(src) by extension 'python'
[0.172s] Level 1:colcon.colcon_core.package_identification:_identify(src) by extensions ['python_setup_py']
[0.172s] Level 1:colcon.colcon_core.package_identification:_identify(src) by extension 'python_setup_py'
[0.173s] Level 1:colcon.colcon_core.package_identification:_identify(src/test_visu) by extensions ['ignore', 'ignore_ament_install']
[0.173s] Level 1:colcon.colcon_core.package_identification:_identify(src/test_visu) by extension 'ignore'
[0.173s] Level 1:colcon.colcon_core.package_identification:_identify(src/test_visu) by extension 'ignore_ament_install'
[0.173s] Level 1:colcon.colcon_core.package_identification:_identify(src/test_visu) by extensions ['colcon_pkg']
[0.173s] Level 1:colcon.colcon_core.package_identification:_identify(src/test_visu) by extension 'colcon_pkg'
[0.173s] Level 1:colcon.colcon_core.package_identification:_identify(src/test_visu) by extensions ['colcon_meta']
[0.173s] Level 1:colcon.colcon_core.package_identification:_identify(src/test_visu) by extension 'colcon_meta'
[0.173s] Level 1:colcon.colcon_core.package_identification:_identify(src/test_visu) by extensions ['ros']
[0.173s] Level 1:colcon.colcon_core.package_identification:_identify(src/test_visu) by extension 'ros'
[0.173s] DEBUG:colcon.colcon_core.package_identification:Package 'src/test_visu' with type 'ros.ament_python' and name 'test_visu'
[0.173s] Level 1:colcon.colcon_core.package_discovery:discover_packages(recursive) using defaults
[0.173s] Level 1:colcon.colcon_core.package_discovery:discover_packages(ignore) discover
[0.173s] Level 1:colcon.colcon_core.package_discovery:discover_packages(ignore) using defaults
[0.173s] Level 1:colcon.colcon_core.package_discovery:discover_packages(path) discover
[0.173s] Level 1:colcon.colcon_core.package_discovery:discover_packages(path) using defaults
[0.191s] Level 1:colcon.colcon_core.package_discovery:discover_packages(prefix_path) check parameters
[0.192s] Level 1:colcon.colcon_core.package_discovery:discover_packages(prefix_path) discover
[0.193s] DEBUG:colcon.colcon_installed_package_information.package_discovery:Found 5 installed packages in /home/mathijs/turtle_bot/install
[0.195s] DEBUG:colcon.colcon_installed_package_information.package_discovery:Found 448 installed packages in /opt/ros/humble
[0.197s] Level 1:colcon.colcon_core.package_discovery:discover_packages(prefix_path) using defaults
[0.244s] Level 5:colcon.colcon_core.verb:set package 'data_replay' build argument 'cmake_args' from command line to 'None'
[0.244s] Level 5:colcon.colcon_core.verb:set package 'data_replay' build argument 'cmake_target' from command line to 'None'
[0.244s] Level 5:colcon.colcon_core.verb:set package 'data_replay' build argument 'cmake_target_skip_unavailable' from command line to 'False'
[0.244s] Level 5:colcon.colcon_core.verb:set package 'data_replay' build argument 'cmake_clean_cache' from command line to 'False'
[0.244s] Level 5:colcon.colcon_core.verb:set package 'data_replay' build argument 'cmake_clean_first' from command line to 'False'
[0.244s] Level 5:colcon.colcon_core.verb:set package 'data_replay' build argument 'cmake_force_configure' from command line to 'False'
[0.244s] Level 5:colcon.colcon_core.verb:set package 'data_replay' build argument 'ament_cmake_args' from command line to 'None'
[0.244s] Level 5:colcon.colcon_core.verb:set package 'data_replay' build argument 'catkin_cmake_args' from command line to 'None'
[0.244s] Level 5:colcon.colcon_core.verb:set package 'data_replay' build argument 'catkin_skip_building_tests' from command line to 'False'
[0.244s] DEBUG:colcon.colcon_core.verb:Building package 'data_replay' with the following arguments: {'ament_cmake_args': None, 'build_base': '/home/mathijs/turtle_bot/build/data_replay', 'catkin_cmake_args': None, 'catkin_skip_building_tests': False, 'cmake_args': None, 'cmake_clean_cache': False, 'cmake_clean_first': False, 'cmake_force_configure': False, 'cmake_target': None, 'cmake_target_skip_unavailable': False, 'install_base': '/home/mathijs/turtle_bot/install/data_replay', 'merge_install': False, 'path': '/home/mathijs/turtle_bot/data_replay', 'symlink_install': True, 'test_result_base': None}
[0.244s] Level 5:colcon.colcon_core.verb:set package 'ekf_localization' build argument 'cmake_args' from command line to 'None'
[0.245s] Level 5:colcon.colcon_core.verb:set package 'ekf_localization' build argument 'cmake_target' from command line to 'None'
[0.245s] Level 5:colcon.colcon_core.verb:set package 'ekf_localization' build argument 'cmake_target_skip_unavailable' from command line to 'False'
[0.245s] Level 5:colcon.colcon_core.verb:set package 'ekf_localization' build argument 'cmake_clean_cache' from command line to 'False'
[0.245s] Level 5:colcon.colcon_core.verb:set package 'ekf_localization' build argument 'cmake_clean_first' from command line to 'False'
[0.245s] Level 5:colcon.colcon_core.verb:set package 'ekf_localization' build argument 'cmake_force_configure' from command line to 'False'
[0.245s] Level 5:colcon.colcon_core.verb:set package 'ekf_localization' build argument 'ament_cmake_args' from command line to 'None'
[0.245s] Level 5:colcon.colcon_core.verb:set package 'ekf_localization' build argument 'catkin_cmake_args' from command line to 'None'
[0.245s] Level 5:colcon.colcon_core.verb:set package 'ekf_localization' build argument 'catkin_skip_building_tests' from command line to 'False'
[0.245s] DEBUG:colcon.colcon_core.verb:Building package 'ekf_localization' with the following arguments: {'ament_cmake_args': None, 'build_base': '/home/mathijs/turtle_bot/build/ekf_localization', 'catkin_cmake_args': None, 'catkin_skip_building_tests': False, 'cmake_args': None, 'cmake_clean_cache': False, 'cmake_clean_first': False, 'cmake_force_configure': False, 'cmake_target': None, 'cmake_target_skip_unavailable': False, 'install_base': '/home/mathijs/turtle_bot/install/ekf_localization', 'merge_install': False, 'path': '/home/mathijs/turtle_bot/ekf_localization', 'symlink_install': True, 'test_result_base': None}
[0.245s] Level 5:colcon.colcon_core.verb:set package 'measurement_node' build argument 'cmake_args' from command line to 'None'
[0.245s] Level 5:colcon.colcon_core.verb:set package 'measurement_node' build argument 'cmake_target' from command line to 'None'
[0.245s] Level 5:colcon.colcon_core.verb:set package 'measurement_node' build argument 'cmake_target_skip_unavailable' from command line to 'False'
[0.245s] Level 5:colcon.colcon_core.verb:set package 'measurement_node' build argument 'cmake_clean_cache' from command line to 'False'
[0.245s] Level 5:colcon.colcon_core.verb:set package 'measurement_node' build argument 'cmake_clean_first' from command line to 'False'
[0.245s] Level 5:colcon.colcon_core.verb:set package 'measurement_node' build argument 'cmake_force_configure' from command line to 'False'
[0.245s] Level 5:colcon.colcon_core.verb:set package 'measurement_node' build argument 'ament_cmake_args' from command line to 'None'
[0.245s] Level 5:colcon.colcon_core.verb:set package 'measurement_node' build argument 'catkin_cmake_args' from command line to 'None'
[0.245s] Level 5:colcon.colcon_core.verb:set package 'measurement_node' build argument 'catkin_skip_building_tests' from command line to 'False'
[0.245s] DEBUG:colcon.colcon_core.verb:Building package 'measurement_node' with the following arguments: {'ament_cmake_args': None, 'build_base': '/home/mathijs/turtle_bot/build/measurement_node', 'catkin_cmake_args': None, 'catkin_skip_building_tests': False, 'cmake_args': None, 'cmake_clean_cache': False, 'cmake_clean_first': False, 'cmake_force_configure': False, 'cmake_target': None, 'cmake_target_skip_unavailable': False, 'install_base': '/home/mathijs/turtle_bot/install/measurement_node', 'merge_install': False, 'path': '/home/mathijs/turtle_bot/measurement_node', 'symlink_install': True, 'test_result_base': None}
[0.245s] Level 5:colcon.colcon_core.verb:set package 'sensor_simulation' build argument 'cmake_args' from command line to 'None'
[0.245s] Level 5:colcon.colcon_core.verb:set package 'sensor_simulation' build argument 'cmake_target' from command line to 'None'
[0.245s] Level 5:colcon.colcon_core.verb:set package 'sensor_simulation' build argument 'cmake_target_skip_unavailable' from command line to 'False'
[0.245s] Level 5:colcon.colcon_core.verb:set package 'sensor_simulation' build argument 'cmake_clean_cache' from command line to 'False'
[0.246s] Level 5:colcon.colcon_core.verb:set package 'sensor_simulation' build argument 'cmake_clean_first' from command line to 'False'
[0.246s] Level 5:colcon.colcon_core.verb:set package 'sensor_simulation' build argument 'cmake_force_configure' from command line to 'False'
[0.246s] Level 5:colcon.colcon_core.verb:set package 'sensor_simulation' build argument 'ament_cmake_args' from command line to 'None'
[0.246s] Level 5:colcon.colcon_core.verb:set package 'sensor_simulation' build argument 'catkin_cmake_args' from command line to 'None'
[0.246s] Level 5:colcon.colcon_core.verb:set package 'sensor_simulation' build argument 'catkin_skip_building_tests' from command line to 'False'
[0.246s] DEBUG:colcon.colcon_core.verb:Building package 'sensor_simulation' with the following arguments: {'ament_cmake_args': None, 'build_base': '/home/mathijs/turtle_bot/build/sensor_simulation', 'catkin_cmake_args': None, 'catkin_skip_building_tests': False, 'cmake_args': None, 'cmake_clean_cache': False, 'cmake_clean_first': False, 'cmake_force_configure': False, 'cmake_target': None, 'cmake_target_skip_unavailable': False, 'install_base': '/home/mathijs/turtle_bot/install/sensor_simulation', 'merge_install': False, 'path': '/home/mathijs/turtle_bot/sensor_simulation/sensor_simulation', 'symlink_install': True, 'test_result_base': None}
[0.246s] Level 5:colcon.colcon_core.verb:set package 'test_visu' build argument 'cmake_args' from command line to 'None'
[0.246s] Level 5:colcon.colcon_core.verb:set package 'test_visu' build argument 'cmake_target' from command line to 'None'
[0.246s] Level 5:colcon.colcon_core.verb:set package 'test_visu' build argument 'cmake_target_skip_unavailable' from command line to 'False'
[0.246s] Level 5:colcon.colcon_core.verb:set package 'test_visu' build argument 'cmake_clean_cache' from command line to 'False'
[0.246s] Level 5:colcon.colcon_core.verb:set package 'test_visu' build argument 'cmake_clean_first' from command line to 'False'
[0.246s] Level 5:colcon.colcon_core.verb:set package 'test_visu' build argument 'cmake_force_configure' from command line to 'False'
[0.246s] Level 5:colcon.colcon_core.verb:set package 'test_visu' build argument 'ament_cmake_args' from command line to 'None'
[0.246s] Level 5:colcon.colcon_core.verb:set package 'test_visu' build argument 'catkin_cmake_args' from command line to 'None'
[0.246s] Level 5:colcon.colcon_core.verb:set package 'test_visu' build argument 'catkin_skip_building_tests' from command line to 'False'
[0.246s] DEBUG:colcon.colcon_core.verb:Building package 'test_visu' with the following arguments: {'ament_cmake_args': None, 'build_base': '/home/mathijs/turtle_bot/build/test_visu', 'catkin_cmake_args': None, 'catkin_skip_building_tests': False, 'cmake_args': None, 'cmake_clean_cache': False, 'cmake_clean_first': False, 'cmake_force_configure': False, 'cmake_target': None, 'cmake_target_skip_unavailable': False, 'install_base': '/home/mathijs/turtle_bot/install/test_visu', 'merge_install': False, 'path': '/home/mathijs/turtle_bot/src/test_visu', 'symlink_install': True, 'test_result_base': None}
[0.246s] INFO:colcon.colcon_core.executor:Executing jobs using 'parallel' executor
[0.247s] DEBUG:colcon.colcon_parallel_executor.executor.parallel:run_until_complete
[0.247s] INFO:colcon.colcon_ros.task.ament_cmake.build:Building ROS package in '/home/mathijs/turtle_bot/data_replay' with build type 'ament_cmake'
[0.247s] INFO:colcon.colcon_cmake.task.cmake.build:Building CMake package in '/home/mathijs/turtle_bot/data_replay'
[0.249s] INFO:colcon.colcon_core.plugin_system:Skipping extension 'colcon_core.shell.bat': Not used on non-Windows systems
[0.250s] INFO:colcon.colcon_core.shell:Skip shell extension 'powershell' for command environment: Not usable outside of PowerShell
[0.250s] DEBUG:colcon.colcon_core.shell:Skip shell extension 'dsv' for command environment
[0.270s] INFO:colcon.colcon_ros.task.ament_cmake.build:Building ROS package in '/home/mathijs/turtle_bot/ekf_localization' with build type 'ament_cmake'
[0.270s] INFO:colcon.colcon_cmake.task.cmake.build:Building CMake package in '/home/mathijs/turtle_bot/ekf_localization'
[0.270s] INFO:colcon.colcon_core.shell:Skip shell extension 'powershell' for command environment: Not usable outside of PowerShell
[0.270s] DEBUG:colcon.colcon_core.shell:Skip shell extension 'dsv' for command environment
[0.274s] INFO:colcon.colcon_ros.task.ament_cmake.build:Building ROS package in '/home/mathijs/turtle_bot/measurement_node' with build type 'ament_cmake'
[0.274s] INFO:colcon.colcon_cmake.task.cmake.build:Building CMake package in '/home/mathijs/turtle_bot/measurement_node'
[0.275s] INFO:colcon.colcon_core.shell:Skip shell extension 'powershell' for command environment: Not usable outside of PowerShell
[0.275s] DEBUG:colcon.colcon_core.shell:Skip shell extension 'dsv' for command environment
[0.280s] INFO:colcon.colcon_ros.task.ament_cmake.build:Building ROS package in '/home/mathijs/turtle_bot/sensor_simulation/sensor_simulation' with build type 'ament_cmake'
[0.280s] INFO:colcon.colcon_cmake.task.cmake.build:Building CMake package in '/home/mathijs/turtle_bot/sensor_simulation/sensor_simulation'
[0.280s] INFO:colcon.colcon_core.shell:Skip shell extension 'powershell' for command environment: Not usable outside of PowerShell
[0.281s] DEBUG:colcon.colcon_core.shell:Skip shell extension 'dsv' for command environment
[0.285s] INFO:colcon.colcon_ros.task.ament_python.build:Building ROS package in '/home/mathijs/turtle_bot/src/test_visu' with build type 'ament_python'
[0.285s] Level 1:colcon.colcon_core.shell:create_environment_hook('test_visu', 'ament_prefix_path')
[0.286s] INFO:colcon.colcon_core.shell:Creating environment hook '/home/mathijs/turtle_bot/install/test_visu/share/test_visu/hook/ament_prefix_path.ps1'
[0.287s] INFO:colcon.colcon_core.shell:Creating environment descriptor '/home/mathijs/turtle_bot/install/test_visu/share/test_visu/hook/ament_prefix_path.dsv'
[0.287s] INFO:colcon.colcon_core.shell:Creating environment hook '/home/mathijs/turtle_bot/install/test_visu/share/test_visu/hook/ament_prefix_path.sh'
[0.288s] INFO:colcon.colcon_core.shell:Skip shell extension 'powershell' for command environment: Not usable outside of PowerShell
[0.288s] DEBUG:colcon.colcon_core.shell:Skip shell extension 'dsv' for command environment
[0.301s] DEBUG:colcon.colcon_core.event_handler.log_command:Invoking command in '/home/mathijs/turtle_bot/build/data_replay': CMAKE_PREFIX_PATH=${CMAKE_PREFIX_PATH}:/opt/ros/humble /usr/bin/cmake --build /home/mathijs/turtle_bot/build/data_replay -- -j12 -l12
[0.305s] DEBUG:colcon.colcon_core.event_handler.log_command:Invoking command in '/home/mathijs/turtle_bot/build/ekf_localization': CMAKE_PREFIX_PATH=${CMAKE_PREFIX_PATH}:/opt/ros/humble /usr/bin/cmake --build /home/mathijs/turtle_bot/build/ekf_localization -- -j12 -l12
[0.309s] DEBUG:colcon.colcon_core.event_handler.log_command:Invoking command in '/home/mathijs/turtle_bot/build/measurement_node': CMAKE_PREFIX_PATH=${CMAKE_PREFIX_PATH}:/opt/ros/humble /usr/bin/cmake --build /home/mathijs/turtle_bot/build/measurement_node -- -j12 -l12
[0.314s] DEBUG:colcon.colcon_core.event_handler.log_command:Invoking command in '/home/mathijs/turtle_bot/build/sensor_simulation': CMAKE_PREFIX_PATH=${CMAKE_PREFIX_PATH}:/opt/ros/humble /usr/bin/cmake --build /home/mathijs/turtle_bot/build/sensor_simulation -- -j12 -l12
[0.604s] INFO:colcon.colcon_core.task.python.build:Building Python package in '/home/mathijs/turtle_bot/src/test_visu'
[0.604s] INFO:colcon.colcon_core.shell:Skip shell extension 'powershell' for command environment: Not usable outside of PowerShell
[0.604s] DEBUG:colcon.colcon_core.shell:Skip shell extension 'dsv' for command environment
[0.611s] DEBUG:colcon.colcon_core.event_handler.log_command:Invoked command in '/home/mathijs/turtle_bot/build/sensor_simulation' returned '0': CMAKE_PREFIX_PATH=${CMAKE_PREFIX_PATH}:/opt/ros/humble /usr/bin/cmake --build /home/mathijs/turtle_bot/build/sensor_simulation -- -j12 -l12
[0.623s] DEBUG:colcon.colcon_core.event_handler.log_command:Invoking command in '/home/mathijs/turtle_bot/build/sensor_simulation': CMAKE_PREFIX_PATH=${CMAKE_PREFIX_PATH}:/opt/ros/humble /usr/bin/cmake --install /home/mathijs/turtle_bot/build/sensor_simulation
[0.624s] DEBUG:colcon.colcon_core.event_handler.log_command:Invoked command in '/home/mathijs/turtle_bot/build/measurement_node' returned '0': CMAKE_PREFIX_PATH=${CMAKE_PREFIX_PATH}:/opt/ros/humble /usr/bin/cmake --build /home/mathijs/turtle_bot/build/measurement_node -- -j12 -l12
[0.627s] DEBUG:colcon.colcon_core.event_handler.log_command:Invoking command in '/home/mathijs/turtle_bot/build/measurement_node': CMAKE_PREFIX_PATH=${CMAKE_PREFIX_PATH}:/opt/ros/humble /usr/bin/cmake --install /home/mathijs/turtle_bot/build/measurement_node
[0.629s] DEBUG:colcon.colcon_core.event_handler.log_command:Invoked command in '/home/mathijs/turtle_bot/build/data_replay' returned '0': CMAKE_PREFIX_PATH=${CMAKE_PREFIX_PATH}:/opt/ros/humble /usr/bin/cmake --build /home/mathijs/turtle_bot/build/data_replay -- -j12 -l12
[0.633s] DEBUG:colcon.colcon_core.event_handler.log_command:Invoking command in '/home/mathijs/turtle_bot/build/data_replay': CMAKE_PREFIX_PATH=${CMAKE_PREFIX_PATH}:/opt/ros/humble /usr/bin/cmake --install /home/mathijs/turtle_bot/build/data_replay
[0.659s] Level 1:colcon.colcon_core.environment:create_environment_scripts_only(sensor_simulation)
[0.660s] DEBUG:colcon.colcon_core.event_handler.log_command:Invoked command in '/home/mathijs/turtle_bot/build/sensor_simulation' returned '0': CMAKE_PREFIX_PATH=${CMAKE_PREFIX_PATH}:/opt/ros/humble /usr/bin/cmake --install /home/mathijs/turtle_bot/build/sensor_simulation
[0.663s] Level 1:colcon.colcon_core.environment:checking '/home/mathijs/turtle_bot/install/sensor_simulation' for CMake module files
[0.664s] Level 1:colcon.colcon_core.environment:checking '/home/mathijs/turtle_bot/install/sensor_simulation' for CMake config files
[0.664s] Level 1:colcon.colcon_core.shell:create_environment_hook('sensor_simulation', 'cmake_prefix_path')
[0.665s] INFO:colcon.colcon_core.shell:Creating environment hook '/home/mathijs/turtle_bot/install/sensor_simulation/share/sensor_simulation/hook/cmake_prefix_path.ps1'
[0.666s] INFO:colcon.colcon_core.shell:Creating environment descriptor '/home/mathijs/turtle_bot/install/sensor_simulation/share/sensor_simulation/hook/cmake_prefix_path.dsv'
[0.667s] INFO:colcon.colcon_core.shell:Creating environment hook '/home/mathijs/turtle_bot/install/sensor_simulation/share/sensor_simulation/hook/cmake_prefix_path.sh'
[0.668s] Level 1:colcon.colcon_core.environment:checking '/home/mathijs/turtle_bot/install/sensor_simulation/lib'
[0.668s] Level 1:colcon.colcon_core.environment:checking '/home/mathijs/turtle_bot/install/sensor_simulation/bin'
[0.668s] Level 1:colcon.colcon_core.environment:checking '/home/mathijs/turtle_bot/install/sensor_simulation/lib/pkgconfig/sensor_simulation.pc'
[0.669s] Level 1:colcon.colcon_core.environment:checking '/home/mathijs/turtle_bot/install/sensor_simulation/lib/python3.10/site-packages'
[0.669s] Level 1:colcon.colcon_core.environment:checking '/home/mathijs/turtle_bot/install/sensor_simulation/bin'
[0.669s] INFO:colcon.colcon_core.shell:Creating package script '/home/mathijs/turtle_bot/install/sensor_simulation/share/sensor_simulation/package.ps1'
[0.670s] INFO:colcon.colcon_core.shell:Creating package descriptor '/home/mathijs/turtle_bot/install/sensor_simulation/share/sensor_simulation/package.dsv'
[0.671s] INFO:colcon.colcon_core.shell:Creating package script '/home/mathijs/turtle_bot/install/sensor_simulation/share/sensor_simulation/package.sh'
[0.672s] INFO:colcon.colcon_core.shell:Creating package script '/home/mathijs/turtle_bot/install/sensor_simulation/share/sensor_simulation/package.bash'
[0.673s] INFO:colcon.colcon_core.shell:Creating package script '/home/mathijs/turtle_bot/install/sensor_simulation/share/sensor_simulation/package.zsh'
[0.674s] Level 1:colcon.colcon_core.environment:create_file_with_runtime_dependencies(/home/mathijs/turtle_bot/install/sensor_simulation/share/colcon-core/packages/sensor_simulation)
[0.675s] Level 1:colcon.colcon_core.environment:create_environment_scripts_only(sensor_simulation)
[0.675s] Level 1:colcon.colcon_core.environment:checking '/home/mathijs/turtle_bot/install/sensor_simulation' for CMake module files
[0.676s] Level 1:colcon.colcon_core.environment:checking '/home/mathijs/turtle_bot/install/sensor_simulation' for CMake config files
[0.676s] Level 1:colcon.colcon_core.shell:create_environment_hook('sensor_simulation', 'cmake_prefix_path')
[0.676s] INFO:colcon.colcon_core.shell:Creating environment hook '/home/mathijs/turtle_bot/install/sensor_simulation/share/sensor_simulation/hook/cmake_prefix_path.ps1'
[0.677s] INFO:colcon.colcon_core.shell:Creating environment descriptor '/home/mathijs/turtle_bot/install/sensor_simulation/share/sensor_simulation/hook/cmake_prefix_path.dsv'
[0.677s] INFO:colcon.colcon_core.shell:Creating environment hook '/home/mathijs/turtle_bot/install/sensor_simulation/share/sensor_simulation/hook/cmake_prefix_path.sh'
[0.678s] Level 1:colcon.colcon_core.environment:checking '/home/mathijs/turtle_bot/install/sensor_simulation/lib'
[0.678s] Level 1:colcon.colcon_core.environment:checking '/home/mathijs/turtle_bot/install/sensor_simulation/bin'
[0.678s] Level 1:colcon.colcon_core.environment:checking '/home/mathijs/turtle_bot/install/sensor_simulation/lib/pkgconfig/sensor_simulation.pc'
[0.678s] Level 1:colcon.colcon_core.environment:checking '/home/mathijs/turtle_bot/install/sensor_simulation/lib/python3.10/site-packages'
[0.679s] Level 1:colcon.colcon_core.environment:checking '/home/mathijs/turtle_bot/install/sensor_simulation/bin'
[0.679s] INFO:colcon.colcon_core.shell:Creating package script '/home/mathijs/turtle_bot/install/sensor_simulation/share/sensor_simulation/package.ps1'
[0.681s] INFO:colcon.colcon_core.shell:Creating package descriptor '/home/mathijs/turtle_bot/install/sensor_simulation/share/sensor_simulation/package.dsv'
[0.681s] INFO:colcon.colcon_core.shell:Creating package script '/home/mathijs/turtle_bot/install/sensor_simulation/share/sensor_simulation/package.sh'
[0.682s] INFO:colcon.colcon_core.shell:Creating package script '/home/mathijs/turtle_bot/install/sensor_simulation/share/sensor_simulation/package.bash'
[0.683s] INFO:colcon.colcon_core.shell:Creating package script '/home/mathijs/turtle_bot/install/sensor_simulation/share/sensor_simulation/package.zsh'
[0.684s] Level 1:colcon.colcon_core.environment:create_file_with_runtime_dependencies(/home/mathijs/turtle_bot/install/sensor_simulation/share/colcon-core/packages/sensor_simulation)
[0.685s] Level 1:colcon.colcon_core.environment:create_environment_scripts_only(measurement_node)
[0.686s] Level 1:colcon.colcon_core.environment:checking '/home/mathijs/turtle_bot/install/measurement_node' for CMake module files
[0.686s] DEBUG:colcon.colcon_core.event_handler.log_command:Invoked command in '/home/mathijs/turtle_bot/build/measurement_node' returned '0': CMAKE_PREFIX_PATH=${CMAKE_PREFIX_PATH}:/opt/ros/humble /usr/bin/cmake --install /home/mathijs/turtle_bot/build/measurement_node
[0.687s] Level 1:colcon.colcon_core.environment:checking '/home/mathijs/turtle_bot/install/measurement_node' for CMake config files
[0.687s] Level 1:colcon.colcon_core.shell:create_environment_hook('measurement_node', 'cmake_prefix_path')
[0.687s] INFO:colcon.colcon_core.shell:Creating environment hook '/home/mathijs/turtle_bot/install/measurement_node/share/measurement_node/hook/cmake_prefix_path.ps1'
[0.688s] INFO:colcon.colcon_core.shell:Creating environment descriptor '/home/mathijs/turtle_bot/install/measurement_node/share/measurement_node/hook/cmake_prefix_path.dsv'
[0.688s] INFO:colcon.colcon_core.shell:Creating environment hook '/home/mathijs/turtle_bot/install/measurement_node/share/measurement_node/hook/cmake_prefix_path.sh'
[0.689s] Level 1:colcon.colcon_core.environment:checking '/home/mathijs/turtle_bot/install/measurement_node/lib'
[0.689s] Level 1:colcon.colcon_core.environment:checking '/home/mathijs/turtle_bot/install/measurement_node/bin'
[0.689s] Level 1:colcon.colcon_core.environment:checking '/home/mathijs/turtle_bot/install/measurement_node/lib/pkgconfig/measurement_node.pc'
[0.689s] Level 1:colcon.colcon_core.environment:checking '/home/mathijs/turtle_bot/install/measurement_node/lib/python3.10/site-packages'
[0.689s] Level 1:colcon.colcon_core.environment:checking '/home/mathijs/turtle_bot/install/measurement_node/bin'
[0.689s] INFO:colcon.colcon_core.shell:Creating package script '/home/mathijs/turtle_bot/install/measurement_node/share/measurement_node/package.ps1'
[0.690s] INFO:colcon.colcon_core.shell:Creating package descriptor '/home/mathijs/turtle_bot/install/measurement_node/share/measurement_node/package.dsv'
[0.691s] INFO:colcon.colcon_core.shell:Creating package script '/home/mathijs/turtle_bot/install/measurement_node/share/measurement_node/package.sh'
[0.691s] INFO:colcon.colcon_core.shell:Creating package script '/home/mathijs/turtle_bot/install/measurement_node/share/measurement_node/package.bash'
[0.692s] INFO:colcon.colcon_core.shell:Creating package script '/home/mathijs/turtle_bot/install/measurement_node/share/measurement_node/package.zsh'
[0.692s] Level 1:colcon.colcon_core.environment:create_file_with_runtime_dependencies(/home/mathijs/turtle_bot/install/measurement_node/share/colcon-core/packages/measurement_node)
[0.693s] Level 1:colcon.colcon_core.environment:create_environment_scripts_only(measurement_node)
[0.693s] Level 1:colcon.colcon_core.environment:checking '/home/mathijs/turtle_bot/install/measurement_node' for CMake module files
[0.694s] Level 1:colcon.colcon_core.environment:checking '/home/mathijs/turtle_bot/install/measurement_node' for CMake config files
[0.694s] Level 1:colcon.colcon_core.shell:create_environment_hook('measurement_node', 'cmake_prefix_path')
[0.694s] INFO:colcon.colcon_core.shell:Creating environment hook '/home/mathijs/turtle_bot/install/measurement_node/share/measurement_node/hook/cmake_prefix_path.ps1'
[0.694s] INFO:colcon.colcon_core.shell:Creating environment descriptor '/home/mathijs/turtle_bot/install/measurement_node/share/measurement_node/hook/cmake_prefix_path.dsv'
[0.695s] INFO:colcon.colcon_core.shell:Creating environment hook '/home/mathijs/turtle_bot/install/measurement_node/share/measurement_node/hook/cmake_prefix_path.sh'
[0.695s] Level 1:colcon.colcon_core.environment:checking '/home/mathijs/turtle_bot/install/measurement_node/lib'
[0.695s] Level 1:colcon.colcon_core.environment:checking '/home/mathijs/turtle_bot/install/measurement_node/bin'
[0.696s] Level 1:colcon.colcon_core.environment:checking '/home/mathijs/turtle_bot/install/measurement_node/lib/pkgconfig/measurement_node.pc'
[0.696s] Level 1:colcon.colcon_core.environment:checking '/home/mathijs/turtle_bot/install/measurement_node/lib/python3.10/site-packages'
[0.696s] Level 1:colcon.colcon_core.environment:checking '/home/mathijs/turtle_bot/install/measurement_node/bin'
[0.697s] INFO:colcon.colcon_core.shell:Creating package script '/home/mathijs/turtle_bot/install/measurement_node/share/measurement_node/package.ps1'
[0.698s] INFO:colcon.colcon_core.shell:Creating package descriptor '/home/mathijs/turtle_bot/install/measurement_node/share/measurement_node/package.dsv'
[0.698s] INFO:colcon.colcon_core.shell:Creating package script '/home/mathijs/turtle_bot/install/measurement_node/share/measurement_node/package.sh'
[0.699s] INFO:colcon.colcon_core.shell:Creating package script '/home/mathijs/turtle_bot/install/measurement_node/share/measurement_node/package.bash'
[0.699s] INFO:colcon.colcon_core.shell:Creating package script '/home/mathijs/turtle_bot/install/measurement_node/share/measurement_node/package.zsh'
[0.699s] Level 1:colcon.colcon_core.environment:create_file_with_runtime_dependencies(/home/mathijs/turtle_bot/install/measurement_node/share/colcon-core/packages/measurement_node)
[0.700s] Level 1:colcon.colcon_core.environment:create_environment_scripts_only(data_replay)
[0.701s] Level 1:colcon.colcon_core.environment:checking '/home/mathijs/turtle_bot/install/data_replay' for CMake module files
[0.701s] DEBUG:colcon.colcon_core.event_handler.log_command:Invoked command in '/home/mathijs/turtle_bot/build/data_replay' returned '0': CMAKE_PREFIX_PATH=${CMAKE_PREFIX_PATH}:/opt/ros/humble /usr/bin/cmake --install /home/mathijs/turtle_bot/build/data_replay
[0.702s] Level 1:colcon.colcon_core.environment:checking '/home/mathijs/turtle_bot/install/data_replay' for CMake config files
[0.702s] Level 1:colcon.colcon_core.shell:create_environment_hook('data_replay', 'cmake_prefix_path')
[0.702s] INFO:colcon.colcon_core.shell:Creating environment hook '/home/mathijs/turtle_bot/install/data_replay/share/data_replay/hook/cmake_prefix_path.ps1'
[0.703s] INFO:colcon.colcon_core.shell:Creating environment descriptor '/home/mathijs/turtle_bot/install/data_replay/share/data_replay/hook/cmake_prefix_path.dsv'
[0.703s] INFO:colcon.colcon_core.shell:Creating environment hook '/home/mathijs/turtle_bot/install/data_replay/share/data_replay/hook/cmake_prefix_path.sh'
[0.704s] Level 1:colcon.colcon_core.environment:checking '/home/mathijs/turtle_bot/install/data_replay/lib'
[0.704s] Level 1:colcon.colcon_core.environment:checking '/home/mathijs/turtle_bot/install/data_replay/bin'
[0.704s] Level 1:colcon.colcon_core.environment:checking '/home/mathijs/turtle_bot/install/data_replay/lib/pkgconfig/data_replay.pc'
[0.704s] Level 1:colcon.colcon_core.environment:checking '/home/mathijs/turtle_bot/install/data_replay/lib/python3.10/site-packages'
[0.705s] Level 1:colcon.colcon_core.environment:checking '/home/mathijs/turtle_bot/install/data_replay/bin'
[0.705s] INFO:colcon.colcon_core.shell:Creating package script '/home/mathijs/turtle_bot/install/data_replay/share/data_replay/package.ps1'
[0.707s] INFO:colcon.colcon_core.shell:Creating package descriptor '/home/mathijs/turtle_bot/install/data_replay/share/data_replay/package.dsv'
[0.707s] INFO:colcon.colcon_core.shell:Creating package script '/home/mathijs/turtle_bot/install/data_replay/share/data_replay/package.sh'
[0.708s] INFO:colcon.colcon_core.shell:Creating package script '/home/mathijs/turtle_bot/install/data_replay/share/data_replay/package.bash'
[0.708s] INFO:colcon.colcon_core.shell:Creating package script '/home/mathijs/turtle_bot/install/data_replay/share/data_replay/package.zsh'
[0.709s] Level 1:colcon.colcon_core.environment:create_file_with_runtime_dependencies(/home/mathijs/turtle_bot/install/data_replay/share/colcon-core/packages/data_replay)
[0.709s] Level 1:colcon.colcon_core.environment:create_environment_scripts_only(data_replay)
[0.710s] Level 1:colcon.colcon_core.environment:checking '/home/mathijs/turtle_bot/install/data_replay' for CMake module files
[0.710s] Level 1:colcon.colcon_core.environment:checking '/home/mathijs/turtle_bot/install/data_replay' for CMake config files
[0.710s] Level 1:colcon.colcon_core.shell:create_environment_hook('data_replay', 'cmake_prefix_path')
[0.711s] INFO:colcon.colcon_core.shell:Creating environment hook '/home/mathijs/turtle_bot/install/data_replay/share/data_replay/hook/cmake_prefix_path.ps1'
[0.711s] INFO:colcon.colcon_core.shell:Creating environment descriptor '/home/mathijs/turtle_bot/install/data_replay/share/data_replay/hook/cmake_prefix_path.dsv'
[0.712s] INFO:colcon.colcon_core.shell:Creating environment hook '/home/mathijs/turtle_bot/install/data_replay/share/data_replay/hook/cmake_prefix_path.sh'
[0.712s] Level 1:colcon.colcon_core.environment:checking '/home/mathijs/turtle_bot/install/data_replay/lib'
[0.712s] Level 1:colcon.colcon_core.environment:checking '/home/mathijs/turtle_bot/install/data_replay/bin'
[0.713s] Level 1:colcon.colcon_core.environment:checking '/home/mathijs/turtle_bot/install/data_replay/lib/pkgconfig/data_replay.pc'
[0.713s] Level 1:colcon.colcon_core.environment:checking '/home/mathijs/turtle_bot/install/data_replay/lib/python3.10/site-packages'
[0.713s] Level 1:colcon.colcon_core.environment:checking '/home/mathijs/turtle_bot/install/data_replay/bin'
[0.713s] INFO:colcon.colcon_core.shell:Creating package script '/home/mathijs/turtle_bot/install/data_replay/share/data_replay/package.ps1'
[0.714s] INFO:colcon.colcon_core.shell:Creating package descriptor '/home/mathijs/turtle_bot/install/data_replay/share/data_replay/package.dsv'
[0.715s] INFO:colcon.colcon_core.shell:Creating package script '/home/mathijs/turtle_bot/install/data_replay/share/data_replay/package.sh'
[0.715s] INFO:colcon.colcon_core.shell:Creating package script '/home/mathijs/turtle_bot/install/data_replay/share/data_replay/package.bash'
[0.716s] INFO:colcon.colcon_core.shell:Creating package script '/home/mathijs/turtle_bot/install/data_replay/share/data_replay/package.zsh'
[0.716s] Level 1:colcon.colcon_core.environment:create_file_with_runtime_dependencies(/home/mathijs/turtle_bot/install/data_replay/share/colcon-core/packages/data_replay)
[1.473s] DEBUG:colcon.colcon_core.event_handler.log_command:Invoking command in '/home/mathijs/turtle_bot/build/test_visu': PYTHONPATH=/home/mathijs/turtle_bot/build/test_visu/prefix_override:/usr/lib/python3/dist-packages/colcon_core/task/python/colcon_distutils_commands:/home/mathijs/turtle_bot/install/test_visu/lib/python3.10/site-packages:${PYTHONPATH} /usr/bin/python3 -W ignore:setup.py install is deprecated -W ignore:easy_install command is deprecated setup.py develop --editable --build-directory /home/mathijs/turtle_bot/build/test_visu/build --no-deps symlink_data
[2.315s] Level 1:colcon.colcon_core.shell:create_environment_hook('test_visu', 'pythonpath_develop')
[2.315s] INFO:colcon.colcon_core.shell:Creating environment hook '/home/mathijs/turtle_bot/build/test_visu/share/test_visu/hook/pythonpath_develop.ps1'
[2.317s] DEBUG:colcon.colcon_core.event_handler.log_command:Invoked command in '/home/mathijs/turtle_bot/build/test_visu' returned '0': PYTHONPATH=/home/mathijs/turtle_bot/build/test_visu/prefix_override:/usr/lib/python3/dist-packages/colcon_core/task/python/colcon_distutils_commands:/home/mathijs/turtle_bot/install/test_visu/lib/python3.10/site-packages:${PYTHONPATH} /usr/bin/python3 -W ignore:setup.py install is deprecated -W ignore:easy_install command is deprecated setup.py develop --editable --build-directory /home/mathijs/turtle_bot/build/test_visu/build --no-deps symlink_data
[2.317s] INFO:colcon.colcon_core.shell:Creating environment descriptor '/home/mathijs/turtle_bot/build/test_visu/share/test_visu/hook/pythonpath_develop.dsv'
[2.318s] INFO:colcon.colcon_core.shell:Creating environment hook '/home/mathijs/turtle_bot/build/test_visu/share/test_visu/hook/pythonpath_develop.sh'
[2.319s] Level 1:colcon.colcon_core.environment:checking '/home/mathijs/turtle_bot/install/test_visu' for CMake module files
[2.319s] Level 1:colcon.colcon_core.environment:checking '/home/mathijs/turtle_bot/install/test_visu' for CMake config files
[2.320s] Level 1:colcon.colcon_core.environment:checking '/home/mathijs/turtle_bot/install/test_visu/lib'
[2.320s] Level 1:colcon.colcon_core.environment:checking '/home/mathijs/turtle_bot/install/test_visu/bin'
[2.320s] Level 1:colcon.colcon_core.environment:checking '/home/mathijs/turtle_bot/install/test_visu/lib/pkgconfig/test_visu.pc'
[2.321s] Level 1:colcon.colcon_core.environment:checking '/home/mathijs/turtle_bot/install/test_visu/lib/python3.10/site-packages'
[2.321s] Level 1:colcon.colcon_core.shell:create_environment_hook('test_visu', 'pythonpath')
[2.321s] INFO:colcon.colcon_core.shell:Creating environment hook '/home/mathijs/turtle_bot/install/test_visu/share/test_visu/hook/pythonpath.ps1'
[2.322s] INFO:colcon.colcon_core.shell:Creating environment descriptor '/home/mathijs/turtle_bot/install/test_visu/share/test_visu/hook/pythonpath.dsv'
[2.322s] INFO:colcon.colcon_core.shell:Creating environment hook '/home/mathijs/turtle_bot/install/test_visu/share/test_visu/hook/pythonpath.sh'
[2.323s] Level 1:colcon.colcon_core.environment:checking '/home/mathijs/turtle_bot/install/test_visu/bin'
[2.324s] Level 1:colcon.colcon_core.environment:create_environment_scripts_only(test_visu)
[2.324s] INFO:colcon.colcon_core.shell:Creating package script '/home/mathijs/turtle_bot/install/test_visu/share/test_visu/package.ps1'
[2.325s] INFO:colcon.colcon_core.shell:Creating package descriptor '/home/mathijs/turtle_bot/install/test_visu/share/test_visu/package.dsv'
[2.326s] INFO:colcon.colcon_core.shell:Creating package script '/home/mathijs/turtle_bot/install/test_visu/share/test_visu/package.sh'
[2.327s] INFO:colcon.colcon_core.shell:Creating package script '/home/mathijs/turtle_bot/install/test_visu/share/test_visu/package.bash'
[2.328s] INFO:colcon.colcon_core.shell:Creating package script '/home/mathijs/turtle_bot/install/test_visu/share/test_visu/package.zsh'
[2.328s] Level 1:colcon.colcon_core.environment:create_file_with_runtime_dependencies(/home/mathijs/turtle_bot/install/test_visu/share/colcon-core/packages/test_visu)
[17.572s] DEBUG:colcon.colcon_core.event_handler.log_command:Invoked command in '/home/mathijs/turtle_bot/build/ekf_localization' returned '0': CMAKE_PREFIX_PATH=${CMAKE_PREFIX_PATH}:/opt/ros/humble /usr/bin/cmake --build /home/mathijs/turtle_bot/build/ekf_localization -- -j12 -l12
[17.574s] DEBUG:colcon.colcon_core.event_handler.log_command:Invoking command in '/home/mathijs/turtle_bot/build/ekf_localization': CMAKE_PREFIX_PATH=${CMAKE_PREFIX_PATH}:/opt/ros/humble /usr/bin/cmake --install /home/mathijs/turtle_bot/build/ekf_localization
[17.598s] Level 1:colcon.colcon_core.environment:create_environment_scripts_only(ekf_localization)
[17.599s] Level 1:colcon.colcon_core.environment:checking '/home/mathijs/turtle_bot/install/ekf_localization' for CMake module files
[17.599s] DEBUG:colcon.colcon_core.event_handler.log_command:Invoked command in '/home/mathijs/turtle_bot/build/ekf_localization' returned '0': CMAKE_PREFIX_PATH=${CMAKE_PREFIX_PATH}:/opt/ros/humble /usr/bin/cmake --install /home/mathijs/turtle_bot/build/ekf_localization
[17.600s] Level 1:colcon.colcon_core.environment:checking '/home/mathijs/turtle_bot/install/ekf_localization' for CMake config files
[17.600s] Level 1:colcon.colcon_core.shell:create_environment_hook('ekf_localization', 'cmake_prefix_path')
[17.600s] INFO:colcon.colcon_core.shell:Creating environment hook '/home/mathijs/turtle_bot/install/ekf_localization/share/ekf_localization/hook/cmake_prefix_path.ps1'
[17.601s] INFO:colcon.colcon_core.shell:Creating environment descriptor '/home/mathijs/turtle_bot/install/ekf_localization/share/ekf_localization/hook/cmake_prefix_path.dsv'
[17.601s] INFO:colcon.colcon_core.shell:Creating environment hook '/home/mathijs/turtle_bot/install/ekf_localization/share/ekf_localization/hook/cmake_prefix_path.sh'
[17.602s] Level 1:colcon.colcon_core.environment:checking '/home/mathijs/turtle_bot/install/ekf_localization/lib'
[17.602s] Level 1:colcon.colcon_core.environment:checking '/home/mathijs/turtle_bot/install/ekf_localization/bin'
[17.602s] Level 1:colcon.colcon_core.environment:checking '/home/mathijs/turtle_bot/install/ekf_localization/lib/pkgconfig/ekf_localization.pc'
[17.602s] Level 1:colcon.colcon_core.environment:checking '/home/mathijs/turtle_bot/install/ekf_localization/lib/python3.10/site-packages'
[17.602s] Level 1:colcon.colcon_core.environment:checking '/home/mathijs/turtle_bot/install/ekf_localization/bin'
[17.603s] INFO:colcon.colcon_core.shell:Creating package script '/home/mathijs/turtle_bot/install/ekf_localization/share/ekf_localization/package.ps1'
[17.603s] INFO:colcon.colcon_core.shell:Creating package descriptor '/home/mathijs/turtle_bot/install/ekf_localization/share/ekf_localization/package.dsv'
[17.604s] INFO:colcon.colcon_core.shell:Creating package script '/home/mathijs/turtle_bot/install/ekf_localization/share/ekf_localization/package.sh'
[17.604s] INFO:colcon.colcon_core.shell:Creating package script '/home/mathijs/turtle_bot/install/ekf_localization/share/ekf_localization/package.bash'
[17.604s] INFO:colcon.colcon_core.shell:Creating package script '/home/mathijs/turtle_bot/install/ekf_localization/share/ekf_localization/package.zsh'
[17.605s] Level 1:colcon.colcon_core.environment:create_file_with_runtime_dependencies(/home/mathijs/turtle_bot/install/ekf_localization/share/colcon-core/packages/ekf_localization)
[17.605s] Level 1:colcon.colcon_core.environment:create_environment_scripts_only(ekf_localization)
[17.605s] Level 1:colcon.colcon_core.environment:checking '/home/mathijs/turtle_bot/install/ekf_localization' for CMake module files
[17.606s] Level 1:colcon.colcon_core.environment:checking '/home/mathijs/turtle_bot/install/ekf_localization' for CMake config files
[17.606s] Level 1:colcon.colcon_core.shell:create_environment_hook('ekf_localization', 'cmake_prefix_path')
[17.606s] INFO:colcon.colcon_core.shell:Creating environment hook '/home/mathijs/turtle_bot/install/ekf_localization/share/ekf_localization/hook/cmake_prefix_path.ps1'
[17.607s] INFO:colcon.colcon_core.shell:Creating environment descriptor '/home/mathijs/turtle_bot/install/ekf_localization/share/ekf_localization/hook/cmake_prefix_path.dsv'
[17.607s] INFO:colcon.colcon_core.shell:Creating environment hook '/home/mathijs/turtle_bot/install/ekf_localization/share/ekf_localization/hook/cmake_prefix_path.sh'
[17.608s] Level 1:colcon.colcon_core.environment:checking '/home/mathijs/turtle_bot/install/ekf_localization/lib'
[17.608s] Level 1:colcon.colcon_core.environment:checking '/home/mathijs/turtle_bot/install/ekf_localization/bin'
[17.608s] Level 1:colcon.colcon_core.environment:checking '/home/mathijs/turtle_bot/install/ekf_localization/lib/pkgconfig/ekf_localization.pc'
[17.608s] Level 1:colcon.colcon_core.environment:checking '/home/mathijs/turtle_bot/install/ekf_localization/lib/python3.10/site-packages'
[17.608s] Level 1:colcon.colcon_core.environment:checking '/home/mathijs/turtle_bot/install/ekf_localization/bin'
[17.608s] INFO:colcon.colcon_core.shell:Creating package script '/home/mathijs/turtle_bot/install/ekf_localization/share/ekf_localization/package.ps1'
[17.609s] INFO:colcon.colcon_core.shell:Creating package descriptor '/home/mathijs/turtle_bot/install/ekf_localization/share/ekf_localization/package.dsv'
[17.609s] INFO:colcon.colcon_core.shell:Creating package script '/home/mathijs/turtle_bot/install/ekf_localization/share/ekf_localization/package.sh'
[17.610s] INFO:colcon.colcon_core.shell:Creating package script '/home/mathijs/turtle_bot/install/ekf_localization/share/ekf_localization/package.bash'
[17.610s] INFO:colcon.colcon_core.shell:Creating package script '/home/mathijs/turtle_bot/install/ekf_localization/share/ekf_localization/package.zsh'
[17.610s] Level 1:colcon.colcon_core.environment:create_file_with_runtime_dependencies(/home/mathijs/turtle_bot/install/ekf_localization/share/colcon-core/packages/ekf_localization)
[17.611s] DEBUG:colcon.colcon_parallel_executor.executor.parallel:closing loop
[17.611s] DEBUG:colcon.colcon_parallel_executor.executor.parallel:loop closed
[17.611s] DEBUG:colcon.colcon_parallel_executor.executor.parallel:run_until_complete finished with '0'
[17.611s] DEBUG:colcon.colcon_core.event_reactor:joining thread
[17.618s] INFO:colcon.colcon_core.plugin_system:Skipping extension 'colcon_notification.desktop_notification.terminal_notifier': Not used on non-Darwin systems
[17.618s] INFO:colcon.colcon_core.plugin_system:Skipping extension 'colcon_notification.desktop_notification.win32': Not used on non-Windows systems
[17.618s] INFO:colcon.colcon_notification.desktop_notification:Sending desktop notification using 'notify2'
[17.627s] DEBUG:colcon.colcon_core.event_reactor:joined thread
[17.627s] INFO:colcon.colcon_core.shell:Creating prefix script '/home/mathijs/turtle_bot/install/local_setup.ps1'
[17.628s] INFO:colcon.colcon_core.shell:Creating prefix util module '/home/mathijs/turtle_bot/install/_local_setup_util_ps1.py'
[17.629s] INFO:colcon.colcon_core.shell:Creating prefix chain script '/home/mathijs/turtle_bot/install/setup.ps1'
[17.631s] INFO:colcon.colcon_core.shell:Creating prefix script '/home/mathijs/turtle_bot/install/local_setup.sh'
[17.632s] INFO:colcon.colcon_core.shell:Creating prefix util module '/home/mathijs/turtle_bot/install/_local_setup_util_sh.py'
[17.632s] INFO:colcon.colcon_core.shell:Creating prefix chain script '/home/mathijs/turtle_bot/install/setup.sh'
[17.634s] INFO:colcon.colcon_core.shell:Creating prefix script '/home/mathijs/turtle_bot/install/local_setup.bash'
[17.635s] INFO:colcon.colcon_core.shell:Creating prefix chain script '/home/mathijs/turtle_bot/install/setup.bash'
[17.636s] INFO:colcon.colcon_core.shell:Creating prefix script '/home/mathijs/turtle_bot/install/local_setup.zsh'
[17.637s] INFO:colcon.colcon_core.shell:Creating prefix chain script '/home/mathijs/turtle_bot/install/setup.zsh'
