[0.071s] Invoking command in '/home/mathijs/turtle_bot/build/ekf_localization': CMAKE_PREFIX_PATH=/opt/ros/humble /usr/bin/cmake --build /home/mathijs/turtle_bot/build/ekf_localization -- -j12 -l12
[0.349s] [ 50%] [32mBuilding CXX object CMakeFiles/ekf_localization_node.dir/src/ekf_localization_node.cpp.o[0m
[31.639s] [100%] [32m[1mLinking CXX executable ekf_localization_node[0m
[34.055s] [100%] Built target ekf_localization_node
[34.085s] Invoked command in '/home/mathijs/turtle_bot/build/ekf_localization' returned '0': CMAKE_PREFIX_PATH=/opt/ros/humble /usr/bin/cmake --build /home/mathijs/turtle_bot/build/ekf_localization -- -j12 -l12
[34.099s] Invoking command in '/home/mathijs/turtle_bot/build/ekf_localization': CMAKE_PREFIX_PATH=/opt/ros/humble /usr/bin/cmake --install /home/mathijs/turtle_bot/build/ekf_localization
[34.117s] -- Install configuration: ""
[34.119s] -- Execute custom install script
[34.120s] -- Up-to-date symlink: /home/mathijs/turtle_bot/install/ekf_localization/lib/ekf_localization/ekf_localization_node
[34.122s] -- Up-to-date symlink: /home/mathijs/turtle_bot/install/ekf_localization/share/ekf_localization/launch/ekf_localization_launch.py
[34.122s] -- Up-to-date symlink: /home/mathijs/turtle_bot/install/ekf_localization/share/ekf_localization/config/params.yaml
[34.123s] -- Up-to-date symlink: /home/mathijs/turtle_bot/install/ekf_localization/share/ament_index/resource_index/package_run_dependencies/ekf_localization
[34.124s] -- Up-to-date symlink: /home/mathijs/turtle_bot/install/ekf_localization/share/ament_index/resource_index/parent_prefix_path/ekf_localization
[34.125s] -- Up-to-date symlink: /home/mathijs/turtle_bot/install/ekf_localization/share/ekf_localization/environment/ament_prefix_path.sh
[34.125s] -- Up-to-date symlink: /home/mathijs/turtle_bot/install/ekf_localization/share/ekf_localization/environment/ament_prefix_path.dsv
[34.126s] -- Up-to-date symlink: /home/mathijs/turtle_bot/install/ekf_localization/share/ekf_localization/environment/path.sh
[34.126s] -- Up-to-date symlink: /home/mathijs/turtle_bot/install/ekf_localization/share/ekf_localization/environment/path.dsv
[34.126s] -- Up-to-date symlink: /home/mathijs/turtle_bot/install/ekf_localization/share/ekf_localization/local_setup.bash
[34.127s] -- Up-to-date symlink: /home/mathijs/turtle_bot/install/ekf_localization/share/ekf_localization/local_setup.sh
[34.127s] -- Up-to-date symlink: /home/mathijs/turtle_bot/install/ekf_localization/share/ekf_localization/local_setup.zsh
[34.128s] -- Up-to-date symlink: /home/mathijs/turtle_bot/install/ekf_localization/share/ekf_localization/local_setup.dsv
[34.128s] -- Symlinking: /home/mathijs/turtle_bot/install/ekf_localization/share/ekf_localization/package.dsv
[34.150s] -- Up-to-date symlink: /home/mathijs/turtle_bot/install/ekf_localization/share/ament_index/resource_index/packages/ekf_localization
[34.150s] -- Up-to-date symlink: /home/mathijs/turtle_bot/install/ekf_localization/share/ekf_localization/cmake/ekf_localizationConfig.cmake
[34.151s] -- Up-to-date symlink: /home/mathijs/turtle_bot/install/ekf_localization/share/ekf_localization/cmake/ekf_localizationConfig-version.cmake
[34.151s] -- Up-to-date symlink: /home/mathijs/turtle_bot/install/ekf_localization/share/ekf_localization/package.xml
[34.158s] Invoked command in '/home/mathijs/turtle_bot/build/ekf_localization' returned '0': CMAKE_PREFIX_PATH=/opt/ros/humble /usr/bin/cmake --install /home/mathijs/turtle_bot/build/ekf_localization
