[0.038s] Invoking command in '/home/mathijs/turtle_bot/build/sensor_simulation': CMAKE_PREFIX_PATH=${CMAKE_PREFIX_PATH}:/opt/ros/humble /usr/bin/cmake --build /home/mathijs/turtle_bot/build/sensor_simulation -- -j12 -l12
[0.129s] [100%] Built target sensor_simulation_node
[0.348s] Invoked command in '/home/mathijs/turtle_bot/build/sensor_simulation' returned '0': CMAKE_PREFIX_PATH=${CMAKE_PREFIX_PATH}:/opt/ros/humble /usr/bin/cmake --build /home/mathijs/turtle_bot/build/sensor_simulation -- -j12 -l12
[0.350s] Invoking command in '/home/mathijs/turtle_bot/build/sensor_simulation': CMAKE_PREFIX_PATH=${CMAKE_PREFIX_PATH}:/opt/ros/humble /usr/bin/cmake --install /home/mathijs/turtle_bot/build/sensor_simulation
[0.360s] -- Install configuration: ""
[0.361s] -- Execute custom install script
[0.361s] -- Up-to-date symlink: /home/mathijs/turtle_bot/install/sensor_simulation/lib/sensor_simulation/sensor_simulation_node
[0.361s] -- Up-to-date symlink: /home/mathijs/turtle_bot/install/sensor_simulation/share/ament_index/resource_index/package_run_dependencies/sensor_simulation
[0.362s] -- Up-to-date symlink: /home/mathijs/turtle_bot/install/sensor_simulation/share/ament_index/resource_index/parent_prefix_path/sensor_simulation
[0.362s] -- Up-to-date symlink: /home/mathijs/turtle_bot/install/sensor_simulation/share/sensor_simulation/environment/ament_prefix_path.sh
[0.362s] -- Up-to-date symlink: /home/mathijs/turtle_bot/install/sensor_simulation/share/sensor_simulation/environment/ament_prefix_path.dsv
[0.362s] -- Up-to-date symlink: /home/mathijs/turtle_bot/install/sensor_simulation/share/sensor_simulation/environment/path.sh
[0.362s] -- Up-to-date symlink: /home/mathijs/turtle_bot/install/sensor_simulation/share/sensor_simulation/environment/path.dsv
[0.363s] -- Up-to-date symlink: /home/mathijs/turtle_bot/install/sensor_simulation/share/sensor_simulation/local_setup.bash
[0.363s] -- Up-to-date symlink: /home/mathijs/turtle_bot/install/sensor_simulation/share/sensor_simulation/local_setup.sh
[0.363s] -- Up-to-date symlink: /home/mathijs/turtle_bot/install/sensor_simulation/share/sensor_simulation/local_setup.zsh
[0.363s] -- Up-to-date symlink: /home/mathijs/turtle_bot/install/sensor_simulation/share/sensor_simulation/local_setup.dsv
[0.363s] -- Symlinking: /home/mathijs/turtle_bot/install/sensor_simulation/share/sensor_simulation/package.dsv
[0.378s] -- Up-to-date symlink: /home/mathijs/turtle_bot/install/sensor_simulation/share/ament_index/resource_index/packages/sensor_simulation
[0.378s] -- Up-to-date symlink: /home/mathijs/turtle_bot/install/sensor_simulation/share/sensor_simulation/cmake/sensor_simulationConfig.cmake
[0.378s] -- Up-to-date symlink: /home/mathijs/turtle_bot/install/sensor_simulation/share/sensor_simulation/cmake/sensor_simulationConfig-version.cmake
[0.379s] -- Up-to-date symlink: /home/mathijs/turtle_bot/install/sensor_simulation/share/sensor_simulation/package.xml
[0.414s] Invoked command in '/home/mathijs/turtle_bot/build/sensor_simulation' returned '0': CMAKE_PREFIX_PATH=${CMAKE_PREFIX_PATH}:/opt/ros/humble /usr/bin/cmake --install /home/mathijs/turtle_bot/build/sensor_simulation
