[0.050s] Invoking command in '/home/mathijs/turtle_bot/build/data_replay': CMAKE_PREFIX_PATH=${CMAKE_PREFIX_PATH}:/opt/ros/humble /usr/bin/cmake --build /home/mathijs/turtle_bot/build/data_replay -- -j12 -l12
[0.129s] [100%] Built target data_replay
[0.314s] Invoked command in '/home/mathijs/turtle_bot/build/data_replay' returned '0': CMAKE_PREFIX_PATH=${CMAKE_PREFIX_PATH}:/opt/ros/humble /usr/bin/cmake --build /home/mathijs/turtle_bot/build/data_replay -- -j12 -l12
[0.326s] Invoking command in '/home/mathijs/turtle_bot/build/data_replay': CMAKE_PREFIX_PATH=${CMAKE_PREFIX_PATH}:/opt/ros/humble /usr/bin/cmake --install /home/mathijs/turtle_bot/build/data_replay
[0.340s] -- Install configuration: ""
[0.342s] -- Up-to-date: /home/mathijs/turtle_bot/install/data_replay/lib/data_replay/data_replay
[0.343s] -- Up-to-date: /home/mathijs/turtle_bot/install/data_replay/share/ament_index/resource_index/package_run_dependencies/data_replay
[0.343s] -- Up-to-date: /home/mathijs/turtle_bot/install/data_replay/share/ament_index/resource_index/parent_prefix_path/data_replay
[0.343s] -- Up-to-date: /home/mathijs/turtle_bot/install/data_replay/share/data_replay/environment/ament_prefix_path.sh
[0.343s] -- Up-to-date: /home/mathijs/turtle_bot/install/data_replay/share/data_replay/environment/ament_prefix_path.dsv
[0.343s] -- Up-to-date: /home/mathijs/turtle_bot/install/data_replay/share/data_replay/environment/path.sh
[0.343s] -- Up-to-date: /home/mathijs/turtle_bot/install/data_replay/share/data_replay/environment/path.dsv
[0.343s] -- Up-to-date: /home/mathijs/turtle_bot/install/data_replay/share/data_replay/local_setup.bash
[0.343s] -- Up-to-date: /home/mathijs/turtle_bot/install/data_replay/share/data_replay/local_setup.sh
[0.343s] -- Up-to-date: /home/mathijs/turtle_bot/install/data_replay/share/data_replay/local_setup.zsh
[0.345s] -- Up-to-date: /home/mathijs/turtle_bot/install/data_replay/share/data_replay/local_setup.dsv
[0.345s] -- Installing: /home/mathijs/turtle_bot/install/data_replay/share/data_replay/package.dsv
[0.345s] -- Up-to-date: /home/mathijs/turtle_bot/install/data_replay/share/ament_index/resource_index/packages/data_replay
[0.345s] -- Up-to-date: /home/mathijs/turtle_bot/install/data_replay/share/data_replay/cmake/data_replayConfig.cmake
[0.346s] -- Up-to-date: /home/mathijs/turtle_bot/install/data_replay/share/data_replay/cmake/data_replayConfig-version.cmake
[0.346s] -- Up-to-date: /home/mathijs/turtle_bot/install/data_replay/share/data_replay/package.xml
[0.353s] Invoked command in '/home/mathijs/turtle_bot/build/data_replay' returned '0': CMAKE_PREFIX_PATH=${CMAKE_PREFIX_PATH}:/opt/ros/humble /usr/bin/cmake --install /home/mathijs/turtle_bot/build/data_replay
