[0.039s] Invoking command in '/home/mathijs/turtle_bot/build/data_replay': CMAKE_PREFIX_PATH=/opt/ros/humble /usr/bin/cmake /home/mathijs/turtle_bot/data_replay -DCMAKE_INSTALL_PREFIX=/home/mathijs/turtle_bot/install/data_replay
[0.155s] -- The C compiler identification is GNU 11.4.0
[0.254s] -- The CXX compiler identification is GNU 11.4.0
[0.265s] -- Detecting C compiler ABI info
[0.357s] -- Detecting C compiler ABI info - done
[0.365s] -- Check for working C compiler: /usr/bin/cc - skipped
[0.366s] -- Detecting C compile features
[0.367s] -- Detecting C compile features - done
[0.370s] -- Detecting CXX compiler ABI info
[0.510s] -- Detecting CXX compiler ABI info - done
[0.521s] -- Check for working CXX compiler: /usr/bin/c++ - skipped
[0.521s] -- Detecting CXX compile features
[0.522s] -- Detecting CXX compile features - done
[0.530s] -- Found ament_cmake: 1.3.12 (/opt/ros/humble/share/ament_cmake/cmake)
[1.060s] -- Found Python3: /usr/bin/python3 (found version "3.10.12") found components: Interpreter 
[1.183s] -- Found rclcpp: 16.0.15 (/opt/ros/humble/share/rclcpp/cmake)
[1.250s] -- Found rosidl_generator_c: 3.1.7 (/opt/ros/humble/share/rosidl_generator_c/cmake)
[1.259s] -- Found rosidl_adapter: 3.1.7 (/opt/ros/humble/share/rosidl_adapter/cmake)
[1.273s] -- Found rosidl_generator_cpp: 3.1.7 (/opt/ros/humble/share/rosidl_generator_cpp/cmake)
[1.287s] -- Using all available rosidl_typesupport_c: rosidl_typesupport_fastrtps_c;rosidl_typesupport_introspection_c
[1.311s] -- Using all available rosidl_typesupport_cpp: rosidl_typesupport_fastrtps_cpp;rosidl_typesupport_introspection_cpp
[1.381s] -- Found rmw_implementation_cmake: 6.1.2 (/opt/ros/humble/share/rmw_implementation_cmake/cmake)
[1.385s] -- Found rmw_fastrtps_cpp: 6.2.8 (/opt/ros/humble/share/rmw_fastrtps_cpp/cmake)
[1.528s] -- Found OpenSSL: /usr/lib/x86_64-linux-gnu/libcrypto.so (found version "3.0.2")  
[1.572s] -- Found FastRTPS: /opt/ros/humble/include  
[1.631s] -- Using RMW implementation 'rmw_fastrtps_cpp' as default
[1.644s] -- Looking for pthread.h
[1.748s] -- Looking for pthread.h - found
[1.749s] -- Performing Test CMAKE_HAVE_LIBC_PTHREAD
[1.863s] -- Performing Test CMAKE_HAVE_LIBC_PTHREAD - Success
[1.865s] -- Found Threads: TRUE  
[1.949s] -- Found sensor_msgs: 4.9.0 (/opt/ros/humble/share/sensor_msgs/cmake)
[2.080s] -- Configuring done
[2.094s] -- Generating done
[2.100s] -- Build files have been written to: /home/mathijs/turtle_bot/build/data_replay
[2.118s] Invoked command in '/home/mathijs/turtle_bot/build/data_replay' returned '0': CMAKE_PREFIX_PATH=/opt/ros/humble /usr/bin/cmake /home/mathijs/turtle_bot/data_replay -DCMAKE_INSTALL_PREFIX=/home/mathijs/turtle_bot/install/data_replay
[2.120s] Invoking command in '/home/mathijs/turtle_bot/build/data_replay': CMAKE_PREFIX_PATH=/opt/ros/humble /usr/bin/cmake --build /home/mathijs/turtle_bot/build/data_replay -- -j12 -l12
[2.190s] [ 50%] [32mBuilding CXX object CMakeFiles/data_replay.dir/src/data_replay.cpp.o[0m
[7.720s] [100%] [32m[1mLinking CXX executable data_replay[0m
[8.073s] [100%] Built target data_replay
[8.089s] Invoked command in '/home/mathijs/turtle_bot/build/data_replay' returned '0': CMAKE_PREFIX_PATH=/opt/ros/humble /usr/bin/cmake --build /home/mathijs/turtle_bot/build/data_replay -- -j12 -l12
[8.091s] Invoking command in '/home/mathijs/turtle_bot/build/data_replay': CMAKE_PREFIX_PATH=/opt/ros/humble /usr/bin/cmake --install /home/mathijs/turtle_bot/build/data_replay
[8.101s] -- Install configuration: ""
[8.102s] -- Installing: /home/mathijs/turtle_bot/install/data_replay/lib/data_replay/data_replay
[8.104s] -- Set runtime path of "/home/mathijs/turtle_bot/install/data_replay/lib/data_replay/data_replay" to ""
[8.104s] -- Installing: /home/mathijs/turtle_bot/install/data_replay/share/ament_index/resource_index/package_run_dependencies/data_replay
[8.104s] -- Installing: /home/mathijs/turtle_bot/install/data_replay/share/ament_index/resource_index/parent_prefix_path/data_replay
[8.105s] -- Installing: /home/mathijs/turtle_bot/install/data_replay/share/data_replay/environment/ament_prefix_path.sh
[8.105s] -- Installing: /home/mathijs/turtle_bot/install/data_replay/share/data_replay/environment/ament_prefix_path.dsv
[8.105s] -- Installing: /home/mathijs/turtle_bot/install/data_replay/share/data_replay/environment/path.sh
[8.105s] -- Installing: /home/mathijs/turtle_bot/install/data_replay/share/data_replay/environment/path.dsv
[8.105s] -- Installing: /home/mathijs/turtle_bot/install/data_replay/share/data_replay/local_setup.bash
[8.106s] -- Installing: /home/mathijs/turtle_bot/install/data_replay/share/data_replay/local_setup.sh
[8.106s] -- Installing: /home/mathijs/turtle_bot/install/data_replay/share/data_replay/local_setup.zsh
[8.106s] -- Installing: /home/mathijs/turtle_bot/install/data_replay/share/data_replay/local_setup.dsv
[8.106s] -- Installing: /home/mathijs/turtle_bot/install/data_replay/share/data_replay/package.dsv
[8.106s] -- Installing: /home/mathijs/turtle_bot/install/data_replay/share/ament_index/resource_index/packages/data_replay
[8.107s] -- Installing: /home/mathijs/turtle_bot/install/data_replay/share/data_replay/cmake/data_replayConfig.cmake
[8.107s] -- Installing: /home/mathijs/turtle_bot/install/data_replay/share/data_replay/cmake/data_replayConfig-version.cmake
[8.107s] -- Installing: /home/mathijs/turtle_bot/install/data_replay/share/data_replay/package.xml
[8.111s] Invoked command in '/home/mathijs/turtle_bot/build/data_replay' returned '0': CMAKE_PREFIX_PATH=/opt/ros/humble /usr/bin/cmake --install /home/mathijs/turtle_bot/build/data_replay
