-- Found ament_cmake: 1.3.12 (/opt/ros/humble/share/ament_cmake/cmake)
-- Override CMake install command with custom implementation using symlinks instead of copying resources
-- Found rclcpp: 16.0.15 (/opt/ros/humble/share/rclcpp/cmake)
-- Found rosidl_generator_c: 3.1.7 (/opt/ros/humble/share/rosidl_generator_c/cmake)
-- Found rosidl_adapter: 3.1.7 (/opt/ros/humble/share/rosidl_adapter/cmake)
-- Found rosidl_generator_cpp: 3.1.7 (/opt/ros/humble/share/rosidl_generator_cpp/cmake)
-- Using all available rosidl_typesupport_c: rosidl_typesupport_fastrtps_c;rosidl_typesupport_introspection_c
-- Using all available rosidl_typesupport_cpp: rosidl_typesupport_fastrtps_cpp;rosidl_typesupport_introspection_cpp
-- Found rmw_implementation_cmake: 6.1.2 (/opt/ros/humble/share/rmw_implementation_cmake/cmake)
-- Found rmw_fastrtps_cpp: 6.2.9 (/opt/ros/humble/share/rmw_fastrtps_cpp/cmake)
-- Using RMW implementation 'rmw_fastrtps_cpp' as default
-- Found sensor_msgs: 4.9.0 (/opt/ros/humble/share/sensor_msgs/cmake)
-- Configuring done
-- Generating done
-- Build files have been written to: /home/mathijs/turtle_bot/build/data_replay
[35m[1mConsolidate compiler generated dependencies of target data_replay[0m
[ 50%] [32mBuilding CXX object CMakeFiles/data_replay.dir/src/data_replay.cpp.o[0m
[100%] [32m[1mLinking CXX executable data_replay[0m
[100%] Built target data_replay
-- Install configuration: ""
-- Execute custom install script
-- Symlinking: /home/mathijs/turtle_bot/install/data_replay/lib/data_replay/data_replay
-- Symlinking: /home/mathijs/turtle_bot/install/data_replay/share/ament_index/resource_index/package_run_dependencies/data_replay
-- Symlinking: /home/mathijs/turtle_bot/install/data_replay/share/ament_index/resource_index/parent_prefix_path/data_replay
-- Symlinking: /home/mathijs/turtle_bot/install/data_replay/share/data_replay/environment/ament_prefix_path.sh
-- Symlinking: /home/mathijs/turtle_bot/install/data_replay/share/data_replay/environment/ament_prefix_path.dsv
-- Symlinking: /home/mathijs/turtle_bot/install/data_replay/share/data_replay/environment/path.sh
-- Symlinking: /home/mathijs/turtle_bot/install/data_replay/share/data_replay/environment/path.dsv
-- Symlinking: /home/mathijs/turtle_bot/install/data_replay/share/data_replay/local_setup.bash
-- Symlinking: /home/mathijs/turtle_bot/install/data_replay/share/data_replay/local_setup.sh
-- Symlinking: /home/mathijs/turtle_bot/install/data_replay/share/data_replay/local_setup.zsh
-- Symlinking: /home/mathijs/turtle_bot/install/data_replay/share/data_replay/local_setup.dsv
-- Symlinking: /home/mathijs/turtle_bot/install/data_replay/share/data_replay/package.dsv
-- Symlinking: /home/mathijs/turtle_bot/install/data_replay/share/ament_index/resource_index/packages/data_replay
-- Symlinking: /home/mathijs/turtle_bot/install/data_replay/share/data_replay/cmake/data_replayConfig.cmake
-- Symlinking: /home/mathijs/turtle_bot/install/data_replay/share/data_replay/cmake/data_replayConfig-version.cmake
-- Symlinking: /home/mathijs/turtle_bot/install/data_replay/share/data_replay/package.xml
