[0.053s] Invoking command in '/home/mathijs/turtle_bot/build/data_replay': CMAKE_PREFIX_PATH=${CMAKE_PREFIX_PATH}:/opt/ros/humble /usr/bin/cmake /home/mathijs/turtle_bot/data_replay -DAMENT_CMAKE_SYMLINK_INSTALL=1 -DCMAKE_INSTALL_PREFIX=/home/mathijs/turtle_bot/install/data_replay
[0.090s] -- Found ament_cmake: 1.3.12 (/opt/ros/humble/share/ament_cmake/cmake)
[0.287s] -- Override CMake install command with custom implementation using symlinks instead of copying resources
[0.304s] -- Found rclcpp: 16.0.15 (/opt/ros/humble/share/rclcpp/cmake)
[0.357s] -- Found rosidl_generator_c: 3.1.7 (/opt/ros/humble/share/rosidl_generator_c/cmake)
[0.361s] -- Found rosidl_adapter: 3.1.7 (/opt/ros/humble/share/rosidl_adapter/cmake)
[0.370s] -- Found rosidl_generator_cpp: 3.1.7 (/opt/ros/humble/share/rosidl_generator_cpp/cmake)
[0.386s] -- Using all available rosidl_typesupport_c: rosidl_typesupport_fastrtps_c;rosidl_typesupport_introspection_c
[0.406s] -- Using all available rosidl_typesupport_cpp: rosidl_typesupport_fastrtps_cpp;rosidl_typesupport_introspection_cpp
[0.463s] -- Found rmw_implementation_cmake: 6.1.2 (/opt/ros/humble/share/rmw_implementation_cmake/cmake)
[0.464s] -- Found rmw_fastrtps_cpp: 6.2.9 (/opt/ros/humble/share/rmw_fastrtps_cpp/cmake)
[0.639s] -- Using RMW implementation 'rmw_fastrtps_cpp' as default
[0.716s] -- Found sensor_msgs: 4.9.0 (/opt/ros/humble/share/sensor_msgs/cmake)
[0.884s] -- Configuring done
[0.904s] -- Generating done
[0.911s] -- Build files have been written to: /home/mathijs/turtle_bot/build/data_replay
[0.926s] Invoked command in '/home/mathijs/turtle_bot/build/data_replay' returned '0': CMAKE_PREFIX_PATH=${CMAKE_PREFIX_PATH}:/opt/ros/humble /usr/bin/cmake /home/mathijs/turtle_bot/data_replay -DAMENT_CMAKE_SYMLINK_INSTALL=1 -DCMAKE_INSTALL_PREFIX=/home/mathijs/turtle_bot/install/data_replay
[0.929s] Invoking command in '/home/mathijs/turtle_bot/build/data_replay': CMAKE_PREFIX_PATH=${CMAKE_PREFIX_PATH}:/opt/ros/humble /usr/bin/cmake --build /home/mathijs/turtle_bot/build/data_replay -- -j12 -l12
[0.986s] [35m[1mConsolidate compiler generated dependencies of target data_replay[0m
[1.015s] [ 50%] [32mBuilding CXX object CMakeFiles/data_replay.dir/src/data_replay.cpp.o[0m
[6.462s] [100%] [32m[1mLinking CXX executable data_replay[0m
[6.745s] [100%] Built target data_replay
[6.760s] Invoked command in '/home/mathijs/turtle_bot/build/data_replay' returned '0': CMAKE_PREFIX_PATH=${CMAKE_PREFIX_PATH}:/opt/ros/humble /usr/bin/cmake --build /home/mathijs/turtle_bot/build/data_replay -- -j12 -l12
[6.763s] Invoking command in '/home/mathijs/turtle_bot/build/data_replay': CMAKE_PREFIX_PATH=${CMAKE_PREFIX_PATH}:/opt/ros/humble /usr/bin/cmake --install /home/mathijs/turtle_bot/build/data_replay
[6.770s] -- Install configuration: ""
[6.770s] -- Execute custom install script
[6.771s] -- Symlinking: /home/mathijs/turtle_bot/install/data_replay/lib/data_replay/data_replay
[6.783s] -- Symlinking: /home/mathijs/turtle_bot/install/data_replay/share/ament_index/resource_index/package_run_dependencies/data_replay
[6.795s] -- Symlinking: /home/mathijs/turtle_bot/install/data_replay/share/ament_index/resource_index/parent_prefix_path/data_replay
[6.806s] -- Symlinking: /home/mathijs/turtle_bot/install/data_replay/share/data_replay/environment/ament_prefix_path.sh
[6.818s] -- Symlinking: /home/mathijs/turtle_bot/install/data_replay/share/data_replay/environment/ament_prefix_path.dsv
[6.829s] -- Symlinking: /home/mathijs/turtle_bot/install/data_replay/share/data_replay/environment/path.sh
[6.842s] -- Symlinking: /home/mathijs/turtle_bot/install/data_replay/share/data_replay/environment/path.dsv
[6.853s] -- Symlinking: /home/mathijs/turtle_bot/install/data_replay/share/data_replay/local_setup.bash
[6.866s] -- Symlinking: /home/mathijs/turtle_bot/install/data_replay/share/data_replay/local_setup.sh
[6.878s] -- Symlinking: /home/mathijs/turtle_bot/install/data_replay/share/data_replay/local_setup.zsh
[6.889s] -- Symlinking: /home/mathijs/turtle_bot/install/data_replay/share/data_replay/local_setup.dsv
[6.900s] -- Symlinking: /home/mathijs/turtle_bot/install/data_replay/share/data_replay/package.dsv
[6.911s] -- Symlinking: /home/mathijs/turtle_bot/install/data_replay/share/ament_index/resource_index/packages/data_replay
[6.923s] -- Symlinking: /home/mathijs/turtle_bot/install/data_replay/share/data_replay/cmake/data_replayConfig.cmake
[6.934s] -- Symlinking: /home/mathijs/turtle_bot/install/data_replay/share/data_replay/cmake/data_replayConfig-version.cmake
[6.945s] -- Symlinking: /home/mathijs/turtle_bot/install/data_replay/share/data_replay/package.xml
[6.959s] Invoked command in '/home/mathijs/turtle_bot/build/data_replay' returned '0': CMAKE_PREFIX_PATH=${CMAKE_PREFIX_PATH}:/opt/ros/humble /usr/bin/cmake --install /home/mathijs/turtle_bot/build/data_replay
