[0.024s] Invoking command in '/home/mathijs/turtle_bot/build/measurement_node': CMAKE_PREFIX_PATH=${CMAKE_PREFIX_PATH}:/opt/ros/humble /usr/bin/cmake --build /home/mathijs/turtle_bot/build/measurement_node -- -j12 -l12
[0.073s] [35m[1mConsolidate compiler generated dependencies of target measurement_node[0m
[0.097s] [100%] Built target measurement_node
[0.125s] Invoked command in '/home/mathijs/turtle_bot/build/measurement_node' returned '0': CMAKE_PREFIX_PATH=${CMAKE_PREFIX_PATH}:/opt/ros/humble /usr/bin/cmake --build /home/mathijs/turtle_bot/build/measurement_node -- -j12 -l12
[0.127s] Invoking command in '/home/mathijs/turtle_bot/build/measurement_node': CMAKE_PREFIX_PATH=${CMAKE_PREFIX_PATH}:/opt/ros/humble /usr/bin/cmake --install /home/mathijs/turtle_bot/build/measurement_node
[0.141s] -- Install configuration: ""
[0.141s] -- Up-to-date: /home/mathijs/turtle_bot/install/measurement_node/lib/measurement_node/measurement_node
[0.141s] -- Up-to-date: /home/mathijs/turtle_bot/install/measurement_node/share/ament_index/resource_index/package_run_dependencies/measurement_node
[0.141s] -- Up-to-date: /home/mathijs/turtle_bot/install/measurement_node/share/ament_index/resource_index/parent_prefix_path/measurement_node
[0.141s] -- Up-to-date: /home/mathijs/turtle_bot/install/measurement_node/share/measurement_node/environment/ament_prefix_path.sh
[0.142s] -- Up-to-date: /home/mathijs/turtle_bot/install/measurement_node/share/measurement_node/environment/ament_prefix_path.dsv
[0.142s] -- Up-to-date: /home/mathijs/turtle_bot/install/measurement_node/share/measurement_node/environment/path.sh
[0.142s] -- Up-to-date: /home/mathijs/turtle_bot/install/measurement_node/share/measurement_node/environment/path.dsv
[0.142s] -- Up-to-date: /home/mathijs/turtle_bot/install/measurement_node/share/measurement_node/local_setup.bash
[0.142s] -- Up-to-date: /home/mathijs/turtle_bot/install/measurement_node/share/measurement_node/local_setup.sh
[0.142s] -- Up-to-date: /home/mathijs/turtle_bot/install/measurement_node/share/measurement_node/local_setup.zsh
[0.142s] -- Up-to-date: /home/mathijs/turtle_bot/install/measurement_node/share/measurement_node/local_setup.dsv
[0.142s] -- Installing: /home/mathijs/turtle_bot/install/measurement_node/share/measurement_node/package.dsv
[0.143s] -- Up-to-date: /home/mathijs/turtle_bot/install/measurement_node/share/ament_index/resource_index/packages/measurement_node
[0.143s] -- Up-to-date: /home/mathijs/turtle_bot/install/measurement_node/share/measurement_node/cmake/measurement_nodeConfig.cmake
[0.143s] -- Up-to-date: /home/mathijs/turtle_bot/install/measurement_node/share/measurement_node/cmake/measurement_nodeConfig-version.cmake
[0.143s] -- Up-to-date: /home/mathijs/turtle_bot/install/measurement_node/share/measurement_node/package.xml
[0.193s] Invoked command in '/home/mathijs/turtle_bot/build/measurement_node' returned '0': CMAKE_PREFIX_PATH=${CMAKE_PREFIX_PATH}:/opt/ros/humble /usr/bin/cmake --install /home/mathijs/turtle_bot/build/measurement_node
