[0.063s] Invoking command in '/home/mathijs/turtle_bot/build/ekf_localization': CMAKE_PREFIX_PATH=/opt/ros/humble /usr/bin/cmake --build /home/mathijs/turtle_bot/build/ekf_localization -- -j12 -l12
[0.208s] [35m[1mConsolidate compiler generated dependencies of target ekf_localization_node[0m
[0.296s] [100%] Built target ekf_localization_node
[0.744s] Invoked command in '/home/mathijs/turtle_bot/build/ekf_localization' returned '0': CMAKE_PREFIX_PATH=/opt/ros/humble /usr/bin/cmake --build /home/mathijs/turtle_bot/build/ekf_localization -- -j12 -l12
[0.745s] Invoking command in '/home/mathijs/turtle_bot/build/ekf_localization': CMAKE_PREFIX_PATH=/opt/ros/humble /usr/bin/cmake --install /home/mathijs/turtle_bot/build/ekf_localization
[0.764s] -- Install configuration: ""
[0.764s] -- Execute custom install script
[0.764s] -- Up-to-date symlink: /home/mathijs/turtle_bot/install/ekf_localization/lib/ekf_localization/ekf_localization_node
[0.764s] -- Up-to-date symlink: /home/mathijs/turtle_bot/install/ekf_localization/share/ekf_localization/launch/ekf_localization_launch.py
[0.764s] -- Up-to-date symlink: /home/mathijs/turtle_bot/install/ekf_localization/share/ekf_localization/config/params.yaml
[0.764s] -- Up-to-date symlink: /home/mathijs/turtle_bot/install/ekf_localization/share/ament_index/resource_index/package_run_dependencies/ekf_localization
[0.765s] -- Up-to-date symlink: /home/mathijs/turtle_bot/install/ekf_localization/share/ament_index/resource_index/parent_prefix_path/ekf_localization
[0.765s] -- Up-to-date symlink: /home/mathijs/turtle_bot/install/ekf_localization/share/ekf_localization/environment/ament_prefix_path.sh
[0.765s] -- Up-to-date symlink: /home/mathijs/turtle_bot/install/ekf_localization/share/ekf_localization/environment/ament_prefix_path.dsv
[0.769s] -- Up-to-date symlink: /home/mathijs/turtle_bot/install/ekf_localization/share/ekf_localization/environment/path.sh
[0.769s] -- Up-to-date symlink: /home/mathijs/turtle_bot/install/ekf_localization/share/ekf_localization/environment/path.dsv
[0.769s] -- Up-to-date symlink: /home/mathijs/turtle_bot/install/ekf_localization/share/ekf_localization/local_setup.bash
[0.769s] -- Up-to-date symlink: /home/mathijs/turtle_bot/install/ekf_localization/share/ekf_localization/local_setup.sh
[0.769s] -- Up-to-date symlink: /home/mathijs/turtle_bot/install/ekf_localization/share/ekf_localization/local_setup.zsh
[0.771s] -- Up-to-date symlink: /home/mathijs/turtle_bot/install/ekf_localization/share/ekf_localization/local_setup.dsv
[0.777s] -- Symlinking: /home/mathijs/turtle_bot/install/ekf_localization/share/ekf_localization/package.dsv
[0.804s] -- Up-to-date symlink: /home/mathijs/turtle_bot/install/ekf_localization/share/ament_index/resource_index/packages/ekf_localization
[0.805s] -- Up-to-date symlink: /home/mathijs/turtle_bot/install/ekf_localization/share/ekf_localization/cmake/ekf_localizationConfig.cmake
[0.807s] -- Up-to-date symlink: /home/mathijs/turtle_bot/install/ekf_localization/share/ekf_localization/cmake/ekf_localizationConfig-version.cmake
[0.808s] -- Up-to-date symlink: /home/mathijs/turtle_bot/install/ekf_localization/share/ekf_localization/package.xml
[0.859s] Invoked command in '/home/mathijs/turtle_bot/build/ekf_localization' returned '0': CMAKE_PREFIX_PATH=/opt/ros/humble /usr/bin/cmake --install /home/mathijs/turtle_bot/build/ekf_localization
