[0.021s] Invoking command in '/home/mathijs/turtle_bot/build/measurement_node': CMAKE_PREFIX_PATH=/opt/ros/humble /usr/bin/cmake /home/mathijs/turtle_bot/measurement_node -DCMAKE_INSTALL_PREFIX=/home/mathijs/turtle_bot/install/measurement_node
[0.123s] -- The C compiler identification is GNU 11.4.0
[0.225s] -- The CXX compiler identification is GNU 11.4.0
[0.234s] -- Detecting C compiler ABI info
[0.332s] -- Detecting C compiler ABI info - done
[0.341s] -- Check for working C compiler: /usr/bin/cc - skipped
[0.341s] -- Detecting C compile features
[0.342s] -- Detecting C compile features - done
[0.346s] -- Detecting CXX compiler ABI info
[0.466s] -- Detecting CXX compiler ABI info - done
[0.482s] -- Check for working CXX compiler: /usr/bin/c++ - skipped
[0.482s] -- Detecting CXX compile features
[0.482s] -- Detecting CXX compile features - done
[0.487s] -- Found ament_cmake: 1.3.12 (/opt/ros/humble/share/ament_cmake/cmake)
[1.034s] -- Found Python3: /usr/bin/python3 (found version "3.10.12") found components: Interpreter 
[1.157s] -- Found rclcpp: 16.0.15 (/opt/ros/humble/share/rclcpp/cmake)
[1.224s] -- Found rosidl_generator_c: 3.1.7 (/opt/ros/humble/share/rosidl_generator_c/cmake)
[1.232s] -- Found rosidl_adapter: 3.1.7 (/opt/ros/humble/share/rosidl_adapter/cmake)
[1.246s] -- Found rosidl_generator_cpp: 3.1.7 (/opt/ros/humble/share/rosidl_generator_cpp/cmake)
[1.260s] -- Using all available rosidl_typesupport_c: rosidl_typesupport_fastrtps_c;rosidl_typesupport_introspection_c
[1.282s] -- Using all available rosidl_typesupport_cpp: rosidl_typesupport_fastrtps_cpp;rosidl_typesupport_introspection_cpp
[1.351s] -- Found rmw_implementation_cmake: 6.1.2 (/opt/ros/humble/share/rmw_implementation_cmake/cmake)
[1.355s] -- Found rmw_fastrtps_cpp: 6.2.8 (/opt/ros/humble/share/rmw_fastrtps_cpp/cmake)
[1.492s] -- Found OpenSSL: /usr/lib/x86_64-linux-gnu/libcrypto.so (found version "3.0.2")  
[1.535s] -- Found FastRTPS: /opt/ros/humble/include  
[1.602s] -- Using RMW implementation 'rmw_fastrtps_cpp' as default
[1.616s] -- Looking for pthread.h
[1.721s] -- Looking for pthread.h - found
[1.722s] -- Performing Test CMAKE_HAVE_LIBC_PTHREAD
[1.840s] -- Performing Test CMAKE_HAVE_LIBC_PTHREAD - Success
[1.841s] -- Found Threads: TRUE  
[1.912s] -- Found geometry_msgs: 4.9.0 (/opt/ros/humble/share/geometry_msgs/cmake)
[2.015s] -- Configuring done
[2.027s] -- Generating done
[2.031s] -- Build files have been written to: /home/mathijs/turtle_bot/build/measurement_node
[2.048s] Invoked command in '/home/mathijs/turtle_bot/build/measurement_node' returned '0': CMAKE_PREFIX_PATH=/opt/ros/humble /usr/bin/cmake /home/mathijs/turtle_bot/measurement_node -DCMAKE_INSTALL_PREFIX=/home/mathijs/turtle_bot/install/measurement_node
[2.051s] Invoking command in '/home/mathijs/turtle_bot/build/measurement_node': CMAKE_PREFIX_PATH=/opt/ros/humble /usr/bin/cmake --build /home/mathijs/turtle_bot/build/measurement_node -- -j12 -l12
[2.116s] [ 50%] [32mBuilding CXX object CMakeFiles/measurement_node.dir/src/measurement_node.cpp.o[0m
[11.489s] [100%] [32m[1mLinking CXX executable measurement_node[0m
[12.075s] [100%] Built target measurement_node
[12.091s] Invoked command in '/home/mathijs/turtle_bot/build/measurement_node' returned '0': CMAKE_PREFIX_PATH=/opt/ros/humble /usr/bin/cmake --build /home/mathijs/turtle_bot/build/measurement_node -- -j12 -l12
[12.094s] Invoking command in '/home/mathijs/turtle_bot/build/measurement_node': CMAKE_PREFIX_PATH=/opt/ros/humble /usr/bin/cmake --install /home/mathijs/turtle_bot/build/measurement_node
[12.103s] -- Install configuration: ""
[12.103s] -- Installing: /home/mathijs/turtle_bot/install/measurement_node/lib/measurement_node/measurement_node
[12.108s] -- Set runtime path of "/home/mathijs/turtle_bot/install/measurement_node/lib/measurement_node/measurement_node" to ""
[12.108s] -- Installing: /home/mathijs/turtle_bot/install/measurement_node/share/ament_index/resource_index/package_run_dependencies/measurement_node
[12.108s] -- Installing: /home/mathijs/turtle_bot/install/measurement_node/share/ament_index/resource_index/parent_prefix_path/measurement_node
[12.109s] -- Installing: /home/mathijs/turtle_bot/install/measurement_node/share/measurement_node/environment/ament_prefix_path.sh
[12.109s] -- Installing: /home/mathijs/turtle_bot/install/measurement_node/share/measurement_node/environment/ament_prefix_path.dsv
[12.109s] -- Installing: /home/mathijs/turtle_bot/install/measurement_node/share/measurement_node/environment/path.sh
[12.109s] -- Installing: /home/mathijs/turtle_bot/install/measurement_node/share/measurement_node/environment/path.dsv
[12.109s] -- Installing: /home/mathijs/turtle_bot/install/measurement_node/share/measurement_node/local_setup.bash
[12.109s] -- Installing: /home/mathijs/turtle_bot/install/measurement_node/share/measurement_node/local_setup.sh
[12.110s] -- Installing: /home/mathijs/turtle_bot/install/measurement_node/share/measurement_node/local_setup.zsh
[12.110s] -- Installing: /home/mathijs/turtle_bot/install/measurement_node/share/measurement_node/local_setup.dsv
[12.110s] -- Installing: /home/mathijs/turtle_bot/install/measurement_node/share/measurement_node/package.dsv
[12.110s] -- Installing: /home/mathijs/turtle_bot/install/measurement_node/share/ament_index/resource_index/packages/measurement_node
[12.110s] -- Installing: /home/mathijs/turtle_bot/install/measurement_node/share/measurement_node/cmake/measurement_nodeConfig.cmake
[12.110s] -- Installing: /home/mathijs/turtle_bot/install/measurement_node/share/measurement_node/cmake/measurement_nodeConfig-version.cmake
[12.111s] -- Installing: /home/mathijs/turtle_bot/install/measurement_node/share/measurement_node/package.xml
[12.114s] Invoked command in '/home/mathijs/turtle_bot/build/measurement_node' returned '0': CMAKE_PREFIX_PATH=/opt/ros/humble /usr/bin/cmake --install /home/mathijs/turtle_bot/build/measurement_node
