-- Found ament_cmake: 1.3.12 (/opt/ros/humble/share/ament_cmake/cmake)
-- Override CMake install command with custom implementation using symlinks instead of copying resources
-- Found rclcpp: 16.0.15 (/opt/ros/humble/share/rclcpp/cmake)
-- Found rosidl_generator_c: 3.1.7 (/opt/ros/humble/share/rosidl_generator_c/cmake)
-- Found rosidl_adapter: 3.1.7 (/opt/ros/humble/share/rosidl_adapter/cmake)
-- Found rosidl_generator_cpp: 3.1.7 (/opt/ros/humble/share/rosidl_generator_cpp/cmake)
-- Using all available rosidl_typesupport_c: rosidl_typesupport_fastrtps_c;rosidl_typesupport_introspection_c
-- Using all available rosidl_typesupport_cpp: rosidl_typesupport_fastrtps_cpp;rosidl_typesupport_introspection_cpp
-- Found rmw_implementation_cmake: 6.1.2 (/opt/ros/humble/share/rmw_implementation_cmake/cmake)
-- Found rmw_fastrtps_cpp: 6.2.9 (/opt/ros/humble/share/rmw_fastrtps_cpp/cmake)
-- Using RMW implementation 'rmw_fastrtps_cpp' as default
-- Found sensor_msgs: 4.9.0 (/opt/ros/humble/share/sensor_msgs/cmake)
-- Found tf2: 0.25.16 (/opt/ros/humble/share/tf2/cmake)
-- Found tf2_geometry_msgs: 0.25.16 (/opt/ros/humble/share/tf2_geometry_msgs/cmake)
-- Found eigen3_cmake_module: 0.1.1 (/opt/ros/humble/share/eigen3_cmake_module/cmake)
-- Ensuring Eigen3 include directory is part of orocos-kdl CMake target
-- Configuring done
-- Generating done
-- Build files have been written to: /home/mathijs/turtle_bot/build/ekf_localization
[35m[1mConsolidate compiler generated dependencies of target ekf_localization_node[0m
[ 50%] [32m[1mLinking CXX executable ekf_localization_node[0m
[100%] Built target ekf_localization_node
-- Install configuration: ""
-- Execute custom install script
-- Symlinking: /home/mathijs/turtle_bot/install/ekf_localization/lib/ekf_localization/ekf_localization_node
-- Symlinking: /home/mathijs/turtle_bot/install/ekf_localization/share/ekf_localization/launch/ekf_localization_launch.py
-- Symlinking: /home/mathijs/turtle_bot/install/ekf_localization/share/ekf_localization/config/params.yaml
-- Symlinking: /home/mathijs/turtle_bot/install/ekf_localization/share/ament_index/resource_index/package_run_dependencies/ekf_localization
-- Symlinking: /home/mathijs/turtle_bot/install/ekf_localization/share/ament_index/resource_index/parent_prefix_path/ekf_localization
-- Symlinking: /home/mathijs/turtle_bot/install/ekf_localization/share/ekf_localization/environment/ament_prefix_path.sh
-- Symlinking: /home/mathijs/turtle_bot/install/ekf_localization/share/ekf_localization/environment/ament_prefix_path.dsv
-- Symlinking: /home/mathijs/turtle_bot/install/ekf_localization/share/ekf_localization/environment/path.sh
-- Symlinking: /home/mathijs/turtle_bot/install/ekf_localization/share/ekf_localization/environment/path.dsv
-- Symlinking: /home/mathijs/turtle_bot/install/ekf_localization/share/ekf_localization/local_setup.bash
-- Symlinking: /home/mathijs/turtle_bot/install/ekf_localization/share/ekf_localization/local_setup.sh
-- Symlinking: /home/mathijs/turtle_bot/install/ekf_localization/share/ekf_localization/local_setup.zsh
-- Symlinking: /home/mathijs/turtle_bot/install/ekf_localization/share/ekf_localization/local_setup.dsv
-- Symlinking: /home/mathijs/turtle_bot/install/ekf_localization/share/ekf_localization/package.dsv
-- Symlinking: /home/mathijs/turtle_bot/install/ekf_localization/share/ament_index/resource_index/packages/ekf_localization
-- Symlinking: /home/mathijs/turtle_bot/install/ekf_localization/share/ekf_localization/cmake/ekf_localizationConfig.cmake
-- Symlinking: /home/mathijs/turtle_bot/install/ekf_localization/share/ekf_localization/cmake/ekf_localizationConfig-version.cmake
-- Symlinking: /home/mathijs/turtle_bot/install/ekf_localization/share/ekf_localization/package.xml
