[0.029s] Invoking command in '/home/mathijs/turtle_bot/build/ekf_localization': CMAKE_PREFIX_PATH=/opt/ros/humble /usr/bin/cmake --build /home/mathijs/turtle_bot/build/ekf_localization -- -j12 -l12
[0.150s] [ 50%] [32mBuilding CXX object CMakeFiles/ekf_localization_node.dir/src/ekf_localization_node.cpp.o[0m
[16.195s] [100%] [32m[1mLinking CXX executable ekf_localization_node[0m
[17.347s] [100%] Built target ekf_localization_node
[17.361s] Invoked command in '/home/mathijs/turtle_bot/build/ekf_localization' returned '0': CMAKE_PREFIX_PATH=/opt/ros/humble /usr/bin/cmake --build /home/mathijs/turtle_bot/build/ekf_localization -- -j12 -l12
[17.363s] Invoking command in '/home/mathijs/turtle_bot/build/ekf_localization': CMAKE_PREFIX_PATH=/opt/ros/humble /usr/bin/cmake --install /home/mathijs/turtle_bot/build/ekf_localization
[17.371s] -- Install configuration: ""
[17.371s] -- Execute custom install script
[17.372s] -- Up-to-date symlink: /home/mathijs/turtle_bot/install/ekf_localization/lib/ekf_localization/ekf_localization_node
[17.373s] -- Up-to-date symlink: /home/mathijs/turtle_bot/install/ekf_localization/share/ekf_localization/launch/ekf_localization_launch.py
[17.373s] -- Up-to-date symlink: /home/mathijs/turtle_bot/install/ekf_localization/share/ekf_localization/config/params.yaml
[17.373s] -- Up-to-date symlink: /home/mathijs/turtle_bot/install/ekf_localization/share/ament_index/resource_index/package_run_dependencies/ekf_localization
[17.373s] -- Up-to-date symlink: /home/mathijs/turtle_bot/install/ekf_localization/share/ament_index/resource_index/parent_prefix_path/ekf_localization
[17.373s] -- Up-to-date symlink: /home/mathijs/turtle_bot/install/ekf_localization/share/ekf_localization/environment/ament_prefix_path.sh
[17.373s] -- Up-to-date symlink: /home/mathijs/turtle_bot/install/ekf_localization/share/ekf_localization/environment/ament_prefix_path.dsv
[17.374s] -- Up-to-date symlink: /home/mathijs/turtle_bot/install/ekf_localization/share/ekf_localization/environment/path.sh
[17.374s] -- Up-to-date symlink: /home/mathijs/turtle_bot/install/ekf_localization/share/ekf_localization/environment/path.dsv
[17.374s] -- Up-to-date symlink: /home/mathijs/turtle_bot/install/ekf_localization/share/ekf_localization/local_setup.bash
[17.374s] -- Up-to-date symlink: /home/mathijs/turtle_bot/install/ekf_localization/share/ekf_localization/local_setup.sh
[17.374s] -- Up-to-date symlink: /home/mathijs/turtle_bot/install/ekf_localization/share/ekf_localization/local_setup.zsh
[17.374s] -- Up-to-date symlink: /home/mathijs/turtle_bot/install/ekf_localization/share/ekf_localization/local_setup.dsv
[17.374s] -- Symlinking: /home/mathijs/turtle_bot/install/ekf_localization/share/ekf_localization/package.dsv
[17.388s] -- Up-to-date symlink: /home/mathijs/turtle_bot/install/ekf_localization/share/ament_index/resource_index/packages/ekf_localization
[17.388s] -- Up-to-date symlink: /home/mathijs/turtle_bot/install/ekf_localization/share/ekf_localization/cmake/ekf_localizationConfig.cmake
[17.388s] -- Up-to-date symlink: /home/mathijs/turtle_bot/install/ekf_localization/share/ekf_localization/cmake/ekf_localizationConfig-version.cmake
[17.388s] -- Up-to-date symlink: /home/mathijs/turtle_bot/install/ekf_localization/share/ekf_localization/package.xml
[17.392s] Invoked command in '/home/mathijs/turtle_bot/build/ekf_localization' returned '0': CMAKE_PREFIX_PATH=/opt/ros/humble /usr/bin/cmake --install /home/mathijs/turtle_bot/build/ekf_localization
