[0.031s] Invoking command in '/home/mathijs/turtle_bot/build/ekf_localization': CMAKE_PREFIX_PATH=${CMAKE_PREFIX_PATH}:/opt/ros/humble /usr/bin/cmake --build /home/mathijs/turtle_bot/build/ekf_localization -- -j12 -l12
[0.098s] [35m[1mConsolidate compiler generated dependencies of target ekf_localization_node[0m
[0.131s] [ 50%] [32mBuilding CXX object CMakeFiles/ekf_localization_node.dir/src/ekf_localization_node.cpp.o[0m
[15.659s] [100%] [32m[1mLinking CXX executable ekf_localization_node[0m
[16.839s] [100%] Built target ekf_localization_node
[16.855s] Invoked command in '/home/mathijs/turtle_bot/build/ekf_localization' returned '0': CMAKE_PREFIX_PATH=${CMAKE_PREFIX_PATH}:/opt/ros/humble /usr/bin/cmake --build /home/mathijs/turtle_bot/build/ekf_localization -- -j12 -l12
[16.856s] Invoking command in '/home/mathijs/turtle_bot/build/ekf_localization': CMAKE_PREFIX_PATH=${CMAKE_PREFIX_PATH}:/opt/ros/humble /usr/bin/cmake --install /home/mathijs/turtle_bot/build/ekf_localization
[16.867s] -- Install configuration: ""
[16.867s] -- Execute custom install script
[16.868s] -- Up-to-date symlink: /home/mathijs/turtle_bot/install/ekf_localization/lib/ekf_localization/ekf_localization_node
[16.868s] -- Up-to-date symlink: /home/mathijs/turtle_bot/install/ekf_localization/share/ekf_localization/launch/ekf_localization_launch.py
[16.868s] -- Up-to-date symlink: /home/mathijs/turtle_bot/install/ekf_localization/share/ekf_localization/config/params.yaml
[16.868s] -- Up-to-date symlink: /home/mathijs/turtle_bot/install/ekf_localization/share/ament_index/resource_index/package_run_dependencies/ekf_localization
[16.868s] -- Up-to-date symlink: /home/mathijs/turtle_bot/install/ekf_localization/share/ament_index/resource_index/parent_prefix_path/ekf_localization
[16.869s] -- Up-to-date symlink: /home/mathijs/turtle_bot/install/ekf_localization/share/ekf_localization/environment/ament_prefix_path.sh
[16.869s] -- Up-to-date symlink: /home/mathijs/turtle_bot/install/ekf_localization/share/ekf_localization/environment/ament_prefix_path.dsv
[16.869s] -- Up-to-date symlink: /home/mathijs/turtle_bot/install/ekf_localization/share/ekf_localization/environment/path.sh
[16.869s] -- Up-to-date symlink: /home/mathijs/turtle_bot/install/ekf_localization/share/ekf_localization/environment/path.dsv
[16.869s] -- Up-to-date symlink: /home/mathijs/turtle_bot/install/ekf_localization/share/ekf_localization/local_setup.bash
[16.869s] -- Up-to-date symlink: /home/mathijs/turtle_bot/install/ekf_localization/share/ekf_localization/local_setup.sh
[16.869s] -- Up-to-date symlink: /home/mathijs/turtle_bot/install/ekf_localization/share/ekf_localization/local_setup.zsh
[16.869s] -- Up-to-date symlink: /home/mathijs/turtle_bot/install/ekf_localization/share/ekf_localization/local_setup.dsv
[16.869s] -- Symlinking: /home/mathijs/turtle_bot/install/ekf_localization/share/ekf_localization/package.dsv
[16.883s] -- Up-to-date symlink: /home/mathijs/turtle_bot/install/ekf_localization/share/ament_index/resource_index/packages/ekf_localization
[16.883s] -- Up-to-date symlink: /home/mathijs/turtle_bot/install/ekf_localization/share/ekf_localization/cmake/ekf_localizationConfig.cmake
[16.883s] -- Up-to-date symlink: /home/mathijs/turtle_bot/install/ekf_localization/share/ekf_localization/cmake/ekf_localizationConfig-version.cmake
[16.883s] -- Up-to-date symlink: /home/mathijs/turtle_bot/install/ekf_localization/share/ekf_localization/package.xml
[16.885s] Invoked command in '/home/mathijs/turtle_bot/build/ekf_localization' returned '0': CMAKE_PREFIX_PATH=${CMAKE_PREFIX_PATH}:/opt/ros/humble /usr/bin/cmake --install /home/mathijs/turtle_bot/build/ekf_localization
