-- The C compiler identification is GNU 11.4.0
-- The CXX compiler identification is GNU 11.4.0
-- Detecting C compiler ABI info
-- Detecting C compiler ABI info - done
-- Check for working C compiler: /usr/bin/cc - skipped
-- Detecting C compile features
-- Detecting C compile features - done
-- Detecting CXX compiler ABI info
-- Detecting CXX compiler ABI info - done
-- Check for working CXX compiler: /usr/bin/c++ - skipped
-- Detecting CXX compile features
-- Detecting CXX compile features - done
-- Found ament_cmake: 1.3.12 (/opt/ros/humble/share/ament_cmake/cmake)
-- Found Python3: /usr/bin/python3 (found version "3.10.12") found components: Interpreter 
-- Found rclcpp: 16.0.15 (/opt/ros/humble/share/rclcpp/cmake)
-- Found rosidl_generator_c: 3.1.7 (/opt/ros/humble/share/rosidl_generator_c/cmake)
-- Found rosidl_adapter: 3.1.7 (/opt/ros/humble/share/rosidl_adapter/cmake)
-- Found rosidl_generator_cpp: 3.1.7 (/opt/ros/humble/share/rosidl_generator_cpp/cmake)
-- Using all available rosidl_typesupport_c: rosidl_typesupport_fastrtps_c;rosidl_typesupport_introspection_c
-- Using all available rosidl_typesupport_cpp: rosidl_typesupport_fastrtps_cpp;rosidl_typesupport_introspection_cpp
-- Found rmw_implementation_cmake: 6.1.2 (/opt/ros/humble/share/rmw_implementation_cmake/cmake)
-- Found rmw_fastrtps_cpp: 6.2.8 (/opt/ros/humble/share/rmw_fastrtps_cpp/cmake)
-- Found OpenSSL: /usr/lib/x86_64-linux-gnu/libcrypto.so (found version "3.0.2")  
-- Found FastRTPS: /opt/ros/humble/include  
-- Using RMW implementation 'rmw_fastrtps_cpp' as default
-- Looking for pthread.h
-- Looking for pthread.h - found
-- Performing Test CMAKE_HAVE_LIBC_PTHREAD
-- Performing Test CMAKE_HAVE_LIBC_PTHREAD - Success
-- Found Threads: TRUE  
-- Found sensor_msgs: 4.9.0 (/opt/ros/humble/share/sensor_msgs/cmake)
-- Found tf2: 0.25.16 (/opt/ros/humble/share/tf2/cmake)
-- Found tf2_geometry_msgs: 0.25.16 (/opt/ros/humble/share/tf2_geometry_msgs/cmake)
-- Found eigen3_cmake_module: 0.1.1 (/opt/ros/humble/share/eigen3_cmake_module/cmake)
-- Found Eigen3: TRUE (found version "3.4.0") 
-- Ensuring Eigen3 include directory is part of orocos-kdl CMake target
-- Configuring done
-- Generating done
-- Build files have been written to: /home/mathijs/turtle_bot/build/ekf_localization
[ 50%] [32mBuilding CXX object CMakeFiles/ekf_localization_node.dir/src/ekf_localization_node.cpp.o[0m
[100%] [32m[1mLinking CXX executable ekf_localization_node[0m
[100%] Built target ekf_localization_node
-- Install configuration: ""
-- Installing: /home/mathijs/turtle_bot/install/ekf_localization/lib/ekf_localization/ekf_localization_node
-- Set runtime path of "/home/mathijs/turtle_bot/install/ekf_localization/lib/ekf_localization/ekf_localization_node" to ""
-- Installing: /home/mathijs/turtle_bot/install/ekf_localization/share/ekf_localization/launch
-- Installing: /home/mathijs/turtle_bot/install/ekf_localization/share/ekf_localization/launch/ekf_localization_launch.py
-- Installing: /home/mathijs/turtle_bot/install/ekf_localization/share/ekf_localization/config
-- Installing: /home/mathijs/turtle_bot/install/ekf_localization/share/ekf_localization/config/params.yaml
-- Installing: /home/mathijs/turtle_bot/install/ekf_localization/share/ament_index/resource_index/package_run_dependencies/ekf_localization
-- Installing: /home/mathijs/turtle_bot/install/ekf_localization/share/ament_index/resource_index/parent_prefix_path/ekf_localization
-- Installing: /home/mathijs/turtle_bot/install/ekf_localization/share/ekf_localization/environment/ament_prefix_path.sh
-- Installing: /home/mathijs/turtle_bot/install/ekf_localization/share/ekf_localization/environment/ament_prefix_path.dsv
-- Installing: /home/mathijs/turtle_bot/install/ekf_localization/share/ekf_localization/environment/path.sh
-- Installing: /home/mathijs/turtle_bot/install/ekf_localization/share/ekf_localization/environment/path.dsv
-- Installing: /home/mathijs/turtle_bot/install/ekf_localization/share/ekf_localization/local_setup.bash
-- Installing: /home/mathijs/turtle_bot/install/ekf_localization/share/ekf_localization/local_setup.sh
-- Installing: /home/mathijs/turtle_bot/install/ekf_localization/share/ekf_localization/local_setup.zsh
-- Installing: /home/mathijs/turtle_bot/install/ekf_localization/share/ekf_localization/local_setup.dsv
-- Installing: /home/mathijs/turtle_bot/install/ekf_localization/share/ekf_localization/package.dsv
-- Installing: /home/mathijs/turtle_bot/install/ekf_localization/share/ament_index/resource_index/packages/ekf_localization
-- Installing: /home/mathijs/turtle_bot/install/ekf_localization/share/ekf_localization/cmake/ekf_localizationConfig.cmake
-- Installing: /home/mathijs/turtle_bot/install/ekf_localization/share/ekf_localization/cmake/ekf_localizationConfig-version.cmake
-- Installing: /home/mathijs/turtle_bot/install/ekf_localization/share/ekf_localization/package.xml
