[0.021s] Invoking command in '/home/mathijs/turtle_bot/build/ekf_localization': CMAKE_PREFIX_PATH=/opt/ros/humble /usr/bin/cmake /home/mathijs/turtle_bot/ekf_localization -DCMAKE_INSTALL_PREFIX=/home/mathijs/turtle_bot/install/ekf_localization
[0.128s] -- The C compiler identification is GNU 11.4.0
[0.224s] -- The CXX compiler identification is GNU 11.4.0
[0.237s] -- Detecting C compiler ABI info
[0.334s] -- Detecting C compiler ABI info - done
[0.342s] -- Check for working C compiler: /usr/bin/cc - skipped
[0.342s] -- Detecting C compile features
[0.343s] -- Detecting C compile features - done
[0.348s] -- Detecting CXX compiler ABI info
[0.462s] -- Detecting CXX compiler ABI info - done
[0.475s] -- Check for working CXX compiler: /usr/bin/c++ - skipped
[0.475s] -- Detecting CXX compile features
[0.475s] -- Detecting CXX compile features - done
[0.495s] -- Found ament_cmake: 1.3.12 (/opt/ros/humble/share/ament_cmake/cmake)
[1.004s] -- Found Python3: /usr/bin/python3 (found version "3.10.12") found components: Interpreter 
[1.145s] -- Found rclcpp: 16.0.15 (/opt/ros/humble/share/rclcpp/cmake)
[1.224s] -- Found rosidl_generator_c: 3.1.7 (/opt/ros/humble/share/rosidl_generator_c/cmake)
[1.232s] -- Found rosidl_adapter: 3.1.7 (/opt/ros/humble/share/rosidl_adapter/cmake)
[1.245s] -- Found rosidl_generator_cpp: 3.1.7 (/opt/ros/humble/share/rosidl_generator_cpp/cmake)
[1.263s] -- Using all available rosidl_typesupport_c: rosidl_typesupport_fastrtps_c;rosidl_typesupport_introspection_c
[1.288s] -- Using all available rosidl_typesupport_cpp: rosidl_typesupport_fastrtps_cpp;rosidl_typesupport_introspection_cpp
[1.359s] -- Found rmw_implementation_cmake: 6.1.2 (/opt/ros/humble/share/rmw_implementation_cmake/cmake)
[1.362s] -- Found rmw_fastrtps_cpp: 6.2.8 (/opt/ros/humble/share/rmw_fastrtps_cpp/cmake)
[1.498s] -- Found OpenSSL: /usr/lib/x86_64-linux-gnu/libcrypto.so (found version "3.0.2")  
[1.547s] -- Found FastRTPS: /opt/ros/humble/include  
[1.607s] -- Using RMW implementation 'rmw_fastrtps_cpp' as default
[1.623s] -- Looking for pthread.h
[1.720s] -- Looking for pthread.h - found
[1.721s] -- Performing Test CMAKE_HAVE_LIBC_PTHREAD
[1.845s] -- Performing Test CMAKE_HAVE_LIBC_PTHREAD - Success
[1.846s] -- Found Threads: TRUE  
[1.925s] -- Found sensor_msgs: 4.9.0 (/opt/ros/humble/share/sensor_msgs/cmake)
[1.980s] -- Found tf2: 0.25.16 (/opt/ros/humble/share/tf2/cmake)
[2.002s] -- Found tf2_geometry_msgs: 0.25.16 (/opt/ros/humble/share/tf2_geometry_msgs/cmake)
[2.019s] -- Found eigen3_cmake_module: 0.1.1 (/opt/ros/humble/share/eigen3_cmake_module/cmake)
[2.022s] -- Found Eigen3: TRUE (found version "3.4.0") 
[2.022s] -- Ensuring Eigen3 include directory is part of orocos-kdl CMake target
[2.256s] -- Configuring done
[2.271s] -- Generating done
[2.277s] -- Build files have been written to: /home/mathijs/turtle_bot/build/ekf_localization
[2.291s] Invoked command in '/home/mathijs/turtle_bot/build/ekf_localization' returned '0': CMAKE_PREFIX_PATH=/opt/ros/humble /usr/bin/cmake /home/mathijs/turtle_bot/ekf_localization -DCMAKE_INSTALL_PREFIX=/home/mathijs/turtle_bot/install/ekf_localization
[2.294s] Invoking command in '/home/mathijs/turtle_bot/build/ekf_localization': CMAKE_PREFIX_PATH=/opt/ros/humble /usr/bin/cmake --build /home/mathijs/turtle_bot/build/ekf_localization -- -j12 -l12
[2.372s] [ 50%] [32mBuilding CXX object CMakeFiles/ekf_localization_node.dir/src/ekf_localization_node.cpp.o[0m
[2.882s] In file included from [01m[K/home/mathijs/turtle_bot/ekf_localization/src/ekf_localization_node.cpp:8[m[K:
[2.882s] [01m[K/opt/ros/humble/include/tf2_geometry_msgs/tf2_geometry_msgs/tf2_geometry_msgs.h:35:2:[m[K [01;35m[Kwarning: [m[K#warning This header is obsolete, please include tf2_geometry_msgs/tf2_geometry_msgs.hpp instead [[01;35m[K]8;;https://gcc.gnu.org/onlinedocs/gcc/Warning-Options.html#index-Wcpp-Wcpp]8;;[m[K]
[2.882s]    35 | #[01;35m[Kwarning[m[K This header is obsolete, please include tf2_geometry_msgs/tf2_geometry_msgs.hpp instead
[2.882s]       |  [01;35m[K^~~~~~~[m[K
[18.337s] [100%] [32m[1mLinking CXX executable ekf_localization_node[0m
[19.377s] [100%] Built target ekf_localization_node
[19.391s] Invoked command in '/home/mathijs/turtle_bot/build/ekf_localization' returned '0': CMAKE_PREFIX_PATH=/opt/ros/humble /usr/bin/cmake --build /home/mathijs/turtle_bot/build/ekf_localization -- -j12 -l12
[19.393s] Invoking command in '/home/mathijs/turtle_bot/build/ekf_localization': CMAKE_PREFIX_PATH=/opt/ros/humble /usr/bin/cmake --install /home/mathijs/turtle_bot/build/ekf_localization
[19.401s] -- Install configuration: ""
[19.401s] -- Installing: /home/mathijs/turtle_bot/install/ekf_localization/lib/ekf_localization/ekf_localization_node
[19.408s] -- Set runtime path of "/home/mathijs/turtle_bot/install/ekf_localization/lib/ekf_localization/ekf_localization_node" to ""
[19.409s] -- Installing: /home/mathijs/turtle_bot/install/ekf_localization/share/ekf_localization/launch
[19.409s] -- Installing: /home/mathijs/turtle_bot/install/ekf_localization/share/ekf_localization/launch/ekf_localization_launch.py
[19.409s] -- Installing: /home/mathijs/turtle_bot/install/ekf_localization/share/ekf_localization/config
[19.409s] -- Installing: /home/mathijs/turtle_bot/install/ekf_localization/share/ekf_localization/config/params.yaml
[19.409s] -- Installing: /home/mathijs/turtle_bot/install/ekf_localization/share/ament_index/resource_index/package_run_dependencies/ekf_localization
[19.409s] -- Installing: /home/mathijs/turtle_bot/install/ekf_localization/share/ament_index/resource_index/parent_prefix_path/ekf_localization
[19.409s] -- Installing: /home/mathijs/turtle_bot/install/ekf_localization/share/ekf_localization/environment/ament_prefix_path.sh
[19.409s] -- Installing: /home/mathijs/turtle_bot/install/ekf_localization/share/ekf_localization/environment/ament_prefix_path.dsv
[19.409s] -- Installing: /home/mathijs/turtle_bot/install/ekf_localization/share/ekf_localization/environment/path.sh
[19.410s] -- Installing: /home/mathijs/turtle_bot/install/ekf_localization/share/ekf_localization/environment/path.dsv
[19.410s] -- Installing: /home/mathijs/turtle_bot/install/ekf_localization/share/ekf_localization/local_setup.bash
[19.410s] -- Installing: /home/mathijs/turtle_bot/install/ekf_localization/share/ekf_localization/local_setup.sh
[19.410s] -- Installing: /home/mathijs/turtle_bot/install/ekf_localization/share/ekf_localization/local_setup.zsh
[19.410s] -- Installing: /home/mathijs/turtle_bot/install/ekf_localization/share/ekf_localization/local_setup.dsv
[19.410s] -- Installing: /home/mathijs/turtle_bot/install/ekf_localization/share/ekf_localization/package.dsv
[19.410s] -- Installing: /home/mathijs/turtle_bot/install/ekf_localization/share/ament_index/resource_index/packages/ekf_localization
[19.411s] -- Installing: /home/mathijs/turtle_bot/install/ekf_localization/share/ekf_localization/cmake/ekf_localizationConfig.cmake
[19.411s] -- Installing: /home/mathijs/turtle_bot/install/ekf_localization/share/ekf_localization/cmake/ekf_localizationConfig-version.cmake
[19.411s] -- Installing: /home/mathijs/turtle_bot/install/ekf_localization/share/ekf_localization/package.xml
[19.414s] Invoked command in '/home/mathijs/turtle_bot/build/ekf_localization' returned '0': CMAKE_PREFIX_PATH=/opt/ros/humble /usr/bin/cmake --install /home/mathijs/turtle_bot/build/ekf_localization
