[0.064s] Invoking command in '/home/mathijs/turtle_bot/build/data_replay': CMAKE_PREFIX_PATH=${CMAKE_PREFIX_PATH}:/opt/ros/humble /usr/bin/cmake --build /home/mathijs/turtle_bot/build/data_replay -- -j12 -l12
[0.154s] [ 50%] [32mBuilding CXX object CMakeFiles/data_replay.dir/src/data_replay.cpp.o[0m
[5.129s] [100%] [32m[1mLinking CXX executable data_replay[0m
[5.455s] [100%] Built target data_replay
[5.471s] Invoked command in '/home/mathijs/turtle_bot/build/data_replay' returned '0': CMAKE_PREFIX_PATH=${CMAKE_PREFIX_PATH}:/opt/ros/humble /usr/bin/cmake --build /home/mathijs/turtle_bot/build/data_replay -- -j12 -l12
[5.476s] Invoking command in '/home/mathijs/turtle_bot/build/data_replay': CMAKE_PREFIX_PATH=${CMAKE_PREFIX_PATH}:/opt/ros/humble /usr/bin/cmake --install /home/mathijs/turtle_bot/build/data_replay
[5.489s] -- Install configuration: ""
[5.489s] -- Installing: /home/mathijs/turtle_bot/install/data_replay/lib/data_replay/data_replay
[5.493s] -- Set runtime path of "/home/mathijs/turtle_bot/install/data_replay/lib/data_replay/data_replay" to ""
[5.493s] -- Up-to-date: /home/mathijs/turtle_bot/install/data_replay/share/ament_index/resource_index/package_run_dependencies/data_replay
[5.493s] -- Up-to-date: /home/mathijs/turtle_bot/install/data_replay/share/ament_index/resource_index/parent_prefix_path/data_replay
[5.494s] -- Up-to-date: /home/mathijs/turtle_bot/install/data_replay/share/data_replay/environment/ament_prefix_path.sh
[5.494s] -- Up-to-date: /home/mathijs/turtle_bot/install/data_replay/share/data_replay/environment/ament_prefix_path.dsv
[5.494s] -- Up-to-date: /home/mathijs/turtle_bot/install/data_replay/share/data_replay/environment/path.sh
[5.494s] -- Up-to-date: /home/mathijs/turtle_bot/install/data_replay/share/data_replay/environment/path.dsv
[5.494s] -- Up-to-date: /home/mathijs/turtle_bot/install/data_replay/share/data_replay/local_setup.bash
[5.494s] -- Up-to-date: /home/mathijs/turtle_bot/install/data_replay/share/data_replay/local_setup.sh
[5.494s] -- Up-to-date: /home/mathijs/turtle_bot/install/data_replay/share/data_replay/local_setup.zsh
[5.494s] -- Up-to-date: /home/mathijs/turtle_bot/install/data_replay/share/data_replay/local_setup.dsv
[5.494s] -- Installing: /home/mathijs/turtle_bot/install/data_replay/share/data_replay/package.dsv
[5.496s] -- Up-to-date: /home/mathijs/turtle_bot/install/data_replay/share/ament_index/resource_index/packages/data_replay
[5.496s] -- Up-to-date: /home/mathijs/turtle_bot/install/data_replay/share/data_replay/cmake/data_replayConfig.cmake
[5.496s] -- Up-to-date: /home/mathijs/turtle_bot/install/data_replay/share/data_replay/cmake/data_replayConfig-version.cmake
[5.496s] -- Up-to-date: /home/mathijs/turtle_bot/install/data_replay/share/data_replay/package.xml
[5.498s] Invoked command in '/home/mathijs/turtle_bot/build/data_replay' returned '0': CMAKE_PREFIX_PATH=${CMAKE_PREFIX_PATH}:/opt/ros/humble /usr/bin/cmake --install /home/mathijs/turtle_bot/build/data_replay
