-- Found ament_cmake: 1.3.12 (/opt/ros/humble/share/ament_cmake/cmake)
-- Override CMake install command with custom implementation using symlinks instead of copying resources
-- Found rclcpp: 16.0.15 (/opt/ros/humble/share/rclcpp/cmake)
-- Found rosidl_generator_c: 3.1.7 (/opt/ros/humble/share/rosidl_generator_c/cmake)
-- Found rosidl_adapter: 3.1.7 (/opt/ros/humble/share/rosidl_adapter/cmake)
-- Found rosidl_generator_cpp: 3.1.7 (/opt/ros/humble/share/rosidl_generator_cpp/cmake)
-- Using all available rosidl_typesupport_c: rosidl_typesupport_fastrtps_c;rosidl_typesupport_introspection_c
-- Using all available rosidl_typesupport_cpp: rosidl_typesupport_fastrtps_cpp;rosidl_typesupport_introspection_cpp
-- Found rmw_implementation_cmake: 6.1.2 (/opt/ros/humble/share/rmw_implementation_cmake/cmake)
-- Found rmw_fastrtps_cpp: 6.2.9 (/opt/ros/humble/share/rmw_fastrtps_cpp/cmake)
-- Using RMW implementation 'rmw_fastrtps_cpp' as default
-- Found geometry_msgs: 4.9.0 (/opt/ros/humble/share/geometry_msgs/cmake)
-- Configuring done
-- Generating done
-- Build files have been written to: /home/mathijs/turtle_bot/build/measurement_node
[35m[1mConsolidate compiler generated dependencies of target measurement_node[0m
[ 50%] [32m[1mLinking CXX executable measurement_node[0m
[100%] Built target measurement_node
-- Install configuration: ""
-- Execute custom install script
-- Symlinking: /home/mathijs/turtle_bot/install/measurement_node/lib/measurement_node/measurement_node
-- Symlinking: /home/mathijs/turtle_bot/install/measurement_node/share/ament_index/resource_index/package_run_dependencies/measurement_node
-- Symlinking: /home/mathijs/turtle_bot/install/measurement_node/share/ament_index/resource_index/parent_prefix_path/measurement_node
-- Symlinking: /home/mathijs/turtle_bot/install/measurement_node/share/measurement_node/environment/ament_prefix_path.sh
-- Symlinking: /home/mathijs/turtle_bot/install/measurement_node/share/measurement_node/environment/ament_prefix_path.dsv
-- Symlinking: /home/mathijs/turtle_bot/install/measurement_node/share/measurement_node/environment/path.sh
-- Symlinking: /home/mathijs/turtle_bot/install/measurement_node/share/measurement_node/environment/path.dsv
-- Symlinking: /home/mathijs/turtle_bot/install/measurement_node/share/measurement_node/local_setup.bash
-- Symlinking: /home/mathijs/turtle_bot/install/measurement_node/share/measurement_node/local_setup.sh
-- Symlinking: /home/mathijs/turtle_bot/install/measurement_node/share/measurement_node/local_setup.zsh
-- Symlinking: /home/mathijs/turtle_bot/install/measurement_node/share/measurement_node/local_setup.dsv
-- Symlinking: /home/mathijs/turtle_bot/install/measurement_node/share/measurement_node/package.dsv
-- Symlinking: /home/mathijs/turtle_bot/install/measurement_node/share/ament_index/resource_index/packages/measurement_node
-- Symlinking: /home/mathijs/turtle_bot/install/measurement_node/share/measurement_node/cmake/measurement_nodeConfig.cmake
-- Symlinking: /home/mathijs/turtle_bot/install/measurement_node/share/measurement_node/cmake/measurement_nodeConfig-version.cmake
-- Symlinking: /home/mathijs/turtle_bot/install/measurement_node/share/measurement_node/package.xml
