[0.363s] DEBUG:colcon:Command line arguments: ['/usr/bin/colcon', 'build', '--symlink-install']
[0.363s] DEBUG:colcon:Parsed command line arguments: Namespace(log_base=None, log_level=None, verb_name='build', build_base='build', install_base='install', merge_install=False, symlink_install=True, test_result_base=None, continue_on_error=False, executor='parallel', parallel_workers=12, event_handlers=None, ignore_user_meta=False, metas=['./colcon.meta'], base_paths=['.'], packages_ignore=None, packages_ignore_regex=None, paths=None, packages_up_to=None, packages_up_to_regex=None, packages_above=None, packages_above_and_dependencies=None, packages_above_depth=None, packages_select_by_dep=None, packages_skip_by_dep=None, packages_skip_up_to=None, packages_select_build_failed=False, packages_skip_build_finished=False, packages_select_test_failures=False, packages_skip_test_passed=False, packages_select=None, packages_skip=None, packages_select_regex=None, packages_skip_regex=None, packages_start=None, packages_end=None, allow_overriding=[], cmake_args=None, cmake_target=None, cmake_target_skip_unavailable=False, cmake_clean_cache=False, cmake_clean_first=False, cmake_force_configure=False, ament_cmake_args=None, catkin_cmake_args=None, catkin_skip_building_tests=False, mixin_files=None, mixin=None, verb_parser=<colcon_mixin.mixin.mixin_argument.MixinArgumentDecorator object at 0x7d3df8f4d9c0>, verb_extension=<colcon_core.verb.build.BuildVerb object at 0x7d3df8f4d510>, main=<bound method BuildVerb.main of <colcon_core.verb.build.BuildVerb object at 0x7d3df8f4d510>>, mixin_verb=('build',))
[0.498s] Level 1:colcon.colcon_core.package_discovery:discover_packages(colcon_meta) check parameters
[0.498s] Level 1:colcon.colcon_core.package_discovery:discover_packages(recursive) check parameters
[0.498s] Level 1:colcon.colcon_core.package_discovery:discover_packages(ignore) check parameters
[0.498s] Level 1:colcon.colcon_core.package_discovery:discover_packages(path) check parameters
[0.498s] Level 1:colcon.colcon_core.package_discovery:discover_packages(colcon_meta) discover
[0.498s] Level 1:colcon.colcon_core.package_discovery:discover_packages(recursive) discover
[0.499s] INFO:colcon.colcon_core.package_discovery:Crawling recursively for packages in '/home/mathijs/turtle_bot'
[0.499s] Level 1:colcon.colcon_core.package_identification:_identify(.) by extensions ['ignore', 'ignore_ament_install']
[0.499s] Level 1:colcon.colcon_core.package_identification:_identify(.) by extension 'ignore'
[0.499s] Level 1:colcon.colcon_core.package_identification:_identify(.) by extension 'ignore_ament_install'
[0.499s] Level 1:colcon.colcon_core.package_identification:_identify(.) by extensions ['colcon_pkg']
[0.499s] Level 1:colcon.colcon_core.package_identification:_identify(.) by extension 'colcon_pkg'
[0.499s] Level 1:colcon.colcon_core.package_identification:_identify(.) by extensions ['colcon_meta']
[0.499s] Level 1:colcon.colcon_core.package_identification:_identify(.) by extension 'colcon_meta'
[0.499s] Level 1:colcon.colcon_core.package_identification:_identify(.) by extensions ['ros']
[0.500s] Level 1:colcon.colcon_core.package_identification:_identify(.) by extension 'ros'
[0.530s] Level 1:colcon.colcon_core.package_identification:_identify(.) by extensions ['cmake', 'python']
[0.530s] Level 1:colcon.colcon_core.package_identification:_identify(.) by extension 'cmake'
[0.530s] Level 1:colcon.colcon_core.package_identification:_identify(.) by extension 'python'
[0.531s] Level 1:colcon.colcon_core.package_identification:_identify(.) by extensions ['python_setup_py']
[0.531s] Level 1:colcon.colcon_core.package_identification:_identify(.) by extension 'python_setup_py'
[0.531s] Level 1:colcon.colcon_core.package_identification:_identify(build) by extensions ['ignore', 'ignore_ament_install']
[0.531s] Level 1:colcon.colcon_core.package_identification:_identify(build) by extension 'ignore'
[0.531s] Level 1:colcon.colcon_core.package_identification:_identify(build) ignored
[0.531s] Level 1:colcon.colcon_core.package_identification:_identify(data) by extensions ['ignore', 'ignore_ament_install']
[0.531s] Level 1:colcon.colcon_core.package_identification:_identify(data) by extension 'ignore'
[0.532s] Level 1:colcon.colcon_core.package_identification:_identify(data) by extension 'ignore_ament_install'
[0.532s] Level 1:colcon.colcon_core.package_identification:_identify(data) by extensions ['colcon_pkg']
[0.532s] Level 1:colcon.colcon_core.package_identification:_identify(data) by extension 'colcon_pkg'
[0.532s] Level 1:colcon.colcon_core.package_identification:_identify(data) by extensions ['colcon_meta']
[0.532s] Level 1:colcon.colcon_core.package_identification:_identify(data) by extension 'colcon_meta'
[0.532s] Level 1:colcon.colcon_core.package_identification:_identify(data) by extensions ['ros']
[0.532s] Level 1:colcon.colcon_core.package_identification:_identify(data) by extension 'ros'
[0.532s] Level 1:colcon.colcon_core.package_identification:_identify(data) by extensions ['cmake', 'python']
[0.532s] Level 1:colcon.colcon_core.package_identification:_identify(data) by extension 'cmake'
[0.532s] Level 1:colcon.colcon_core.package_identification:_identify(data) by extension 'python'
[0.532s] Level 1:colcon.colcon_core.package_identification:_identify(data) by extensions ['python_setup_py']
[0.532s] Level 1:colcon.colcon_core.package_identification:_identify(data) by extension 'python_setup_py'
[0.533s] Level 1:colcon.colcon_core.package_identification:_identify(data/line1magnet_odometry) by extensions ['ignore', 'ignore_ament_install']
[0.533s] Level 1:colcon.colcon_core.package_identification:_identify(data/line1magnet_odometry) by extension 'ignore'
[0.534s] Level 1:colcon.colcon_core.package_identification:_identify(data/line1magnet_odometry) by extension 'ignore_ament_install'
[0.534s] Level 1:colcon.colcon_core.package_identification:_identify(data/line1magnet_odometry) by extensions ['colcon_pkg']
[0.534s] Level 1:colcon.colcon_core.package_identification:_identify(data/line1magnet_odometry) by extension 'colcon_pkg'
[0.534s] Level 1:colcon.colcon_core.package_identification:_identify(data/line1magnet_odometry) by extensions ['colcon_meta']
[0.534s] Level 1:colcon.colcon_core.package_identification:_identify(data/line1magnet_odometry) by extension 'colcon_meta'
[0.534s] Level 1:colcon.colcon_core.package_identification:_identify(data/line1magnet_odometry) by extensions ['ros']
[0.534s] Level 1:colcon.colcon_core.package_identification:_identify(data/line1magnet_odometry) by extension 'ros'
[0.534s] Level 1:colcon.colcon_core.package_identification:_identify(data/line1magnet_odometry) by extensions ['cmake', 'python']
[0.534s] Level 1:colcon.colcon_core.package_identification:_identify(data/line1magnet_odometry) by extension 'cmake'
[0.534s] Level 1:colcon.colcon_core.package_identification:_identify(data/line1magnet_odometry) by extension 'python'
[0.534s] Level 1:colcon.colcon_core.package_identification:_identify(data/line1magnet_odometry) by extensions ['python_setup_py']
[0.534s] Level 1:colcon.colcon_core.package_identification:_identify(data/line1magnet_odometry) by extension 'python_setup_py'
[0.535s] Level 1:colcon.colcon_core.package_identification:_identify(data_replay) by extensions ['ignore', 'ignore_ament_install']
[0.535s] Level 1:colcon.colcon_core.package_identification:_identify(data_replay) by extension 'ignore'
[0.535s] Level 1:colcon.colcon_core.package_identification:_identify(data_replay) by extension 'ignore_ament_install'
[0.535s] Level 1:colcon.colcon_core.package_identification:_identify(data_replay) by extensions ['colcon_pkg']
[0.535s] Level 1:colcon.colcon_core.package_identification:_identify(data_replay) by extension 'colcon_pkg'
[0.535s] Level 1:colcon.colcon_core.package_identification:_identify(data_replay) by extensions ['colcon_meta']
[0.535s] Level 1:colcon.colcon_core.package_identification:_identify(data_replay) by extension 'colcon_meta'
[0.535s] Level 1:colcon.colcon_core.package_identification:_identify(data_replay) by extensions ['ros']
[0.535s] Level 1:colcon.colcon_core.package_identification:_identify(data_replay) by extension 'ros'
[0.545s] DEBUG:colcon.colcon_core.package_identification:Package 'data_replay' with type 'ros.ament_cmake' and name 'data_replay'
[0.545s] Level 1:colcon.colcon_core.package_identification:_identify(ekf_localization) by extensions ['ignore', 'ignore_ament_install']
[0.546s] Level 1:colcon.colcon_core.package_identification:_identify(ekf_localization) by extension 'ignore'
[0.546s] Level 1:colcon.colcon_core.package_identification:_identify(ekf_localization) by extension 'ignore_ament_install'
[0.546s] Level 1:colcon.colcon_core.package_identification:_identify(ekf_localization) by extensions ['colcon_pkg']
[0.546s] Level 1:colcon.colcon_core.package_identification:_identify(ekf_localization) by extension 'colcon_pkg'
[0.546s] Level 1:colcon.colcon_core.package_identification:_identify(ekf_localization) by extensions ['colcon_meta']
[0.546s] Level 1:colcon.colcon_core.package_identification:_identify(ekf_localization) by extension 'colcon_meta'
[0.546s] Level 1:colcon.colcon_core.package_identification:_identify(ekf_localization) by extensions ['ros']
[0.546s] Level 1:colcon.colcon_core.package_identification:_identify(ekf_localization) by extension 'ros'
[0.548s] DEBUG:colcon.colcon_core.package_identification:Package 'ekf_localization' with type 'ros.ament_cmake' and name 'ekf_localization'
[0.549s] Level 1:colcon.colcon_core.package_identification:_identify(install) by extensions ['ignore', 'ignore_ament_install']
[0.549s] Level 1:colcon.colcon_core.package_identification:_identify(install) by extension 'ignore'
[0.549s] Level 1:colcon.colcon_core.package_identification:_identify(install) ignored
[0.549s] Level 1:colcon.colcon_core.package_identification:_identify(log) by extensions ['ignore', 'ignore_ament_install']
[0.549s] Level 1:colcon.colcon_core.package_identification:_identify(log) by extension 'ignore'
[0.550s] Level 1:colcon.colcon_core.package_identification:_identify(log) ignored
[0.550s] Level 1:colcon.colcon_core.package_identification:_identify(measurement_node) by extensions ['ignore', 'ignore_ament_install']
[0.550s] Level 1:colcon.colcon_core.package_identification:_identify(measurement_node) by extension 'ignore'
[0.550s] Level 1:colcon.colcon_core.package_identification:_identify(measurement_node) by extension 'ignore_ament_install'
[0.550s] Level 1:colcon.colcon_core.package_identification:_identify(measurement_node) by extensions ['colcon_pkg']
[0.550s] Level 1:colcon.colcon_core.package_identification:_identify(measurement_node) by extension 'colcon_pkg'
[0.550s] Level 1:colcon.colcon_core.package_identification:_identify(measurement_node) by extensions ['colcon_meta']
[0.550s] Level 1:colcon.colcon_core.package_identification:_identify(measurement_node) by extension 'colcon_meta'
[0.551s] Level 1:colcon.colcon_core.package_identification:_identify(measurement_node) by extensions ['ros']
[0.551s] Level 1:colcon.colcon_core.package_identification:_identify(measurement_node) by extension 'ros'
[0.552s] DEBUG:colcon.colcon_core.package_identification:Package 'measurement_node' with type 'ros.ament_cmake' and name 'measurement_node'
[0.554s] Level 1:colcon.colcon_core.package_identification:_identify(pose_recording_20251114_103859) by extensions ['ignore', 'ignore_ament_install']
[0.554s] Level 1:colcon.colcon_core.package_identification:_identify(pose_recording_20251114_103859) by extension 'ignore'
[0.554s] Level 1:colcon.colcon_core.package_identification:_identify(pose_recording_20251114_103859) by extension 'ignore_ament_install'
[0.554s] Level 1:colcon.colcon_core.package_identification:_identify(pose_recording_20251114_103859) by extensions ['colcon_pkg']
[0.554s] Level 1:colcon.colcon_core.package_identification:_identify(pose_recording_20251114_103859) by extension 'colcon_pkg'
[0.555s] Level 1:colcon.colcon_core.package_identification:_identify(pose_recording_20251114_103859) by extensions ['colcon_meta']
[0.555s] Level 1:colcon.colcon_core.package_identification:_identify(pose_recording_20251114_103859) by extension 'colcon_meta'
[0.555s] Level 1:colcon.colcon_core.package_identification:_identify(pose_recording_20251114_103859) by extensions ['ros']
[0.555s] Level 1:colcon.colcon_core.package_identification:_identify(pose_recording_20251114_103859) by extension 'ros'
[0.555s] Level 1:colcon.colcon_core.package_identification:_identify(pose_recording_20251114_103859) by extensions ['cmake', 'python']
[0.555s] Level 1:colcon.colcon_core.package_identification:_identify(pose_recording_20251114_103859) by extension 'cmake'
[0.555s] Level 1:colcon.colcon_core.package_identification:_identify(pose_recording_20251114_103859) by extension 'python'
[0.555s] Level 1:colcon.colcon_core.package_identification:_identify(pose_recording_20251114_103859) by extensions ['python_setup_py']
[0.555s] Level 1:colcon.colcon_core.package_identification:_identify(pose_recording_20251114_103859) by extension 'python_setup_py'
[0.559s] Level 1:colcon.colcon_core.package_identification:_identify(pose_recording_20251114_111715) by extensions ['ignore', 'ignore_ament_install']
[0.559s] Level 1:colcon.colcon_core.package_identification:_identify(pose_recording_20251114_111715) by extension 'ignore'
[0.559s] Level 1:colcon.colcon_core.package_identification:_identify(pose_recording_20251114_111715) by extension 'ignore_ament_install'
[0.559s] Level 1:colcon.colcon_core.package_identification:_identify(pose_recording_20251114_111715) by extensions ['colcon_pkg']
[0.559s] Level 1:colcon.colcon_core.package_identification:_identify(pose_recording_20251114_111715) by extension 'colcon_pkg'
[0.559s] Level 1:colcon.colcon_core.package_identification:_identify(pose_recording_20251114_111715) by extensions ['colcon_meta']
[0.559s] Level 1:colcon.colcon_core.package_identification:_identify(pose_recording_20251114_111715) by extension 'colcon_meta'
[0.559s] Level 1:colcon.colcon_core.package_identification:_identify(pose_recording_20251114_111715) by extensions ['ros']
[0.560s] Level 1:colcon.colcon_core.package_identification:_identify(pose_recording_20251114_111715) by extension 'ros'
[0.560s] Level 1:colcon.colcon_core.package_identification:_identify(pose_recording_20251114_111715) by extensions ['cmake', 'python']
[0.560s] Level 1:colcon.colcon_core.package_identification:_identify(pose_recording_20251114_111715) by extension 'cmake'
[0.560s] Level 1:colcon.colcon_core.package_identification:_identify(pose_recording_20251114_111715) by extension 'python'
[0.560s] Level 1:colcon.colcon_core.package_identification:_identify(pose_recording_20251114_111715) by extensions ['python_setup_py']
[0.560s] Level 1:colcon.colcon_core.package_identification:_identify(pose_recording_20251114_111715) by extension 'python_setup_py'
[0.560s] Level 1:colcon.colcon_core.package_identification:_identify(pose_recording_20251114_111952) by extensions ['ignore', 'ignore_ament_install']
[0.560s] Level 1:colcon.colcon_core.package_identification:_identify(pose_recording_20251114_111952) by extension 'ignore'
[0.561s] Level 1:colcon.colcon_core.package_identification:_identify(pose_recording_20251114_111952) by extension 'ignore_ament_install'
[0.561s] Level 1:colcon.colcon_core.package_identification:_identify(pose_recording_20251114_111952) by extensions ['colcon_pkg']
[0.561s] Level 1:colcon.colcon_core.package_identification:_identify(pose_recording_20251114_111952) by extension 'colcon_pkg'
[0.561s] Level 1:colcon.colcon_core.package_identification:_identify(pose_recording_20251114_111952) by extensions ['colcon_meta']
[0.561s] Level 1:colcon.colcon_core.package_identification:_identify(pose_recording_20251114_111952) by extension 'colcon_meta'
[0.561s] Level 1:colcon.colcon_core.package_identification:_identify(pose_recording_20251114_111952) by extensions ['ros']
[0.561s] Level 1:colcon.colcon_core.package_identification:_identify(pose_recording_20251114_111952) by extension 'ros'
[0.561s] Level 1:colcon.colcon_core.package_identification:_identify(pose_recording_20251114_111952) by extensions ['cmake', 'python']
[0.561s] Level 1:colcon.colcon_core.package_identification:_identify(pose_recording_20251114_111952) by extension 'cmake'
[0.561s] Level 1:colcon.colcon_core.package_identification:_identify(pose_recording_20251114_111952) by extension 'python'
[0.561s] Level 1:colcon.colcon_core.package_identification:_identify(pose_recording_20251114_111952) by extensions ['python_setup_py']
[0.561s] Level 1:colcon.colcon_core.package_identification:_identify(pose_recording_20251114_111952) by extension 'python_setup_py'
[0.564s] Level 1:colcon.colcon_core.package_identification:_identify(pose_recording_20251114_112043) by extensions ['ignore', 'ignore_ament_install']
[0.565s] Level 1:colcon.colcon_core.package_identification:_identify(pose_recording_20251114_112043) by extension 'ignore'
[0.565s] Level 1:colcon.colcon_core.package_identification:_identify(pose_recording_20251114_112043) by extension 'ignore_ament_install'
[0.565s] Level 1:colcon.colcon_core.package_identification:_identify(pose_recording_20251114_112043) by extensions ['colcon_pkg']
[0.565s] Level 1:colcon.colcon_core.package_identification:_identify(pose_recording_20251114_112043) by extension 'colcon_pkg'
[0.565s] Level 1:colcon.colcon_core.package_identification:_identify(pose_recording_20251114_112043) by extensions ['colcon_meta']
[0.565s] Level 1:colcon.colcon_core.package_identification:_identify(pose_recording_20251114_112043) by extension 'colcon_meta'
[0.565s] Level 1:colcon.colcon_core.package_identification:_identify(pose_recording_20251114_112043) by extensions ['ros']
[0.565s] Level 1:colcon.colcon_core.package_identification:_identify(pose_recording_20251114_112043) by extension 'ros'
[0.565s] Level 1:colcon.colcon_core.package_identification:_identify(pose_recording_20251114_112043) by extensions ['cmake', 'python']
[0.565s] Level 1:colcon.colcon_core.package_identification:_identify(pose_recording_20251114_112043) by extension 'cmake'
[0.566s] Level 1:colcon.colcon_core.package_identification:_identify(pose_recording_20251114_112043) by extension 'python'
[0.566s] Level 1:colcon.colcon_core.package_identification:_identify(pose_recording_20251114_112043) by extensions ['python_setup_py']
[0.566s] Level 1:colcon.colcon_core.package_identification:_identify(pose_recording_20251114_112043) by extension 'python_setup_py'
[0.566s] Level 1:colcon.colcon_core.package_identification:_identify(pose_recording_20251114_112832) by extensions ['ignore', 'ignore_ament_install']
[0.566s] Level 1:colcon.colcon_core.package_identification:_identify(pose_recording_20251114_112832) by extension 'ignore'
[0.566s] Level 1:colcon.colcon_core.package_identification:_identify(pose_recording_20251114_112832) by extension 'ignore_ament_install'
[0.566s] Level 1:colcon.colcon_core.package_identification:_identify(pose_recording_20251114_112832) by extensions ['colcon_pkg']
[0.566s] Level 1:colcon.colcon_core.package_identification:_identify(pose_recording_20251114_112832) by extension 'colcon_pkg'
[0.567s] Level 1:colcon.colcon_core.package_identification:_identify(pose_recording_20251114_112832) by extensions ['colcon_meta']
[0.567s] Level 1:colcon.colcon_core.package_identification:_identify(pose_recording_20251114_112832) by extension 'colcon_meta'
[0.567s] Level 1:colcon.colcon_core.package_identification:_identify(pose_recording_20251114_112832) by extensions ['ros']
[0.567s] Level 1:colcon.colcon_core.package_identification:_identify(pose_recording_20251114_112832) by extension 'ros'
[0.567s] Level 1:colcon.colcon_core.package_identification:_identify(pose_recording_20251114_112832) by extensions ['cmake', 'python']
[0.567s] Level 1:colcon.colcon_core.package_identification:_identify(pose_recording_20251114_112832) by extension 'cmake'
[0.567s] Level 1:colcon.colcon_core.package_identification:_identify(pose_recording_20251114_112832) by extension 'python'
[0.567s] Level 1:colcon.colcon_core.package_identification:_identify(pose_recording_20251114_112832) by extensions ['python_setup_py']
[0.567s] Level 1:colcon.colcon_core.package_identification:_identify(pose_recording_20251114_112832) by extension 'python_setup_py'
[0.567s] Level 1:colcon.colcon_core.package_identification:_identify(pose_recording_20251114_115600) by extensions ['ignore', 'ignore_ament_install']
[0.568s] Level 1:colcon.colcon_core.package_identification:_identify(pose_recording_20251114_115600) by extension 'ignore'
[0.568s] Level 1:colcon.colcon_core.package_identification:_identify(pose_recording_20251114_115600) by extension 'ignore_ament_install'
[0.568s] Level 1:colcon.colcon_core.package_identification:_identify(pose_recording_20251114_115600) by extensions ['colcon_pkg']
[0.568s] Level 1:colcon.colcon_core.package_identification:_identify(pose_recording_20251114_115600) by extension 'colcon_pkg'
[0.568s] Level 1:colcon.colcon_core.package_identification:_identify(pose_recording_20251114_115600) by extensions ['colcon_meta']
[0.568s] Level 1:colcon.colcon_core.package_identification:_identify(pose_recording_20251114_115600) by extension 'colcon_meta'
[0.568s] Level 1:colcon.colcon_core.package_identification:_identify(pose_recording_20251114_115600) by extensions ['ros']
[0.568s] Level 1:colcon.colcon_core.package_identification:_identify(pose_recording_20251114_115600) by extension 'ros'
[0.568s] Level 1:colcon.colcon_core.package_identification:_identify(pose_recording_20251114_115600) by extensions ['cmake', 'python']
[0.568s] Level 1:colcon.colcon_core.package_identification:_identify(pose_recording_20251114_115600) by extension 'cmake'
[0.569s] Level 1:colcon.colcon_core.package_identification:_identify(pose_recording_20251114_115600) by extension 'python'
[0.569s] Level 1:colcon.colcon_core.package_identification:_identify(pose_recording_20251114_115600) by extensions ['python_setup_py']
[0.569s] Level 1:colcon.colcon_core.package_identification:_identify(pose_recording_20251114_115600) by extension 'python_setup_py'
[0.573s] Level 1:colcon.colcon_core.package_identification:_identify(pose_recording_20251117_082402) by extensions ['ignore', 'ignore_ament_install']
[0.573s] Level 1:colcon.colcon_core.package_identification:_identify(pose_recording_20251117_082402) by extension 'ignore'
[0.573s] Level 1:colcon.colcon_core.package_identification:_identify(pose_recording_20251117_082402) by extension 'ignore_ament_install'
[0.573s] Level 1:colcon.colcon_core.package_identification:_identify(pose_recording_20251117_082402) by extensions ['colcon_pkg']
[0.573s] Level 1:colcon.colcon_core.package_identification:_identify(pose_recording_20251117_082402) by extension 'colcon_pkg'
[0.573s] Level 1:colcon.colcon_core.package_identification:_identify(pose_recording_20251117_082402) by extensions ['colcon_meta']
[0.573s] Level 1:colcon.colcon_core.package_identification:_identify(pose_recording_20251117_082402) by extension 'colcon_meta'
[0.573s] Level 1:colcon.colcon_core.package_identification:_identify(pose_recording_20251117_082402) by extensions ['ros']
[0.573s] Level 1:colcon.colcon_core.package_identification:_identify(pose_recording_20251117_082402) by extension 'ros'
[0.573s] Level 1:colcon.colcon_core.package_identification:_identify(pose_recording_20251117_082402) by extensions ['cmake', 'python']
[0.574s] Level 1:colcon.colcon_core.package_identification:_identify(pose_recording_20251117_082402) by extension 'cmake'
[0.574s] Level 1:colcon.colcon_core.package_identification:_identify(pose_recording_20251117_082402) by extension 'python'
[0.574s] Level 1:colcon.colcon_core.package_identification:_identify(pose_recording_20251117_082402) by extensions ['python_setup_py']
[0.574s] Level 1:colcon.colcon_core.package_identification:_identify(pose_recording_20251117_082402) by extension 'python_setup_py'
[0.576s] Level 1:colcon.colcon_core.package_identification:_identify(pose_recording_20251117_090922) by extensions ['ignore', 'ignore_ament_install']
[0.576s] Level 1:colcon.colcon_core.package_identification:_identify(pose_recording_20251117_090922) by extension 'ignore'
[0.576s] Level 1:colcon.colcon_core.package_identification:_identify(pose_recording_20251117_090922) by extension 'ignore_ament_install'
[0.576s] Level 1:colcon.colcon_core.package_identification:_identify(pose_recording_20251117_090922) by extensions ['colcon_pkg']
[0.576s] Level 1:colcon.colcon_core.package_identification:_identify(pose_recording_20251117_090922) by extension 'colcon_pkg'
[0.576s] Level 1:colcon.colcon_core.package_identification:_identify(pose_recording_20251117_090922) by extensions ['colcon_meta']
[0.576s] Level 1:colcon.colcon_core.package_identification:_identify(pose_recording_20251117_090922) by extension 'colcon_meta'
[0.576s] Level 1:colcon.colcon_core.package_identification:_identify(pose_recording_20251117_090922) by extensions ['ros']
[0.576s] Level 1:colcon.colcon_core.package_identification:_identify(pose_recording_20251117_090922) by extension 'ros'
[0.577s] Level 1:colcon.colcon_core.package_identification:_identify(pose_recording_20251117_090922) by extensions ['cmake', 'python']
[0.577s] Level 1:colcon.colcon_core.package_identification:_identify(pose_recording_20251117_090922) by extension 'cmake'
[0.577s] Level 1:colcon.colcon_core.package_identification:_identify(pose_recording_20251117_090922) by extension 'python'
[0.577s] Level 1:colcon.colcon_core.package_identification:_identify(pose_recording_20251117_090922) by extensions ['python_setup_py']
[0.577s] Level 1:colcon.colcon_core.package_identification:_identify(pose_recording_20251117_090922) by extension 'python_setup_py'
[0.577s] Level 1:colcon.colcon_core.package_identification:_identify(pose_recording_20251117_091709) by extensions ['ignore', 'ignore_ament_install']
[0.577s] Level 1:colcon.colcon_core.package_identification:_identify(pose_recording_20251117_091709) by extension 'ignore'
[0.578s] Level 1:colcon.colcon_core.package_identification:_identify(pose_recording_20251117_091709) by extension 'ignore_ament_install'
[0.578s] Level 1:colcon.colcon_core.package_identification:_identify(pose_recording_20251117_091709) by extensions ['colcon_pkg']
[0.578s] Level 1:colcon.colcon_core.package_identification:_identify(pose_recording_20251117_091709) by extension 'colcon_pkg'
[0.578s] Level 1:colcon.colcon_core.package_identification:_identify(pose_recording_20251117_091709) by extensions ['colcon_meta']
[0.578s] Level 1:colcon.colcon_core.package_identification:_identify(pose_recording_20251117_091709) by extension 'colcon_meta'
[0.578s] Level 1:colcon.colcon_core.package_identification:_identify(pose_recording_20251117_091709) by extensions ['ros']
[0.578s] Level 1:colcon.colcon_core.package_identification:_identify(pose_recording_20251117_091709) by extension 'ros'
[0.578s] Level 1:colcon.colcon_core.package_identification:_identify(pose_recording_20251117_091709) by extensions ['cmake', 'python']
[0.578s] Level 1:colcon.colcon_core.package_identification:_identify(pose_recording_20251117_091709) by extension 'cmake'
[0.578s] Level 1:colcon.colcon_core.package_identification:_identify(pose_recording_20251117_091709) by extension 'python'
[0.578s] Level 1:colcon.colcon_core.package_identification:_identify(pose_recording_20251117_091709) by extensions ['python_setup_py']
[0.578s] Level 1:colcon.colcon_core.package_identification:_identify(pose_recording_20251117_091709) by extension 'python_setup_py'
[0.579s] Level 1:colcon.colcon_core.package_identification:_identify(pose_recording_20251117_092534) by extensions ['ignore', 'ignore_ament_install']
[0.579s] Level 1:colcon.colcon_core.package_identification:_identify(pose_recording_20251117_092534) by extension 'ignore'
[0.579s] Level 1:colcon.colcon_core.package_identification:_identify(pose_recording_20251117_092534) by extension 'ignore_ament_install'
[0.579s] Level 1:colcon.colcon_core.package_identification:_identify(pose_recording_20251117_092534) by extensions ['colcon_pkg']
[0.579s] Level 1:colcon.colcon_core.package_identification:_identify(pose_recording_20251117_092534) by extension 'colcon_pkg'
[0.579s] Level 1:colcon.colcon_core.package_identification:_identify(pose_recording_20251117_092534) by extensions ['colcon_meta']
[0.579s] Level 1:colcon.colcon_core.package_identification:_identify(pose_recording_20251117_092534) by extension 'colcon_meta'
[0.579s] Level 1:colcon.colcon_core.package_identification:_identify(pose_recording_20251117_092534) by extensions ['ros']
[0.579s] Level 1:colcon.colcon_core.package_identification:_identify(pose_recording_20251117_092534) by extension 'ros'
[0.580s] Level 1:colcon.colcon_core.package_identification:_identify(pose_recording_20251117_092534) by extensions ['cmake', 'python']
[0.580s] Level 1:colcon.colcon_core.package_identification:_identify(pose_recording_20251117_092534) by extension 'cmake'
[0.580s] Level 1:colcon.colcon_core.package_identification:_identify(pose_recording_20251117_092534) by extension 'python'
[0.580s] Level 1:colcon.colcon_core.package_identification:_identify(pose_recording_20251117_092534) by extensions ['python_setup_py']
[0.580s] Level 1:colcon.colcon_core.package_identification:_identify(pose_recording_20251117_092534) by extension 'python_setup_py'
[0.582s] Level 1:colcon.colcon_core.package_identification:_identify(pose_recording_20251117_092636) by extensions ['ignore', 'ignore_ament_install']
[0.583s] Level 1:colcon.colcon_core.package_identification:_identify(pose_recording_20251117_092636) by extension 'ignore'
[0.583s] Level 1:colcon.colcon_core.package_identification:_identify(pose_recording_20251117_092636) by extension 'ignore_ament_install'
[0.583s] Level 1:colcon.colcon_core.package_identification:_identify(pose_recording_20251117_092636) by extensions ['colcon_pkg']
[0.583s] Level 1:colcon.colcon_core.package_identification:_identify(pose_recording_20251117_092636) by extension 'colcon_pkg'
[0.583s] Level 1:colcon.colcon_core.package_identification:_identify(pose_recording_20251117_092636) by extensions ['colcon_meta']
[0.583s] Level 1:colcon.colcon_core.package_identification:_identify(pose_recording_20251117_092636) by extension 'colcon_meta'
[0.583s] Level 1:colcon.colcon_core.package_identification:_identify(pose_recording_20251117_092636) by extensions ['ros']
[0.583s] Level 1:colcon.colcon_core.package_identification:_identify(pose_recording_20251117_092636) by extension 'ros'
[0.583s] Level 1:colcon.colcon_core.package_identification:_identify(pose_recording_20251117_092636) by extensions ['cmake', 'python']
[0.583s] Level 1:colcon.colcon_core.package_identification:_identify(pose_recording_20251117_092636) by extension 'cmake'
[0.584s] Level 1:colcon.colcon_core.package_identification:_identify(pose_recording_20251117_092636) by extension 'python'
[0.584s] Level 1:colcon.colcon_core.package_identification:_identify(pose_recording_20251117_092636) by extensions ['python_setup_py']
[0.584s] Level 1:colcon.colcon_core.package_identification:_identify(pose_recording_20251117_092636) by extension 'python_setup_py'
[0.584s] Level 1:colcon.colcon_core.package_identification:_identify(pose_recording_20251117_092841) by extensions ['ignore', 'ignore_ament_install']
[0.584s] Level 1:colcon.colcon_core.package_identification:_identify(pose_recording_20251117_092841) by extension 'ignore'
[0.584s] Level 1:colcon.colcon_core.package_identification:_identify(pose_recording_20251117_092841) by extension 'ignore_ament_install'
[0.584s] Level 1:colcon.colcon_core.package_identification:_identify(pose_recording_20251117_092841) by extensions ['colcon_pkg']
[0.584s] Level 1:colcon.colcon_core.package_identification:_identify(pose_recording_20251117_092841) by extension 'colcon_pkg'
[0.584s] Level 1:colcon.colcon_core.package_identification:_identify(pose_recording_20251117_092841) by extensions ['colcon_meta']
[0.585s] Level 1:colcon.colcon_core.package_identification:_identify(pose_recording_20251117_092841) by extension 'colcon_meta'
[0.585s] Level 1:colcon.colcon_core.package_identification:_identify(pose_recording_20251117_092841) by extensions ['ros']
[0.585s] Level 1:colcon.colcon_core.package_identification:_identify(pose_recording_20251117_092841) by extension 'ros'
[0.585s] Level 1:colcon.colcon_core.package_identification:_identify(pose_recording_20251117_092841) by extensions ['cmake', 'python']
[0.585s] Level 1:colcon.colcon_core.package_identification:_identify(pose_recording_20251117_092841) by extension 'cmake'
[0.585s] Level 1:colcon.colcon_core.package_identification:_identify(pose_recording_20251117_092841) by extension 'python'
[0.585s] Level 1:colcon.colcon_core.package_identification:_identify(pose_recording_20251117_092841) by extensions ['python_setup_py']
[0.585s] Level 1:colcon.colcon_core.package_identification:_identify(pose_recording_20251117_092841) by extension 'python_setup_py'
[0.585s] Level 1:colcon.colcon_core.package_identification:_identify(pose_recording_20251117_093628) by extensions ['ignore', 'ignore_ament_install']
[0.586s] Level 1:colcon.colcon_core.package_identification:_identify(pose_recording_20251117_093628) by extension 'ignore'
[0.586s] Level 1:colcon.colcon_core.package_identification:_identify(pose_recording_20251117_093628) by extension 'ignore_ament_install'
[0.586s] Level 1:colcon.colcon_core.package_identification:_identify(pose_recording_20251117_093628) by extensions ['colcon_pkg']
[0.586s] Level 1:colcon.colcon_core.package_identification:_identify(pose_recording_20251117_093628) by extension 'colcon_pkg'
[0.586s] Level 1:colcon.colcon_core.package_identification:_identify(pose_recording_20251117_093628) by extensions ['colcon_meta']
[0.586s] Level 1:colcon.colcon_core.package_identification:_identify(pose_recording_20251117_093628) by extension 'colcon_meta'
[0.586s] Level 1:colcon.colcon_core.package_identification:_identify(pose_recording_20251117_093628) by extensions ['ros']
[0.586s] Level 1:colcon.colcon_core.package_identification:_identify(pose_recording_20251117_093628) by extension 'ros'
[0.586s] Level 1:colcon.colcon_core.package_identification:_identify(pose_recording_20251117_093628) by extensions ['cmake', 'python']
[0.586s] Level 1:colcon.colcon_core.package_identification:_identify(pose_recording_20251117_093628) by extension 'cmake'
[0.586s] Level 1:colcon.colcon_core.package_identification:_identify(pose_recording_20251117_093628) by extension 'python'
[0.586s] Level 1:colcon.colcon_core.package_identification:_identify(pose_recording_20251117_093628) by extensions ['python_setup_py']
[0.587s] Level 1:colcon.colcon_core.package_identification:_identify(pose_recording_20251117_093628) by extension 'python_setup_py'
[0.587s] Level 1:colcon.colcon_core.package_identification:_identify(pose_recording_20251117_094002) by extensions ['ignore', 'ignore_ament_install']
[0.587s] Level 1:colcon.colcon_core.package_identification:_identify(pose_recording_20251117_094002) by extension 'ignore'
[0.587s] Level 1:colcon.colcon_core.package_identification:_identify(pose_recording_20251117_094002) by extension 'ignore_ament_install'
[0.587s] Level 1:colcon.colcon_core.package_identification:_identify(pose_recording_20251117_094002) by extensions ['colcon_pkg']
[0.587s] Level 1:colcon.colcon_core.package_identification:_identify(pose_recording_20251117_094002) by extension 'colcon_pkg'
[0.587s] Level 1:colcon.colcon_core.package_identification:_identify(pose_recording_20251117_094002) by extensions ['colcon_meta']
[0.587s] Level 1:colcon.colcon_core.package_identification:_identify(pose_recording_20251117_094002) by extension 'colcon_meta'
[0.587s] Level 1:colcon.colcon_core.package_identification:_identify(pose_recording_20251117_094002) by extensions ['ros']
[0.588s] Level 1:colcon.colcon_core.package_identification:_identify(pose_recording_20251117_094002) by extension 'ros'
[0.588s] Level 1:colcon.colcon_core.package_identification:_identify(pose_recording_20251117_094002) by extensions ['cmake', 'python']
[0.588s] Level 1:colcon.colcon_core.package_identification:_identify(pose_recording_20251117_094002) by extension 'cmake'
[0.588s] Level 1:colcon.colcon_core.package_identification:_identify(pose_recording_20251117_094002) by extension 'python'
[0.588s] Level 1:colcon.colcon_core.package_identification:_identify(pose_recording_20251117_094002) by extensions ['python_setup_py']
[0.588s] Level 1:colcon.colcon_core.package_identification:_identify(pose_recording_20251117_094002) by extension 'python_setup_py'
[0.588s] Level 1:colcon.colcon_core.package_identification:_identify(pose_recording_20251117_094839) by extensions ['ignore', 'ignore_ament_install']
[0.588s] Level 1:colcon.colcon_core.package_identification:_identify(pose_recording_20251117_094839) by extension 'ignore'
[0.589s] Level 1:colcon.colcon_core.package_identification:_identify(pose_recording_20251117_094839) by extension 'ignore_ament_install'
[0.589s] Level 1:colcon.colcon_core.package_identification:_identify(pose_recording_20251117_094839) by extensions ['colcon_pkg']
[0.589s] Level 1:colcon.colcon_core.package_identification:_identify(pose_recording_20251117_094839) by extension 'colcon_pkg'
[0.589s] Level 1:colcon.colcon_core.package_identification:_identify(pose_recording_20251117_094839) by extensions ['colcon_meta']
[0.589s] Level 1:colcon.colcon_core.package_identification:_identify(pose_recording_20251117_094839) by extension 'colcon_meta'
[0.589s] Level 1:colcon.colcon_core.package_identification:_identify(pose_recording_20251117_094839) by extensions ['ros']
[0.589s] Level 1:colcon.colcon_core.package_identification:_identify(pose_recording_20251117_094839) by extension 'ros'
[0.589s] Level 1:colcon.colcon_core.package_identification:_identify(pose_recording_20251117_094839) by extensions ['cmake', 'python']
[0.589s] Level 1:colcon.colcon_core.package_identification:_identify(pose_recording_20251117_094839) by extension 'cmake'
[0.589s] Level 1:colcon.colcon_core.package_identification:_identify(pose_recording_20251117_094839) by extension 'python'
[0.589s] Level 1:colcon.colcon_core.package_identification:_identify(pose_recording_20251117_094839) by extensions ['python_setup_py']
[0.589s] Level 1:colcon.colcon_core.package_identification:_identify(pose_recording_20251117_094839) by extension 'python_setup_py'
[0.590s] Level 1:colcon.colcon_core.package_identification:_identify(pose_recording_20251117_095416) by extensions ['ignore', 'ignore_ament_install']
[0.590s] Level 1:colcon.colcon_core.package_identification:_identify(pose_recording_20251117_095416) by extension 'ignore'
[0.590s] Level 1:colcon.colcon_core.package_identification:_identify(pose_recording_20251117_095416) by extension 'ignore_ament_install'
[0.590s] Level 1:colcon.colcon_core.package_identification:_identify(pose_recording_20251117_095416) by extensions ['colcon_pkg']
[0.590s] Level 1:colcon.colcon_core.package_identification:_identify(pose_recording_20251117_095416) by extension 'colcon_pkg'
[0.590s] Level 1:colcon.colcon_core.package_identification:_identify(pose_recording_20251117_095416) by extensions ['colcon_meta']
[0.590s] Level 1:colcon.colcon_core.package_identification:_identify(pose_recording_20251117_095416) by extension 'colcon_meta'
[0.590s] Level 1:colcon.colcon_core.package_identification:_identify(pose_recording_20251117_095416) by extensions ['ros']
[0.590s] Level 1:colcon.colcon_core.package_identification:_identify(pose_recording_20251117_095416) by extension 'ros'
[0.591s] Level 1:colcon.colcon_core.package_identification:_identify(pose_recording_20251117_095416) by extensions ['cmake', 'python']
[0.591s] Level 1:colcon.colcon_core.package_identification:_identify(pose_recording_20251117_095416) by extension 'cmake'
[0.591s] Level 1:colcon.colcon_core.package_identification:_identify(pose_recording_20251117_095416) by extension 'python'
[0.591s] Level 1:colcon.colcon_core.package_identification:_identify(pose_recording_20251117_095416) by extensions ['python_setup_py']
[0.591s] Level 1:colcon.colcon_core.package_identification:_identify(pose_recording_20251117_095416) by extension 'python_setup_py'
[0.591s] Level 1:colcon.colcon_core.package_identification:_identify(pose_recording_20251117_100942) by extensions ['ignore', 'ignore_ament_install']
[0.591s] Level 1:colcon.colcon_core.package_identification:_identify(pose_recording_20251117_100942) by extension 'ignore'
[0.591s] Level 1:colcon.colcon_core.package_identification:_identify(pose_recording_20251117_100942) by extension 'ignore_ament_install'
[0.591s] Level 1:colcon.colcon_core.package_identification:_identify(pose_recording_20251117_100942) by extensions ['colcon_pkg']
[0.592s] Level 1:colcon.colcon_core.package_identification:_identify(pose_recording_20251117_100942) by extension 'colcon_pkg'
[0.592s] Level 1:colcon.colcon_core.package_identification:_identify(pose_recording_20251117_100942) by extensions ['colcon_meta']
[0.592s] Level 1:colcon.colcon_core.package_identification:_identify(pose_recording_20251117_100942) by extension 'colcon_meta'
[0.592s] Level 1:colcon.colcon_core.package_identification:_identify(pose_recording_20251117_100942) by extensions ['ros']
[0.592s] Level 1:colcon.colcon_core.package_identification:_identify(pose_recording_20251117_100942) by extension 'ros'
[0.592s] Level 1:colcon.colcon_core.package_identification:_identify(pose_recording_20251117_100942) by extensions ['cmake', 'python']
[0.592s] Level 1:colcon.colcon_core.package_identification:_identify(pose_recording_20251117_100942) by extension 'cmake'
[0.592s] Level 1:colcon.colcon_core.package_identification:_identify(pose_recording_20251117_100942) by extension 'python'
[0.592s] Level 1:colcon.colcon_core.package_identification:_identify(pose_recording_20251117_100942) by extensions ['python_setup_py']
[0.592s] Level 1:colcon.colcon_core.package_identification:_identify(pose_recording_20251117_100942) by extension 'python_setup_py'
[0.593s] Level 1:colcon.colcon_core.package_identification:_identify(pose_recording_20251117_101009) by extensions ['ignore', 'ignore_ament_install']
[0.593s] Level 1:colcon.colcon_core.package_identification:_identify(pose_recording_20251117_101009) by extension 'ignore'
[0.593s] Level 1:colcon.colcon_core.package_identification:_identify(pose_recording_20251117_101009) by extension 'ignore_ament_install'
[0.593s] Level 1:colcon.colcon_core.package_identification:_identify(pose_recording_20251117_101009) by extensions ['colcon_pkg']
[0.593s] Level 1:colcon.colcon_core.package_identification:_identify(pose_recording_20251117_101009) by extension 'colcon_pkg'
[0.593s] Level 1:colcon.colcon_core.package_identification:_identify(pose_recording_20251117_101009) by extensions ['colcon_meta']
[0.593s] Level 1:colcon.colcon_core.package_identification:_identify(pose_recording_20251117_101009) by extension 'colcon_meta'
[0.593s] Level 1:colcon.colcon_core.package_identification:_identify(pose_recording_20251117_101009) by extensions ['ros']
[0.593s] Level 1:colcon.colcon_core.package_identification:_identify(pose_recording_20251117_101009) by extension 'ros'
[0.593s] Level 1:colcon.colcon_core.package_identification:_identify(pose_recording_20251117_101009) by extensions ['cmake', 'python']
[0.594s] Level 1:colcon.colcon_core.package_identification:_identify(pose_recording_20251117_101009) by extension 'cmake'
[0.594s] Level 1:colcon.colcon_core.package_identification:_identify(pose_recording_20251117_101009) by extension 'python'
[0.594s] Level 1:colcon.colcon_core.package_identification:_identify(pose_recording_20251117_101009) by extensions ['python_setup_py']
[0.594s] Level 1:colcon.colcon_core.package_identification:_identify(pose_recording_20251117_101009) by extension 'python_setup_py'
[0.594s] Level 1:colcon.colcon_core.package_identification:_identify(pose_recording_20251117_101109) by extensions ['ignore', 'ignore_ament_install']
[0.594s] Level 1:colcon.colcon_core.package_identification:_identify(pose_recording_20251117_101109) by extension 'ignore'
[0.594s] Level 1:colcon.colcon_core.package_identification:_identify(pose_recording_20251117_101109) by extension 'ignore_ament_install'
[0.594s] Level 1:colcon.colcon_core.package_identification:_identify(pose_recording_20251117_101109) by extensions ['colcon_pkg']
[0.594s] Level 1:colcon.colcon_core.package_identification:_identify(pose_recording_20251117_101109) by extension 'colcon_pkg'
[0.594s] Level 1:colcon.colcon_core.package_identification:_identify(pose_recording_20251117_101109) by extensions ['colcon_meta']
[0.594s] Level 1:colcon.colcon_core.package_identification:_identify(pose_recording_20251117_101109) by extension 'colcon_meta'
[0.595s] Level 1:colcon.colcon_core.package_identification:_identify(pose_recording_20251117_101109) by extensions ['ros']
[0.595s] Level 1:colcon.colcon_core.package_identification:_identify(pose_recording_20251117_101109) by extension 'ros'
[0.595s] Level 1:colcon.colcon_core.package_identification:_identify(pose_recording_20251117_101109) by extensions ['cmake', 'python']
[0.595s] Level 1:colcon.colcon_core.package_identification:_identify(pose_recording_20251117_101109) by extension 'cmake'
[0.595s] Level 1:colcon.colcon_core.package_identification:_identify(pose_recording_20251117_101109) by extension 'python'
[0.595s] Level 1:colcon.colcon_core.package_identification:_identify(pose_recording_20251117_101109) by extensions ['python_setup_py']
[0.595s] Level 1:colcon.colcon_core.package_identification:_identify(pose_recording_20251117_101109) by extension 'python_setup_py'
[0.595s] Level 1:colcon.colcon_core.package_identification:_identify(pose_recording_20251117_103030) by extensions ['ignore', 'ignore_ament_install']
[0.595s] Level 1:colcon.colcon_core.package_identification:_identify(pose_recording_20251117_103030) by extension 'ignore'
[0.595s] Level 1:colcon.colcon_core.package_identification:_identify(pose_recording_20251117_103030) by extension 'ignore_ament_install'
[0.596s] Level 1:colcon.colcon_core.package_identification:_identify(pose_recording_20251117_103030) by extensions ['colcon_pkg']
[0.596s] Level 1:colcon.colcon_core.package_identification:_identify(pose_recording_20251117_103030) by extension 'colcon_pkg'
[0.596s] Level 1:colcon.colcon_core.package_identification:_identify(pose_recording_20251117_103030) by extensions ['colcon_meta']
[0.596s] Level 1:colcon.colcon_core.package_identification:_identify(pose_recording_20251117_103030) by extension 'colcon_meta'
[0.596s] Level 1:colcon.colcon_core.package_identification:_identify(pose_recording_20251117_103030) by extensions ['ros']
[0.596s] Level 1:colcon.colcon_core.package_identification:_identify(pose_recording_20251117_103030) by extension 'ros'
[0.596s] Level 1:colcon.colcon_core.package_identification:_identify(pose_recording_20251117_103030) by extensions ['cmake', 'python']
[0.596s] Level 1:colcon.colcon_core.package_identification:_identify(pose_recording_20251117_103030) by extension 'cmake'
[0.596s] Level 1:colcon.colcon_core.package_identification:_identify(pose_recording_20251117_103030) by extension 'python'
[0.596s] Level 1:colcon.colcon_core.package_identification:_identify(pose_recording_20251117_103030) by extensions ['python_setup_py']
[0.596s] Level 1:colcon.colcon_core.package_identification:_identify(pose_recording_20251117_103030) by extension 'python_setup_py'
[0.601s] Level 1:colcon.colcon_core.package_identification:_identify(sensor_simulation) by extensions ['ignore', 'ignore_ament_install']
[0.601s] Level 1:colcon.colcon_core.package_identification:_identify(sensor_simulation) by extension 'ignore'
[0.601s] Level 1:colcon.colcon_core.package_identification:_identify(sensor_simulation) by extension 'ignore_ament_install'
[0.601s] Level 1:colcon.colcon_core.package_identification:_identify(sensor_simulation) by extensions ['colcon_pkg']
[0.602s] Level 1:colcon.colcon_core.package_identification:_identify(sensor_simulation) by extension 'colcon_pkg'
[0.602s] Level 1:colcon.colcon_core.package_identification:_identify(sensor_simulation) by extensions ['colcon_meta']
[0.602s] Level 1:colcon.colcon_core.package_identification:_identify(sensor_simulation) by extension 'colcon_meta'
[0.602s] Level 1:colcon.colcon_core.package_identification:_identify(sensor_simulation) by extensions ['ros']
[0.602s] Level 1:colcon.colcon_core.package_identification:_identify(sensor_simulation) by extension 'ros'
[0.602s] Level 1:colcon.colcon_core.package_identification:_identify(sensor_simulation) by extensions ['cmake', 'python']
[0.602s] Level 1:colcon.colcon_core.package_identification:_identify(sensor_simulation) by extension 'cmake'
[0.602s] Level 1:colcon.colcon_core.package_identification:_identify(sensor_simulation) by extension 'python'
[0.602s] Level 1:colcon.colcon_core.package_identification:_identify(sensor_simulation) by extensions ['python_setup_py']
[0.602s] Level 1:colcon.colcon_core.package_identification:_identify(sensor_simulation) by extension 'python_setup_py'
[0.603s] Level 1:colcon.colcon_core.package_identification:_identify(sensor_simulation/sensor_simulation) by extensions ['ignore', 'ignore_ament_install']
[0.603s] Level 1:colcon.colcon_core.package_identification:_identify(sensor_simulation/sensor_simulation) by extension 'ignore'
[0.603s] Level 1:colcon.colcon_core.package_identification:_identify(sensor_simulation/sensor_simulation) by extension 'ignore_ament_install'
[0.603s] Level 1:colcon.colcon_core.package_identification:_identify(sensor_simulation/sensor_simulation) by extensions ['colcon_pkg']
[0.603s] Level 1:colcon.colcon_core.package_identification:_identify(sensor_simulation/sensor_simulation) by extension 'colcon_pkg'
[0.603s] Level 1:colcon.colcon_core.package_identification:_identify(sensor_simulation/sensor_simulation) by extensions ['colcon_meta']
[0.603s] Level 1:colcon.colcon_core.package_identification:_identify(sensor_simulation/sensor_simulation) by extension 'colcon_meta'
[0.603s] Level 1:colcon.colcon_core.package_identification:_identify(sensor_simulation/sensor_simulation) by extensions ['ros']
[0.603s] Level 1:colcon.colcon_core.package_identification:_identify(sensor_simulation/sensor_simulation) by extension 'ros'
[0.605s] DEBUG:colcon.colcon_core.package_identification:Package 'sensor_simulation/sensor_simulation' with type 'ros.ament_cmake' and name 'sensor_simulation'
[0.605s] Level 1:colcon.colcon_core.package_identification:_identify(src) by extensions ['ignore', 'ignore_ament_install']
[0.605s] Level 1:colcon.colcon_core.package_identification:_identify(src) by extension 'ignore'
[0.605s] Level 1:colcon.colcon_core.package_identification:_identify(src) by extension 'ignore_ament_install'
[0.606s] Level 1:colcon.colcon_core.package_identification:_identify(src) by extensions ['colcon_pkg']
[0.606s] Level 1:colcon.colcon_core.package_identification:_identify(src) by extension 'colcon_pkg'
[0.606s] Level 1:colcon.colcon_core.package_identification:_identify(src) by extensions ['colcon_meta']
[0.606s] Level 1:colcon.colcon_core.package_identification:_identify(src) by extension 'colcon_meta'
[0.606s] Level 1:colcon.colcon_core.package_identification:_identify(src) by extensions ['ros']
[0.606s] Level 1:colcon.colcon_core.package_identification:_identify(src) by extension 'ros'
[0.606s] Level 1:colcon.colcon_core.package_identification:_identify(src) by extensions ['cmake', 'python']
[0.606s] Level 1:colcon.colcon_core.package_identification:_identify(src) by extension 'cmake'
[0.606s] Level 1:colcon.colcon_core.package_identification:_identify(src) by extension 'python'
[0.606s] Level 1:colcon.colcon_core.package_identification:_identify(src) by extensions ['python_setup_py']
[0.606s] Level 1:colcon.colcon_core.package_identification:_identify(src) by extension 'python_setup_py'
[0.606s] Level 1:colcon.colcon_core.package_identification:_identify(src/test_visu) by extensions ['ignore', 'ignore_ament_install']
[0.607s] Level 1:colcon.colcon_core.package_identification:_identify(src/test_visu) by extension 'ignore'
[0.607s] Level 1:colcon.colcon_core.package_identification:_identify(src/test_visu) by extension 'ignore_ament_install'
[0.607s] Level 1:colcon.colcon_core.package_identification:_identify(src/test_visu) by extensions ['colcon_pkg']
[0.607s] Level 1:colcon.colcon_core.package_identification:_identify(src/test_visu) by extension 'colcon_pkg'
[0.607s] Level 1:colcon.colcon_core.package_identification:_identify(src/test_visu) by extensions ['colcon_meta']
[0.607s] Level 1:colcon.colcon_core.package_identification:_identify(src/test_visu) by extension 'colcon_meta'
[0.607s] Level 1:colcon.colcon_core.package_identification:_identify(src/test_visu) by extensions ['ros']
[0.607s] Level 1:colcon.colcon_core.package_identification:_identify(src/test_visu) by extension 'ros'
[0.608s] DEBUG:colcon.colcon_core.package_identification:Package 'src/test_visu' with type 'ros.ament_python' and name 'test_visu'
[0.609s] Level 1:colcon.colcon_core.package_discovery:discover_packages(recursive) using defaults
[0.609s] Level 1:colcon.colcon_core.package_discovery:discover_packages(ignore) discover
[0.609s] Level 1:colcon.colcon_core.package_discovery:discover_packages(ignore) using defaults
[0.609s] Level 1:colcon.colcon_core.package_discovery:discover_packages(path) discover
[0.609s] Level 1:colcon.colcon_core.package_discovery:discover_packages(path) using defaults
[0.670s] Level 1:colcon.colcon_core.package_discovery:discover_packages(prefix_path) check parameters
[0.670s] Level 1:colcon.colcon_core.package_discovery:discover_packages(prefix_path) discover
[0.679s] DEBUG:colcon.colcon_installed_package_information.package_discovery:Found 448 installed packages in /opt/ros/humble
[0.683s] Level 1:colcon.colcon_core.package_discovery:discover_packages(prefix_path) using defaults
[0.861s] Level 5:colcon.colcon_core.verb:set package 'data_replay' build argument 'cmake_args' from command line to 'None'
[0.861s] Level 5:colcon.colcon_core.verb:set package 'data_replay' build argument 'cmake_target' from command line to 'None'
[0.861s] Level 5:colcon.colcon_core.verb:set package 'data_replay' build argument 'cmake_target_skip_unavailable' from command line to 'False'
[0.861s] Level 5:colcon.colcon_core.verb:set package 'data_replay' build argument 'cmake_clean_cache' from command line to 'False'
[0.861s] Level 5:colcon.colcon_core.verb:set package 'data_replay' build argument 'cmake_clean_first' from command line to 'False'
[0.861s] Level 5:colcon.colcon_core.verb:set package 'data_replay' build argument 'cmake_force_configure' from command line to 'False'
[0.861s] Level 5:colcon.colcon_core.verb:set package 'data_replay' build argument 'ament_cmake_args' from command line to 'None'
[0.861s] Level 5:colcon.colcon_core.verb:set package 'data_replay' build argument 'catkin_cmake_args' from command line to 'None'
[0.861s] Level 5:colcon.colcon_core.verb:set package 'data_replay' build argument 'catkin_skip_building_tests' from command line to 'False'
[0.861s] DEBUG:colcon.colcon_core.verb:Building package 'data_replay' with the following arguments: {'ament_cmake_args': None, 'build_base': '/home/mathijs/turtle_bot/build/data_replay', 'catkin_cmake_args': None, 'catkin_skip_building_tests': False, 'cmake_args': None, 'cmake_clean_cache': False, 'cmake_clean_first': False, 'cmake_force_configure': False, 'cmake_target': None, 'cmake_target_skip_unavailable': False, 'install_base': '/home/mathijs/turtle_bot/install/data_replay', 'merge_install': False, 'path': '/home/mathijs/turtle_bot/data_replay', 'symlink_install': True, 'test_result_base': None}
[0.862s] Level 5:colcon.colcon_core.verb:set package 'ekf_localization' build argument 'cmake_args' from command line to 'None'
[0.862s] Level 5:colcon.colcon_core.verb:set package 'ekf_localization' build argument 'cmake_target' from command line to 'None'
[0.862s] Level 5:colcon.colcon_core.verb:set package 'ekf_localization' build argument 'cmake_target_skip_unavailable' from command line to 'False'
[0.862s] Level 5:colcon.colcon_core.verb:set package 'ekf_localization' build argument 'cmake_clean_cache' from command line to 'False'
[0.862s] Level 5:colcon.colcon_core.verb:set package 'ekf_localization' build argument 'cmake_clean_first' from command line to 'False'
[0.862s] Level 5:colcon.colcon_core.verb:set package 'ekf_localization' build argument 'cmake_force_configure' from command line to 'False'
[0.862s] Level 5:colcon.colcon_core.verb:set package 'ekf_localization' build argument 'ament_cmake_args' from command line to 'None'
[0.862s] Level 5:colcon.colcon_core.verb:set package 'ekf_localization' build argument 'catkin_cmake_args' from command line to 'None'
[0.862s] Level 5:colcon.colcon_core.verb:set package 'ekf_localization' build argument 'catkin_skip_building_tests' from command line to 'False'
[0.862s] DEBUG:colcon.colcon_core.verb:Building package 'ekf_localization' with the following arguments: {'ament_cmake_args': None, 'build_base': '/home/mathijs/turtle_bot/build/ekf_localization', 'catkin_cmake_args': None, 'catkin_skip_building_tests': False, 'cmake_args': None, 'cmake_clean_cache': False, 'cmake_clean_first': False, 'cmake_force_configure': False, 'cmake_target': None, 'cmake_target_skip_unavailable': False, 'install_base': '/home/mathijs/turtle_bot/install/ekf_localization', 'merge_install': False, 'path': '/home/mathijs/turtle_bot/ekf_localization', 'symlink_install': True, 'test_result_base': None}
[0.863s] Level 5:colcon.colcon_core.verb:set package 'measurement_node' build argument 'cmake_args' from command line to 'None'
[0.863s] Level 5:colcon.colcon_core.verb:set package 'measurement_node' build argument 'cmake_target' from command line to 'None'
[0.863s] Level 5:colcon.colcon_core.verb:set package 'measurement_node' build argument 'cmake_target_skip_unavailable' from command line to 'False'
[0.863s] Level 5:colcon.colcon_core.verb:set package 'measurement_node' build argument 'cmake_clean_cache' from command line to 'False'
[0.863s] Level 5:colcon.colcon_core.verb:set package 'measurement_node' build argument 'cmake_clean_first' from command line to 'False'
[0.863s] Level 5:colcon.colcon_core.verb:set package 'measurement_node' build argument 'cmake_force_configure' from command line to 'False'
[0.863s] Level 5:colcon.colcon_core.verb:set package 'measurement_node' build argument 'ament_cmake_args' from command line to 'None'
[0.863s] Level 5:colcon.colcon_core.verb:set package 'measurement_node' build argument 'catkin_cmake_args' from command line to 'None'
[0.863s] Level 5:colcon.colcon_core.verb:set package 'measurement_node' build argument 'catkin_skip_building_tests' from command line to 'False'
[0.864s] DEBUG:colcon.colcon_core.verb:Building package 'measurement_node' with the following arguments: {'ament_cmake_args': None, 'build_base': '/home/mathijs/turtle_bot/build/measurement_node', 'catkin_cmake_args': None, 'catkin_skip_building_tests': False, 'cmake_args': None, 'cmake_clean_cache': False, 'cmake_clean_first': False, 'cmake_force_configure': False, 'cmake_target': None, 'cmake_target_skip_unavailable': False, 'install_base': '/home/mathijs/turtle_bot/install/measurement_node', 'merge_install': False, 'path': '/home/mathijs/turtle_bot/measurement_node', 'symlink_install': True, 'test_result_base': None}
[0.864s] Level 5:colcon.colcon_core.verb:set package 'sensor_simulation' build argument 'cmake_args' from command line to 'None'
[0.864s] Level 5:colcon.colcon_core.verb:set package 'sensor_simulation' build argument 'cmake_target' from command line to 'None'
[0.864s] Level 5:colcon.colcon_core.verb:set package 'sensor_simulation' build argument 'cmake_target_skip_unavailable' from command line to 'False'
[0.865s] Level 5:colcon.colcon_core.verb:set package 'sensor_simulation' build argument 'cmake_clean_cache' from command line to 'False'
[0.865s] Level 5:colcon.colcon_core.verb:set package 'sensor_simulation' build argument 'cmake_clean_first' from command line to 'False'
[0.865s] Level 5:colcon.colcon_core.verb:set package 'sensor_simulation' build argument 'cmake_force_configure' from command line to 'False'
[0.865s] Level 5:colcon.colcon_core.verb:set package 'sensor_simulation' build argument 'ament_cmake_args' from command line to 'None'
[0.865s] Level 5:colcon.colcon_core.verb:set package 'sensor_simulation' build argument 'catkin_cmake_args' from command line to 'None'
[0.865s] Level 5:colcon.colcon_core.verb:set package 'sensor_simulation' build argument 'catkin_skip_building_tests' from command line to 'False'
[0.865s] DEBUG:colcon.colcon_core.verb:Building package 'sensor_simulation' with the following arguments: {'ament_cmake_args': None, 'build_base': '/home/mathijs/turtle_bot/build/sensor_simulation', 'catkin_cmake_args': None, 'catkin_skip_building_tests': False, 'cmake_args': None, 'cmake_clean_cache': False, 'cmake_clean_first': False, 'cmake_force_configure': False, 'cmake_target': None, 'cmake_target_skip_unavailable': False, 'install_base': '/home/mathijs/turtle_bot/install/sensor_simulation', 'merge_install': False, 'path': '/home/mathijs/turtle_bot/sensor_simulation/sensor_simulation', 'symlink_install': True, 'test_result_base': None}
[0.866s] Level 5:colcon.colcon_core.verb:set package 'test_visu' build argument 'cmake_args' from command line to 'None'
[0.866s] Level 5:colcon.colcon_core.verb:set package 'test_visu' build argument 'cmake_target' from command line to 'None'
[0.866s] Level 5:colcon.colcon_core.verb:set package 'test_visu' build argument 'cmake_target_skip_unavailable' from command line to 'False'
[0.866s] Level 5:colcon.colcon_core.verb:set package 'test_visu' build argument 'cmake_clean_cache' from command line to 'False'
[0.866s] Level 5:colcon.colcon_core.verb:set package 'test_visu' build argument 'cmake_clean_first' from command line to 'False'
[0.866s] Level 5:colcon.colcon_core.verb:set package 'test_visu' build argument 'cmake_force_configure' from command line to 'False'
[0.866s] Level 5:colcon.colcon_core.verb:set package 'test_visu' build argument 'ament_cmake_args' from command line to 'None'
[0.866s] Level 5:colcon.colcon_core.verb:set package 'test_visu' build argument 'catkin_cmake_args' from command line to 'None'
[0.866s] Level 5:colcon.colcon_core.verb:set package 'test_visu' build argument 'catkin_skip_building_tests' from command line to 'False'
[0.866s] DEBUG:colcon.colcon_core.verb:Building package 'test_visu' with the following arguments: {'ament_cmake_args': None, 'build_base': '/home/mathijs/turtle_bot/build/test_visu', 'catkin_cmake_args': None, 'catkin_skip_building_tests': False, 'cmake_args': None, 'cmake_clean_cache': False, 'cmake_clean_first': False, 'cmake_force_configure': False, 'cmake_target': None, 'cmake_target_skip_unavailable': False, 'install_base': '/home/mathijs/turtle_bot/install/test_visu', 'merge_install': False, 'path': '/home/mathijs/turtle_bot/src/test_visu', 'symlink_install': True, 'test_result_base': None}
[0.866s] INFO:colcon.colcon_core.executor:Executing jobs using 'parallel' executor
[0.869s] DEBUG:colcon.colcon_parallel_executor.executor.parallel:run_until_complete
[0.869s] INFO:colcon.colcon_ros.task.ament_cmake.build:Building ROS package in '/home/mathijs/turtle_bot/data_replay' with build type 'ament_cmake'
[0.870s] INFO:colcon.colcon_cmake.task.cmake.build:Building CMake package in '/home/mathijs/turtle_bot/data_replay'
[0.879s] INFO:colcon.colcon_core.plugin_system:Skipping extension 'colcon_core.shell.bat': Not used on non-Windows systems
[0.879s] INFO:colcon.colcon_core.shell:Skip shell extension 'powershell' for command environment: Not usable outside of PowerShell
[0.879s] DEBUG:colcon.colcon_core.shell:Skip shell extension 'dsv' for command environment
[0.917s] INFO:colcon.colcon_ros.task.ament_cmake.build:Building ROS package in '/home/mathijs/turtle_bot/ekf_localization' with build type 'ament_cmake'
[0.917s] INFO:colcon.colcon_cmake.task.cmake.build:Building CMake package in '/home/mathijs/turtle_bot/ekf_localization'
[0.918s] INFO:colcon.colcon_core.shell:Skip shell extension 'powershell' for command environment: Not usable outside of PowerShell
[0.918s] DEBUG:colcon.colcon_core.shell:Skip shell extension 'dsv' for command environment
[0.928s] INFO:colcon.colcon_ros.task.ament_cmake.build:Building ROS package in '/home/mathijs/turtle_bot/measurement_node' with build type 'ament_cmake'
[0.928s] INFO:colcon.colcon_cmake.task.cmake.build:Building CMake package in '/home/mathijs/turtle_bot/measurement_node'
[0.929s] INFO:colcon.colcon_core.shell:Skip shell extension 'powershell' for command environment: Not usable outside of PowerShell
[0.929s] DEBUG:colcon.colcon_core.shell:Skip shell extension 'dsv' for command environment
[0.939s] INFO:colcon.colcon_ros.task.ament_cmake.build:Building ROS package in '/home/mathijs/turtle_bot/sensor_simulation/sensor_simulation' with build type 'ament_cmake'
[0.940s] INFO:colcon.colcon_cmake.task.cmake.build:Building CMake package in '/home/mathijs/turtle_bot/sensor_simulation/sensor_simulation'
[0.941s] INFO:colcon.colcon_core.shell:Skip shell extension 'powershell' for command environment: Not usable outside of PowerShell
[0.941s] DEBUG:colcon.colcon_core.shell:Skip shell extension 'dsv' for command environment
[0.950s] INFO:colcon.colcon_ros.task.ament_python.build:Building ROS package in '/home/mathijs/turtle_bot/src/test_visu' with build type 'ament_python'
[0.950s] Level 1:colcon.colcon_core.shell:create_environment_hook('test_visu', 'ament_prefix_path')
[0.951s] INFO:colcon.colcon_core.shell:Creating environment hook '/home/mathijs/turtle_bot/install/test_visu/share/test_visu/hook/ament_prefix_path.ps1'
[0.953s] INFO:colcon.colcon_core.shell:Creating environment descriptor '/home/mathijs/turtle_bot/install/test_visu/share/test_visu/hook/ament_prefix_path.dsv'
[0.954s] INFO:colcon.colcon_core.shell:Creating environment hook '/home/mathijs/turtle_bot/install/test_visu/share/test_visu/hook/ament_prefix_path.sh'
[0.956s] INFO:colcon.colcon_core.shell:Skip shell extension 'powershell' for command environment: Not usable outside of PowerShell
[0.956s] DEBUG:colcon.colcon_core.shell:Skip shell extension 'dsv' for command environment
[0.974s] DEBUG:colcon.colcon_core.event_handler.log_command:Invoking command in '/home/mathijs/turtle_bot/build/data_replay': CMAKE_PREFIX_PATH=/opt/ros/humble /usr/bin/cmake --build /home/mathijs/turtle_bot/build/data_replay -- -j12 -l12
[0.985s] DEBUG:colcon.colcon_core.event_handler.log_command:Invoking command in '/home/mathijs/turtle_bot/build/ekf_localization': CMAKE_PREFIX_PATH=/opt/ros/humble /usr/bin/cmake --build /home/mathijs/turtle_bot/build/ekf_localization -- -j12 -l12
[0.995s] DEBUG:colcon.colcon_core.event_handler.log_command:Invoking command in '/home/mathijs/turtle_bot/build/measurement_node': CMAKE_PREFIX_PATH=/opt/ros/humble /usr/bin/cmake --build /home/mathijs/turtle_bot/build/measurement_node -- -j12 -l12
[1.007s] DEBUG:colcon.colcon_core.event_handler.log_command:Invoking command in '/home/mathijs/turtle_bot/build/sensor_simulation': CMAKE_PREFIX_PATH=/opt/ros/humble /usr/bin/cmake --build /home/mathijs/turtle_bot/build/sensor_simulation -- -j12 -l12
[1.622s] INFO:colcon.colcon_core.task.python.build:Building Python package in '/home/mathijs/turtle_bot/src/test_visu'
[1.623s] INFO:colcon.colcon_core.shell:Skip shell extension 'powershell' for command environment: Not usable outside of PowerShell
[1.623s] DEBUG:colcon.colcon_core.shell:Skip shell extension 'dsv' for command environment
[1.635s] DEBUG:colcon.colcon_core.event_handler.log_command:Invoked command in '/home/mathijs/turtle_bot/build/measurement_node' returned '0': CMAKE_PREFIX_PATH=/opt/ros/humble /usr/bin/cmake --build /home/mathijs/turtle_bot/build/measurement_node -- -j12 -l12
[1.663s] DEBUG:colcon.colcon_core.event_handler.log_command:Invoking command in '/home/mathijs/turtle_bot/build/measurement_node': CMAKE_PREFIX_PATH=/opt/ros/humble /usr/bin/cmake --install /home/mathijs/turtle_bot/build/measurement_node
[1.666s] DEBUG:colcon.colcon_core.event_handler.log_command:Invoked command in '/home/mathijs/turtle_bot/build/data_replay' returned '0': CMAKE_PREFIX_PATH=/opt/ros/humble /usr/bin/cmake --build /home/mathijs/turtle_bot/build/data_replay -- -j12 -l12
[1.671s] DEBUG:colcon.colcon_core.event_handler.log_command:Invoking command in '/home/mathijs/turtle_bot/build/data_replay': CMAKE_PREFIX_PATH=/opt/ros/humble /usr/bin/cmake --install /home/mathijs/turtle_bot/build/data_replay
[1.680s] DEBUG:colcon.colcon_core.event_handler.log_command:Invoked command in '/home/mathijs/turtle_bot/build/sensor_simulation' returned '0': CMAKE_PREFIX_PATH=/opt/ros/humble /usr/bin/cmake --build /home/mathijs/turtle_bot/build/sensor_simulation -- -j12 -l12
[1.684s] DEBUG:colcon.colcon_core.event_handler.log_command:Invoking command in '/home/mathijs/turtle_bot/build/sensor_simulation': CMAKE_PREFIX_PATH=/opt/ros/humble /usr/bin/cmake --install /home/mathijs/turtle_bot/build/sensor_simulation
[1.738s] Level 1:colcon.colcon_core.environment:create_environment_scripts_only(measurement_node)
[1.741s] DEBUG:colcon.colcon_core.event_handler.log_command:Invoked command in '/home/mathijs/turtle_bot/build/measurement_node' returned '0': CMAKE_PREFIX_PATH=/opt/ros/humble /usr/bin/cmake --install /home/mathijs/turtle_bot/build/measurement_node
[1.758s] Level 1:colcon.colcon_core.environment:checking '/home/mathijs/turtle_bot/install/measurement_node' for CMake module files
[1.760s] Level 1:colcon.colcon_core.environment:checking '/home/mathijs/turtle_bot/install/measurement_node' for CMake config files
[1.760s] Level 1:colcon.colcon_core.shell:create_environment_hook('measurement_node', 'cmake_prefix_path')
[1.761s] INFO:colcon.colcon_core.shell:Creating environment hook '/home/mathijs/turtle_bot/install/measurement_node/share/measurement_node/hook/cmake_prefix_path.ps1'
[1.761s] INFO:colcon.colcon_core.shell:Creating environment descriptor '/home/mathijs/turtle_bot/install/measurement_node/share/measurement_node/hook/cmake_prefix_path.dsv'
[1.764s] INFO:colcon.colcon_core.shell:Creating environment hook '/home/mathijs/turtle_bot/install/measurement_node/share/measurement_node/hook/cmake_prefix_path.sh'
[1.767s] Level 1:colcon.colcon_core.environment:checking '/home/mathijs/turtle_bot/install/measurement_node/lib'
[1.767s] Level 1:colcon.colcon_core.environment:checking '/home/mathijs/turtle_bot/install/measurement_node/bin'
[1.767s] Level 1:colcon.colcon_core.environment:checking '/home/mathijs/turtle_bot/install/measurement_node/lib/pkgconfig/measurement_node.pc'
[1.768s] Level 1:colcon.colcon_core.environment:checking '/home/mathijs/turtle_bot/install/measurement_node/lib/python3.10/site-packages'
[1.769s] Level 1:colcon.colcon_core.environment:checking '/home/mathijs/turtle_bot/install/measurement_node/bin'
[1.769s] INFO:colcon.colcon_core.shell:Creating package script '/home/mathijs/turtle_bot/install/measurement_node/share/measurement_node/package.ps1'
[1.771s] INFO:colcon.colcon_core.shell:Creating package descriptor '/home/mathijs/turtle_bot/install/measurement_node/share/measurement_node/package.dsv'
[1.773s] INFO:colcon.colcon_core.shell:Creating package script '/home/mathijs/turtle_bot/install/measurement_node/share/measurement_node/package.sh'
[1.774s] INFO:colcon.colcon_core.shell:Creating package script '/home/mathijs/turtle_bot/install/measurement_node/share/measurement_node/package.bash'
[1.776s] INFO:colcon.colcon_core.shell:Creating package script '/home/mathijs/turtle_bot/install/measurement_node/share/measurement_node/package.zsh'
[1.777s] Level 1:colcon.colcon_core.environment:create_file_with_runtime_dependencies(/home/mathijs/turtle_bot/install/measurement_node/share/colcon-core/packages/measurement_node)
[1.778s] Level 1:colcon.colcon_core.environment:create_environment_scripts_only(measurement_node)
[1.779s] Level 1:colcon.colcon_core.environment:checking '/home/mathijs/turtle_bot/install/measurement_node' for CMake module files
[1.779s] Level 1:colcon.colcon_core.environment:checking '/home/mathijs/turtle_bot/install/measurement_node' for CMake config files
[1.780s] Level 1:colcon.colcon_core.shell:create_environment_hook('measurement_node', 'cmake_prefix_path')
[1.780s] INFO:colcon.colcon_core.shell:Creating environment hook '/home/mathijs/turtle_bot/install/measurement_node/share/measurement_node/hook/cmake_prefix_path.ps1'
[1.782s] INFO:colcon.colcon_core.shell:Creating environment descriptor '/home/mathijs/turtle_bot/install/measurement_node/share/measurement_node/hook/cmake_prefix_path.dsv'
[1.782s] INFO:colcon.colcon_core.shell:Creating environment hook '/home/mathijs/turtle_bot/install/measurement_node/share/measurement_node/hook/cmake_prefix_path.sh'
[1.783s] Level 1:colcon.colcon_core.environment:checking '/home/mathijs/turtle_bot/install/measurement_node/lib'
[1.783s] Level 1:colcon.colcon_core.environment:checking '/home/mathijs/turtle_bot/install/measurement_node/bin'
[1.784s] Level 1:colcon.colcon_core.environment:checking '/home/mathijs/turtle_bot/install/measurement_node/lib/pkgconfig/measurement_node.pc'
[1.784s] Level 1:colcon.colcon_core.environment:checking '/home/mathijs/turtle_bot/install/measurement_node/lib/python3.10/site-packages'
[1.785s] Level 1:colcon.colcon_core.environment:checking '/home/mathijs/turtle_bot/install/measurement_node/bin'
[1.785s] INFO:colcon.colcon_core.shell:Creating package script '/home/mathijs/turtle_bot/install/measurement_node/share/measurement_node/package.ps1'
[1.786s] INFO:colcon.colcon_core.shell:Creating package descriptor '/home/mathijs/turtle_bot/install/measurement_node/share/measurement_node/package.dsv'
[1.787s] INFO:colcon.colcon_core.shell:Creating package script '/home/mathijs/turtle_bot/install/measurement_node/share/measurement_node/package.sh'
[1.788s] INFO:colcon.colcon_core.shell:Creating package script '/home/mathijs/turtle_bot/install/measurement_node/share/measurement_node/package.bash'
[1.789s] INFO:colcon.colcon_core.shell:Creating package script '/home/mathijs/turtle_bot/install/measurement_node/share/measurement_node/package.zsh'
[1.789s] Level 1:colcon.colcon_core.environment:create_file_with_runtime_dependencies(/home/mathijs/turtle_bot/install/measurement_node/share/colcon-core/packages/measurement_node)
[1.796s] Level 1:colcon.colcon_core.environment:create_environment_scripts_only(sensor_simulation)
[1.797s] Level 1:colcon.colcon_core.environment:checking '/home/mathijs/turtle_bot/install/sensor_simulation' for CMake module files
[1.797s] DEBUG:colcon.colcon_core.event_handler.log_command:Invoked command in '/home/mathijs/turtle_bot/build/sensor_simulation' returned '0': CMAKE_PREFIX_PATH=/opt/ros/humble /usr/bin/cmake --install /home/mathijs/turtle_bot/build/sensor_simulation
[1.800s] Level 1:colcon.colcon_core.environment:checking '/home/mathijs/turtle_bot/install/sensor_simulation' for CMake config files
[1.800s] Level 1:colcon.colcon_core.shell:create_environment_hook('sensor_simulation', 'cmake_prefix_path')
[1.800s] INFO:colcon.colcon_core.shell:Creating environment hook '/home/mathijs/turtle_bot/install/sensor_simulation/share/sensor_simulation/hook/cmake_prefix_path.ps1'
[1.801s] INFO:colcon.colcon_core.shell:Creating environment descriptor '/home/mathijs/turtle_bot/install/sensor_simulation/share/sensor_simulation/hook/cmake_prefix_path.dsv'
[1.802s] INFO:colcon.colcon_core.shell:Creating environment hook '/home/mathijs/turtle_bot/install/sensor_simulation/share/sensor_simulation/hook/cmake_prefix_path.sh'
[1.808s] Level 1:colcon.colcon_core.environment:checking '/home/mathijs/turtle_bot/install/sensor_simulation/lib'
[1.809s] Level 1:colcon.colcon_core.environment:checking '/home/mathijs/turtle_bot/install/sensor_simulation/bin'
[1.809s] Level 1:colcon.colcon_core.environment:checking '/home/mathijs/turtle_bot/install/sensor_simulation/lib/pkgconfig/sensor_simulation.pc'
[1.809s] Level 1:colcon.colcon_core.environment:checking '/home/mathijs/turtle_bot/install/sensor_simulation/lib/python3.10/site-packages'
[1.810s] Level 1:colcon.colcon_core.environment:checking '/home/mathijs/turtle_bot/install/sensor_simulation/bin'
[1.812s] INFO:colcon.colcon_core.shell:Creating package script '/home/mathijs/turtle_bot/install/sensor_simulation/share/sensor_simulation/package.ps1'
[1.813s] INFO:colcon.colcon_core.shell:Creating package descriptor '/home/mathijs/turtle_bot/install/sensor_simulation/share/sensor_simulation/package.dsv'
[1.814s] INFO:colcon.colcon_core.shell:Creating package script '/home/mathijs/turtle_bot/install/sensor_simulation/share/sensor_simulation/package.sh'
[1.814s] INFO:colcon.colcon_core.shell:Creating package script '/home/mathijs/turtle_bot/install/sensor_simulation/share/sensor_simulation/package.bash'
[1.815s] INFO:colcon.colcon_core.shell:Creating package script '/home/mathijs/turtle_bot/install/sensor_simulation/share/sensor_simulation/package.zsh'
[1.820s] Level 1:colcon.colcon_core.environment:create_file_with_runtime_dependencies(/home/mathijs/turtle_bot/install/sensor_simulation/share/colcon-core/packages/sensor_simulation)
[1.821s] Level 1:colcon.colcon_core.environment:create_environment_scripts_only(sensor_simulation)
[1.822s] Level 1:colcon.colcon_core.environment:checking '/home/mathijs/turtle_bot/install/sensor_simulation' for CMake module files
[1.822s] Level 1:colcon.colcon_core.environment:checking '/home/mathijs/turtle_bot/install/sensor_simulation' for CMake config files
[1.825s] Level 1:colcon.colcon_core.shell:create_environment_hook('sensor_simulation', 'cmake_prefix_path')
[1.826s] INFO:colcon.colcon_core.shell:Creating environment hook '/home/mathijs/turtle_bot/install/sensor_simulation/share/sensor_simulation/hook/cmake_prefix_path.ps1'
[1.827s] INFO:colcon.colcon_core.shell:Creating environment descriptor '/home/mathijs/turtle_bot/install/sensor_simulation/share/sensor_simulation/hook/cmake_prefix_path.dsv'
[1.827s] INFO:colcon.colcon_core.shell:Creating environment hook '/home/mathijs/turtle_bot/install/sensor_simulation/share/sensor_simulation/hook/cmake_prefix_path.sh'
[1.828s] Level 1:colcon.colcon_core.environment:checking '/home/mathijs/turtle_bot/install/sensor_simulation/lib'
[1.829s] Level 1:colcon.colcon_core.environment:checking '/home/mathijs/turtle_bot/install/sensor_simulation/bin'
[1.829s] Level 1:colcon.colcon_core.environment:checking '/home/mathijs/turtle_bot/install/sensor_simulation/lib/pkgconfig/sensor_simulation.pc'
[1.830s] Level 1:colcon.colcon_core.environment:checking '/home/mathijs/turtle_bot/install/sensor_simulation/lib/python3.10/site-packages'
[1.831s] Level 1:colcon.colcon_core.environment:checking '/home/mathijs/turtle_bot/install/sensor_simulation/bin'
[1.831s] INFO:colcon.colcon_core.shell:Creating package script '/home/mathijs/turtle_bot/install/sensor_simulation/share/sensor_simulation/package.ps1'
[1.832s] INFO:colcon.colcon_core.shell:Creating package descriptor '/home/mathijs/turtle_bot/install/sensor_simulation/share/sensor_simulation/package.dsv'
[1.835s] INFO:colcon.colcon_core.shell:Creating package script '/home/mathijs/turtle_bot/install/sensor_simulation/share/sensor_simulation/package.sh'
[1.836s] INFO:colcon.colcon_core.shell:Creating package script '/home/mathijs/turtle_bot/install/sensor_simulation/share/sensor_simulation/package.bash'
[1.837s] INFO:colcon.colcon_core.shell:Creating package script '/home/mathijs/turtle_bot/install/sensor_simulation/share/sensor_simulation/package.zsh'
[1.843s] Level 1:colcon.colcon_core.environment:create_file_with_runtime_dependencies(/home/mathijs/turtle_bot/install/sensor_simulation/share/colcon-core/packages/sensor_simulation)
[1.843s] Level 1:colcon.colcon_core.environment:create_environment_scripts_only(data_replay)
[1.844s] Level 1:colcon.colcon_core.environment:checking '/home/mathijs/turtle_bot/install/data_replay' for CMake module files
[1.846s] DEBUG:colcon.colcon_core.event_handler.log_command:Invoked command in '/home/mathijs/turtle_bot/build/data_replay' returned '0': CMAKE_PREFIX_PATH=/opt/ros/humble /usr/bin/cmake --install /home/mathijs/turtle_bot/build/data_replay
[1.847s] Level 1:colcon.colcon_core.environment:checking '/home/mathijs/turtle_bot/install/data_replay' for CMake config files
[1.848s] Level 1:colcon.colcon_core.shell:create_environment_hook('data_replay', 'cmake_prefix_path')
[1.848s] INFO:colcon.colcon_core.shell:Creating environment hook '/home/mathijs/turtle_bot/install/data_replay/share/data_replay/hook/cmake_prefix_path.ps1'
[1.849s] INFO:colcon.colcon_core.shell:Creating environment descriptor '/home/mathijs/turtle_bot/install/data_replay/share/data_replay/hook/cmake_prefix_path.dsv'
[1.849s] INFO:colcon.colcon_core.shell:Creating environment hook '/home/mathijs/turtle_bot/install/data_replay/share/data_replay/hook/cmake_prefix_path.sh'
[1.854s] Level 1:colcon.colcon_core.environment:checking '/home/mathijs/turtle_bot/install/data_replay/lib'
[1.855s] Level 1:colcon.colcon_core.environment:checking '/home/mathijs/turtle_bot/install/data_replay/bin'
[1.855s] Level 1:colcon.colcon_core.environment:checking '/home/mathijs/turtle_bot/install/data_replay/lib/pkgconfig/data_replay.pc'
[1.855s] Level 1:colcon.colcon_core.environment:checking '/home/mathijs/turtle_bot/install/data_replay/lib/python3.10/site-packages'
[1.856s] Level 1:colcon.colcon_core.environment:checking '/home/mathijs/turtle_bot/install/data_replay/bin'
[1.856s] INFO:colcon.colcon_core.shell:Creating package script '/home/mathijs/turtle_bot/install/data_replay/share/data_replay/package.ps1'
[1.857s] INFO:colcon.colcon_core.shell:Creating package descriptor '/home/mathijs/turtle_bot/install/data_replay/share/data_replay/package.dsv'
[1.863s] INFO:colcon.colcon_core.shell:Creating package script '/home/mathijs/turtle_bot/install/data_replay/share/data_replay/package.sh'
[1.863s] INFO:colcon.colcon_core.shell:Creating package script '/home/mathijs/turtle_bot/install/data_replay/share/data_replay/package.bash'
[1.864s] INFO:colcon.colcon_core.shell:Creating package script '/home/mathijs/turtle_bot/install/data_replay/share/data_replay/package.zsh'
[1.865s] Level 1:colcon.colcon_core.environment:create_file_with_runtime_dependencies(/home/mathijs/turtle_bot/install/data_replay/share/colcon-core/packages/data_replay)
[1.870s] Level 1:colcon.colcon_core.environment:create_environment_scripts_only(data_replay)
[1.871s] Level 1:colcon.colcon_core.environment:checking '/home/mathijs/turtle_bot/install/data_replay' for CMake module files
[1.872s] Level 1:colcon.colcon_core.environment:checking '/home/mathijs/turtle_bot/install/data_replay' for CMake config files
[1.872s] Level 1:colcon.colcon_core.shell:create_environment_hook('data_replay', 'cmake_prefix_path')
[1.873s] INFO:colcon.colcon_core.shell:Creating environment hook '/home/mathijs/turtle_bot/install/data_replay/share/data_replay/hook/cmake_prefix_path.ps1'
[1.876s] INFO:colcon.colcon_core.shell:Creating environment descriptor '/home/mathijs/turtle_bot/install/data_replay/share/data_replay/hook/cmake_prefix_path.dsv'
[1.877s] INFO:colcon.colcon_core.shell:Creating environment hook '/home/mathijs/turtle_bot/install/data_replay/share/data_replay/hook/cmake_prefix_path.sh'
[1.878s] Level 1:colcon.colcon_core.environment:checking '/home/mathijs/turtle_bot/install/data_replay/lib'
[1.878s] Level 1:colcon.colcon_core.environment:checking '/home/mathijs/turtle_bot/install/data_replay/bin'
[1.878s] Level 1:colcon.colcon_core.environment:checking '/home/mathijs/turtle_bot/install/data_replay/lib/pkgconfig/data_replay.pc'
[1.879s] Level 1:colcon.colcon_core.environment:checking '/home/mathijs/turtle_bot/install/data_replay/lib/python3.10/site-packages'
[1.882s] Level 1:colcon.colcon_core.environment:checking '/home/mathijs/turtle_bot/install/data_replay/bin'
[1.884s] INFO:colcon.colcon_core.shell:Creating package script '/home/mathijs/turtle_bot/install/data_replay/share/data_replay/package.ps1'
[1.886s] INFO:colcon.colcon_core.shell:Creating package descriptor '/home/mathijs/turtle_bot/install/data_replay/share/data_replay/package.dsv'
[1.887s] INFO:colcon.colcon_core.shell:Creating package script '/home/mathijs/turtle_bot/install/data_replay/share/data_replay/package.sh'
[1.888s] INFO:colcon.colcon_core.shell:Creating package script '/home/mathijs/turtle_bot/install/data_replay/share/data_replay/package.bash'
[1.893s] INFO:colcon.colcon_core.shell:Creating package script '/home/mathijs/turtle_bot/install/data_replay/share/data_replay/package.zsh'
[1.894s] Level 1:colcon.colcon_core.environment:create_file_with_runtime_dependencies(/home/mathijs/turtle_bot/install/data_replay/share/colcon-core/packages/data_replay)
[3.463s] DEBUG:colcon.colcon_core.event_handler.log_command:Invoking command in '/home/mathijs/turtle_bot/build/test_visu': PYTHONPATH=/home/mathijs/turtle_bot/build/test_visu/prefix_override:/usr/lib/python3/dist-packages/colcon_core/task/python/colcon_distutils_commands:/home/mathijs/turtle_bot/install/test_visu/lib/python3.10/site-packages:${PYTHONPATH} /usr/bin/python3 -W ignore:setup.py install is deprecated -W ignore:easy_install command is deprecated setup.py develop --editable --build-directory /home/mathijs/turtle_bot/build/test_visu/build --no-deps symlink_data
[5.128s] Level 1:colcon.colcon_core.shell:create_environment_hook('test_visu', 'pythonpath_develop')
[5.130s] INFO:colcon.colcon_core.shell:Creating environment hook '/home/mathijs/turtle_bot/build/test_visu/share/test_visu/hook/pythonpath_develop.ps1'
[5.129s] DEBUG:colcon.colcon_core.event_handler.log_command:Invoked command in '/home/mathijs/turtle_bot/build/test_visu' returned '0': PYTHONPATH=/home/mathijs/turtle_bot/build/test_visu/prefix_override:/usr/lib/python3/dist-packages/colcon_core/task/python/colcon_distutils_commands:/home/mathijs/turtle_bot/install/test_visu/lib/python3.10/site-packages:${PYTHONPATH} /usr/bin/python3 -W ignore:setup.py install is deprecated -W ignore:easy_install command is deprecated setup.py develop --editable --build-directory /home/mathijs/turtle_bot/build/test_visu/build --no-deps symlink_data
[5.132s] INFO:colcon.colcon_core.shell:Creating environment descriptor '/home/mathijs/turtle_bot/build/test_visu/share/test_visu/hook/pythonpath_develop.dsv'
[5.132s] INFO:colcon.colcon_core.shell:Creating environment hook '/home/mathijs/turtle_bot/build/test_visu/share/test_visu/hook/pythonpath_develop.sh'
[5.135s] Level 1:colcon.colcon_core.environment:checking '/home/mathijs/turtle_bot/install/test_visu' for CMake module files
[5.136s] Level 1:colcon.colcon_core.environment:checking '/home/mathijs/turtle_bot/install/test_visu' for CMake config files
[5.138s] Level 1:colcon.colcon_core.environment:checking '/home/mathijs/turtle_bot/install/test_visu/lib'
[5.138s] Level 1:colcon.colcon_core.environment:checking '/home/mathijs/turtle_bot/install/test_visu/bin'
[5.138s] Level 1:colcon.colcon_core.environment:checking '/home/mathijs/turtle_bot/install/test_visu/lib/pkgconfig/test_visu.pc'
[5.139s] Level 1:colcon.colcon_core.environment:checking '/home/mathijs/turtle_bot/install/test_visu/lib/python3.10/site-packages'
[5.139s] Level 1:colcon.colcon_core.shell:create_environment_hook('test_visu', 'pythonpath')
[5.139s] INFO:colcon.colcon_core.shell:Creating environment hook '/home/mathijs/turtle_bot/install/test_visu/share/test_visu/hook/pythonpath.ps1'
[5.141s] INFO:colcon.colcon_core.shell:Creating environment descriptor '/home/mathijs/turtle_bot/install/test_visu/share/test_visu/hook/pythonpath.dsv'
[5.143s] INFO:colcon.colcon_core.shell:Creating environment hook '/home/mathijs/turtle_bot/install/test_visu/share/test_visu/hook/pythonpath.sh'
[5.145s] Level 1:colcon.colcon_core.environment:checking '/home/mathijs/turtle_bot/install/test_visu/bin'
[5.145s] Level 1:colcon.colcon_core.environment:create_environment_scripts_only(test_visu)
[5.146s] INFO:colcon.colcon_core.shell:Creating package script '/home/mathijs/turtle_bot/install/test_visu/share/test_visu/package.ps1'
[5.147s] INFO:colcon.colcon_core.shell:Creating package descriptor '/home/mathijs/turtle_bot/install/test_visu/share/test_visu/package.dsv'
[5.148s] INFO:colcon.colcon_core.shell:Creating package script '/home/mathijs/turtle_bot/install/test_visu/share/test_visu/package.sh'
[5.150s] INFO:colcon.colcon_core.shell:Creating package script '/home/mathijs/turtle_bot/install/test_visu/share/test_visu/package.bash'
[5.151s] INFO:colcon.colcon_core.shell:Creating package script '/home/mathijs/turtle_bot/install/test_visu/share/test_visu/package.zsh'
[5.152s] Level 1:colcon.colcon_core.environment:create_file_with_runtime_dependencies(/home/mathijs/turtle_bot/install/test_visu/share/colcon-core/packages/test_visu)
[34.682s] DEBUG:colcon.colcon_core.event_handler.log_command:Invoked command in '/home/mathijs/turtle_bot/build/ekf_localization' returned '0': CMAKE_PREFIX_PATH=/opt/ros/humble /usr/bin/cmake --build /home/mathijs/turtle_bot/build/ekf_localization -- -j12 -l12
[34.683s] DEBUG:colcon.colcon_core.event_handler.log_command:Invoking command in '/home/mathijs/turtle_bot/build/ekf_localization': CMAKE_PREFIX_PATH=/opt/ros/humble /usr/bin/cmake --install /home/mathijs/turtle_bot/build/ekf_localization
[34.735s] Level 1:colcon.colcon_core.environment:create_environment_scripts_only(ekf_localization)
[34.735s] Level 1:colcon.colcon_core.environment:checking '/home/mathijs/turtle_bot/install/ekf_localization' for CMake module files
[34.736s] Level 1:colcon.colcon_core.environment:checking '/home/mathijs/turtle_bot/install/ekf_localization' for CMake config files
[34.737s] Level 1:colcon.colcon_core.shell:create_environment_hook('ekf_localization', 'cmake_prefix_path')
[34.737s] INFO:colcon.colcon_core.shell:Creating environment hook '/home/mathijs/turtle_bot/install/ekf_localization/share/ekf_localization/hook/cmake_prefix_path.ps1'
[34.739s] DEBUG:colcon.colcon_core.event_handler.log_command:Invoked command in '/home/mathijs/turtle_bot/build/ekf_localization' returned '0': CMAKE_PREFIX_PATH=/opt/ros/humble /usr/bin/cmake --install /home/mathijs/turtle_bot/build/ekf_localization
[34.740s] INFO:colcon.colcon_core.shell:Creating environment descriptor '/home/mathijs/turtle_bot/install/ekf_localization/share/ekf_localization/hook/cmake_prefix_path.dsv'
[34.741s] INFO:colcon.colcon_core.shell:Creating environment hook '/home/mathijs/turtle_bot/install/ekf_localization/share/ekf_localization/hook/cmake_prefix_path.sh'
[34.742s] Level 1:colcon.colcon_core.environment:checking '/home/mathijs/turtle_bot/install/ekf_localization/lib'
[34.742s] Level 1:colcon.colcon_core.environment:checking '/home/mathijs/turtle_bot/install/ekf_localization/bin'
[34.742s] Level 1:colcon.colcon_core.environment:checking '/home/mathijs/turtle_bot/install/ekf_localization/lib/pkgconfig/ekf_localization.pc'
[34.743s] Level 1:colcon.colcon_core.environment:checking '/home/mathijs/turtle_bot/install/ekf_localization/lib/python3.10/site-packages'
[34.743s] Level 1:colcon.colcon_core.environment:checking '/home/mathijs/turtle_bot/install/ekf_localization/bin'
[34.744s] INFO:colcon.colcon_core.shell:Creating package script '/home/mathijs/turtle_bot/install/ekf_localization/share/ekf_localization/package.ps1'
[34.745s] INFO:colcon.colcon_core.shell:Creating package descriptor '/home/mathijs/turtle_bot/install/ekf_localization/share/ekf_localization/package.dsv'
[34.746s] INFO:colcon.colcon_core.shell:Creating package script '/home/mathijs/turtle_bot/install/ekf_localization/share/ekf_localization/package.sh'
[34.747s] INFO:colcon.colcon_core.shell:Creating package script '/home/mathijs/turtle_bot/install/ekf_localization/share/ekf_localization/package.bash'
[34.748s] INFO:colcon.colcon_core.shell:Creating package script '/home/mathijs/turtle_bot/install/ekf_localization/share/ekf_localization/package.zsh'
[34.748s] Level 1:colcon.colcon_core.environment:create_file_with_runtime_dependencies(/home/mathijs/turtle_bot/install/ekf_localization/share/colcon-core/packages/ekf_localization)
[34.749s] Level 1:colcon.colcon_core.environment:create_environment_scripts_only(ekf_localization)
[34.751s] Level 1:colcon.colcon_core.environment:checking '/home/mathijs/turtle_bot/install/ekf_localization' for CMake module files
[34.752s] Level 1:colcon.colcon_core.environment:checking '/home/mathijs/turtle_bot/install/ekf_localization' for CMake config files
[34.753s] Level 1:colcon.colcon_core.shell:create_environment_hook('ekf_localization', 'cmake_prefix_path')
[34.754s] INFO:colcon.colcon_core.shell:Creating environment hook '/home/mathijs/turtle_bot/install/ekf_localization/share/ekf_localization/hook/cmake_prefix_path.ps1'
[34.755s] INFO:colcon.colcon_core.shell:Creating environment descriptor '/home/mathijs/turtle_bot/install/ekf_localization/share/ekf_localization/hook/cmake_prefix_path.dsv'
[34.755s] INFO:colcon.colcon_core.shell:Creating environment hook '/home/mathijs/turtle_bot/install/ekf_localization/share/ekf_localization/hook/cmake_prefix_path.sh'
[34.757s] Level 1:colcon.colcon_core.environment:checking '/home/mathijs/turtle_bot/install/ekf_localization/lib'
[34.757s] Level 1:colcon.colcon_core.environment:checking '/home/mathijs/turtle_bot/install/ekf_localization/bin'
[34.757s] Level 1:colcon.colcon_core.environment:checking '/home/mathijs/turtle_bot/install/ekf_localization/lib/pkgconfig/ekf_localization.pc'
[34.757s] Level 1:colcon.colcon_core.environment:checking '/home/mathijs/turtle_bot/install/ekf_localization/lib/python3.10/site-packages'
[34.758s] Level 1:colcon.colcon_core.environment:checking '/home/mathijs/turtle_bot/install/ekf_localization/bin'
[34.762s] INFO:colcon.colcon_core.shell:Creating package script '/home/mathijs/turtle_bot/install/ekf_localization/share/ekf_localization/package.ps1'
[34.763s] INFO:colcon.colcon_core.shell:Creating package descriptor '/home/mathijs/turtle_bot/install/ekf_localization/share/ekf_localization/package.dsv'
[34.764s] INFO:colcon.colcon_core.shell:Creating package script '/home/mathijs/turtle_bot/install/ekf_localization/share/ekf_localization/package.sh'
[34.765s] INFO:colcon.colcon_core.shell:Creating package script '/home/mathijs/turtle_bot/install/ekf_localization/share/ekf_localization/package.bash'
[34.765s] INFO:colcon.colcon_core.shell:Creating package script '/home/mathijs/turtle_bot/install/ekf_localization/share/ekf_localization/package.zsh'
[34.766s] Level 1:colcon.colcon_core.environment:create_file_with_runtime_dependencies(/home/mathijs/turtle_bot/install/ekf_localization/share/colcon-core/packages/ekf_localization)
[34.767s] DEBUG:colcon.colcon_parallel_executor.executor.parallel:closing loop
[34.768s] DEBUG:colcon.colcon_parallel_executor.executor.parallel:loop closed
[34.768s] DEBUG:colcon.colcon_parallel_executor.executor.parallel:run_until_complete finished with '0'
[34.768s] DEBUG:colcon.colcon_core.event_reactor:joining thread
[34.780s] INFO:colcon.colcon_core.plugin_system:Skipping extension 'colcon_notification.desktop_notification.terminal_notifier': Not used on non-Darwin systems
[34.780s] INFO:colcon.colcon_core.plugin_system:Skipping extension 'colcon_notification.desktop_notification.win32': Not used on non-Windows systems
[34.781s] INFO:colcon.colcon_notification.desktop_notification:Sending desktop notification using 'notify2'
[34.828s] DEBUG:colcon.colcon_core.event_reactor:joined thread
[34.829s] INFO:colcon.colcon_core.shell:Creating prefix script '/home/mathijs/turtle_bot/install/local_setup.ps1'
[34.831s] INFO:colcon.colcon_core.shell:Creating prefix util module '/home/mathijs/turtle_bot/install/_local_setup_util_ps1.py'
[34.833s] INFO:colcon.colcon_core.shell:Creating prefix chain script '/home/mathijs/turtle_bot/install/setup.ps1'
[34.836s] INFO:colcon.colcon_core.shell:Creating prefix script '/home/mathijs/turtle_bot/install/local_setup.sh'
[34.837s] INFO:colcon.colcon_core.shell:Creating prefix util module '/home/mathijs/turtle_bot/install/_local_setup_util_sh.py'
[34.838s] INFO:colcon.colcon_core.shell:Creating prefix chain script '/home/mathijs/turtle_bot/install/setup.sh'
[34.840s] INFO:colcon.colcon_core.shell:Creating prefix script '/home/mathijs/turtle_bot/install/local_setup.bash'
[34.841s] INFO:colcon.colcon_core.shell:Creating prefix chain script '/home/mathijs/turtle_bot/install/setup.bash'
[34.843s] INFO:colcon.colcon_core.shell:Creating prefix script '/home/mathijs/turtle_bot/install/local_setup.zsh'
[34.844s] INFO:colcon.colcon_core.shell:Creating prefix chain script '/home/mathijs/turtle_bot/install/setup.zsh'
