[100%] Built target ekf_localization_node
-- Install configuration: ""
-- Up-to-date: /home/mathijs/turtle_bot/install/ekf_localization/lib/ekf_localization/ekf_localization_node
-- Up-to-date: /home/mathijs/turtle_bot/install/ekf_localization/share/ekf_localization/launch
-- Up-to-date: /home/mathijs/turtle_bot/install/ekf_localization/share/ekf_localization/launch/ekf_localization_launch.py
-- Up-to-date: /home/mathijs/turtle_bot/install/ekf_localization/share/ekf_localization/config
-- Installing: /home/mathijs/turtle_bot/install/ekf_localization/share/ekf_localization/config/params.yaml
-- Up-to-date: /home/mathijs/turtle_bot/install/ekf_localization/share/ament_index/resource_index/package_run_dependencies/ekf_localization
-- Up-to-date: /home/mathijs/turtle_bot/install/ekf_localization/share/ament_index/resource_index/parent_prefix_path/ekf_localization
-- Up-to-date: /home/mathijs/turtle_bot/install/ekf_localization/share/ekf_localization/environment/ament_prefix_path.sh
-- Up-to-date: /home/mathijs/turtle_bot/install/ekf_localization/share/ekf_localization/environment/ament_prefix_path.dsv
-- Up-to-date: /home/mathijs/turtle_bot/install/ekf_localization/share/ekf_localization/environment/path.sh
-- Up-to-date: /home/mathijs/turtle_bot/install/ekf_localization/share/ekf_localization/environment/path.dsv
-- Up-to-date: /home/mathijs/turtle_bot/install/ekf_localization/share/ekf_localization/local_setup.bash
-- Up-to-date: /home/mathijs/turtle_bot/install/ekf_localization/share/ekf_localization/local_setup.sh
-- Up-to-date: /home/mathijs/turtle_bot/install/ekf_localization/share/ekf_localization/local_setup.zsh
-- Up-to-date: /home/mathijs/turtle_bot/install/ekf_localization/share/ekf_localization/local_setup.dsv
-- Installing: /home/mathijs/turtle_bot/install/ekf_localization/share/ekf_localization/package.dsv
-- Up-to-date: /home/mathijs/turtle_bot/install/ekf_localization/share/ament_index/resource_index/packages/ekf_localization
-- Up-to-date: /home/mathijs/turtle_bot/install/ekf_localization/share/ekf_localization/cmake/ekf_localizationConfig.cmake
-- Up-to-date: /home/mathijs/turtle_bot/install/ekf_localization/share/ekf_localization/cmake/ekf_localizationConfig-version.cmake
-- Up-to-date: /home/mathijs/turtle_bot/install/ekf_localization/share/ekf_localization/package.xml
