[0.065s] Invoking command in '/home/mathijs/turtle_bot/build/sensor_simulation': CMAKE_PREFIX_PATH=/opt/ros/humble /usr/bin/cmake --build /home/mathijs/turtle_bot/build/sensor_simulation -- -j12 -l12
[0.617s] [100%] Built target sensor_simulation_node
[0.655s] Invoked command in '/home/mathijs/turtle_bot/build/sensor_simulation' returned '0': CMAKE_PREFIX_PATH=/opt/ros/humble /usr/bin/cmake --build /home/mathijs/turtle_bot/build/sensor_simulation -- -j12 -l12
[0.656s] Invoking command in '/home/mathijs/turtle_bot/build/sensor_simulation': CMAKE_PREFIX_PATH=/opt/ros/humble /usr/bin/cmake --install /home/mathijs/turtle_bot/build/sensor_simulation
[0.674s] -- Install configuration: ""
[0.674s] -- Execute custom install script
[0.675s] -- Up-to-date symlink: /home/mathijs/turtle_bot/install/sensor_simulation/lib/sensor_simulation/sensor_simulation_node
[0.675s] -- Up-to-date symlink: /home/mathijs/turtle_bot/install/sensor_simulation/share/ament_index/resource_index/package_run_dependencies/sensor_simulation
[0.679s] -- Up-to-date symlink: /home/mathijs/turtle_bot/install/sensor_simulation/share/ament_index/resource_index/parent_prefix_path/sensor_simulation
[0.684s] -- Up-to-date symlink: /home/mathijs/turtle_bot/install/sensor_simulation/share/sensor_simulation/environment/ament_prefix_path.sh
[0.684s] -- Up-to-date symlink: /home/mathijs/turtle_bot/install/sensor_simulation/share/sensor_simulation/environment/ament_prefix_path.dsv
[0.687s] -- Up-to-date symlink: /home/mathijs/turtle_bot/install/sensor_simulation/share/sensor_simulation/environment/path.sh
[0.687s] -- Up-to-date symlink: /home/mathijs/turtle_bot/install/sensor_simulation/share/sensor_simulation/environment/path.dsv
[0.687s] -- Up-to-date symlink: /home/mathijs/turtle_bot/install/sensor_simulation/share/sensor_simulation/local_setup.bash
[0.691s] -- Up-to-date symlink: /home/mathijs/turtle_bot/install/sensor_simulation/share/sensor_simulation/local_setup.sh
[0.694s] -- Up-to-date symlink: /home/mathijs/turtle_bot/install/sensor_simulation/share/sensor_simulation/local_setup.zsh
[0.695s] -- Up-to-date symlink: /home/mathijs/turtle_bot/install/sensor_simulation/share/sensor_simulation/local_setup.dsv
[0.695s] -- Symlinking: /home/mathijs/turtle_bot/install/sensor_simulation/share/sensor_simulation/package.dsv
[0.706s] -- Up-to-date symlink: /home/mathijs/turtle_bot/install/sensor_simulation/share/ament_index/resource_index/packages/sensor_simulation
[0.707s] -- Up-to-date symlink: /home/mathijs/turtle_bot/install/sensor_simulation/share/sensor_simulation/cmake/sensor_simulationConfig.cmake
[0.712s] -- Up-to-date symlink: /home/mathijs/turtle_bot/install/sensor_simulation/share/sensor_simulation/cmake/sensor_simulationConfig-version.cmake
[0.712s] -- Up-to-date symlink: /home/mathijs/turtle_bot/install/sensor_simulation/share/sensor_simulation/package.xml
[0.764s] Invoked command in '/home/mathijs/turtle_bot/build/sensor_simulation' returned '0': CMAKE_PREFIX_PATH=/opt/ros/humble /usr/bin/cmake --install /home/mathijs/turtle_bot/build/sensor_simulation
